mode: atomic
gin-artweb/main.go:42.13,56.17 7 0
gin-artweb/main.go:56.17,66.3 9 0
gin-artweb/main.go:68.2,68.58 1 0
gin-artweb/main.go:68.58,69.62 1 0
gin-artweb/main.go:69.62,71.4 1 0
gin-artweb/main.go:75.2,75.100 1 0
gin-artweb/main.go:75.100,77.3 1 0
gin-artweb/main.go:79.2,79.33 1 0
gin-artweb/main.go:79.33,81.3 1 0
gin-artweb/main.go:82.2,97.13 8 0
gin-artweb/main.go:97.13,99.17 2 0
gin-artweb/main.go:99.17,101.4 1 0
gin-artweb/main.go:102.3,102.16 1 0
gin-artweb/main.go:102.16,103.51 1 0
gin-artweb/main.go:103.51,105.5 1 0
gin-artweb/main.go:108.3,108.49 1 0
gin-artweb/main.go:108.49,110.4 1 0
gin-artweb/main.go:111.3,112.9 2 0
gin-artweb/main.go:115.2,115.23 1 0
gin-artweb/main.go:115.23,117.57 1 0
gin-artweb/main.go:117.57,119.4 1 0
gin-artweb/main.go:122.3,123.17 2 0
gin-artweb/main.go:123.17,125.4 1 0
gin-artweb/main.go:126.3,126.16 1 0
gin-artweb/main.go:126.16,127.51 1 0
gin-artweb/main.go:127.51,129.5 1 0
gin-artweb/main.go:133.3,133.85 1 0
gin-artweb/main.go:133.85,135.4 1 0
gin-artweb/main.go:137.3,138.9 2 0
gin-artweb/main.go:142.2,143.16 2 0
gin-artweb/main.go:143.16,144.13 1 0
gin-artweb/main.go:146.2,157.22 5 0
gin-artweb/main.go:157.22,159.3 1 0
gin-artweb/main.go:162.2,172.12 2 0
gin-artweb/main.go:172.12,175.31 2 0
gin-artweb/main.go:175.31,181.62 3 0
gin-artweb/main.go:181.62,183.19 2 0
gin-artweb/main.go:186.4,186.62 1 0
gin-artweb/main.go:186.62,188.19 2 0
gin-artweb/main.go:192.4,196.49 2 0
gin-artweb/main.go:197.9,201.4 2 0
gin-artweb/main.go:204.3,204.48 1 0
gin-artweb/main.go:204.48,206.14 2 0
gin-artweb/main.go:211.2,234.42 8 0
gin-artweb/main.go:234.42,236.3 1 0
gin-artweb/main.go:239.2,239.43 1 0
gin-artweb/main.go:242.54,245.55 3 0
gin-artweb/main.go:245.55,247.3 1 0
gin-artweb/main.go:248.2,248.35 1 0
gin-artweb/main.go:248.35,250.3 1 0
gin-artweb/main.go:251.2,251.58 1 0
gin-artweb/main.go:251.58,252.47 1 0
gin-artweb/main.go:252.47,254.4 1 0
gin-artweb/main.go:259.58,260.22 1 0
gin-artweb/main.go:260.22,262.3 1 0
gin-artweb/main.go:264.2,264.47 1 0
gin-artweb/main.go:264.47,265.25 1 0
gin-artweb/main.go:265.25,267.4 1 0
gin-artweb/main.go:268.3,268.79 1 0
gin-artweb/main.go:272.2,273.16 2 0
gin-artweb/main.go:273.16,275.3 1 0
gin-artweb/main.go:277.2,280.51 2 0
gin-artweb/main.go:280.51,282.3 1 0
gin-artweb/main.go:283.2,283.40 1 0
gin-artweb/main.go:283.40,285.3 1 0
gin-artweb/main.go:287.2,287.74 1 0
gin-artweb/main.go:287.74,289.3 1 0
gin-artweb/main.go:291.2,291.13 1 0
gin-artweb/main.go:299.106,311.16 3 0
gin-artweb/main.go:311.16,314.3 2 0
gin-artweb/main.go:317.2,337.16 7 0
gin-artweb/main.go:337.16,340.3 2 0
gin-artweb/main.go:343.2,352.13 1 0
gin-artweb/main.go:352.13,354.17 1 0
gin-artweb/main.go:354.17,359.12 4 0
gin-artweb/main.go:360.23,361.52 1 0
gin-artweb/main.go:362.40,363.82 1 0
gin-artweb/main.go:368.4,368.17 1 0
gin-artweb/main.go:368.17,370.52 2 0
gin-artweb/main.go:370.52,372.6 1 0
gin-artweb/main.go:373.5,373.55 1 0
gin-artweb/main.go:375.4,375.45 1 0
gin-artweb/main.go:379.60,382.26 2 0
gin-artweb/main.go:382.26,385.3 2 0
gin-artweb/main.go:386.2,387.50 2 0
gin-artweb/docs/docs.go:11591.13,11593.2 1 0
gin-artweb/internal/model/job/record.go:29.48,31.2 1 0
gin-artweb/internal/model/job/record.go:33.79,34.14 1 0
gin-artweb/internal/model/job/record.go:34.14,36.3 1 0
gin-artweb/internal/model/job/record.go:37.2,37.62 1 0
gin-artweb/internal/model/job/record.go:37.62,39.3 1 0
gin-artweb/internal/model/job/record.go:40.2,49.12 10 0
gin-artweb/internal/model/job/record.go:52.70,53.18 1 0
gin-artweb/internal/model/job/record.go:53.18,55.3 1 0
gin-artweb/internal/model/job/record.go:57.2,58.23 2 0
gin-artweb/internal/model/job/record.go:58.23,60.3 1 0
gin-artweb/internal/model/job/record.go:61.2,61.12 1 0
gin-artweb/internal/model/job/record.go:74.80,83.2 8 0
gin-artweb/internal/model/job/record.go:88.21,102.2 1 0
gin-artweb/internal/model/job/record.go:112.70,117.2 4 0
gin-artweb/internal/model/job/record.go:119.49,125.2 1 0
gin-artweb/internal/model/job/record.go:147.84,154.2 6 0
gin-artweb/internal/model/job/record.go:179.81,180.67 1 0
gin-artweb/internal/model/job/record.go:180.67,182.3 1 0
gin-artweb/internal/model/job/record.go:183.2,188.12 6 0
gin-artweb/internal/model/job/record.go:191.61,193.27 2 0
gin-artweb/internal/model/job/record.go:193.27,195.3 1 0
gin-artweb/internal/model/job/record.go:196.2,196.21 1 0
gin-artweb/internal/model/job/record.go:196.21,198.3 1 0
gin-artweb/internal/model/job/record.go:199.2,199.23 1 0
gin-artweb/internal/model/job/record.go:199.23,201.3 1 0
gin-artweb/internal/model/job/record.go:202.2,202.22 1 0
gin-artweb/internal/model/job/record.go:202.22,204.3 1 0
gin-artweb/internal/model/job/record.go:205.2,205.24 1 0
gin-artweb/internal/model/job/record.go:205.24,207.3 1 0
gin-artweb/internal/model/job/record.go:208.2,208.17 1 0
gin-artweb/internal/model/job/record.go:269.28,284.2 1 0
gin-artweb/internal/model/job/record.go:288.26,290.22 2 0
gin-artweb/internal/model/job/record.go:290.22,292.3 1 0
gin-artweb/internal/model/job/record.go:294.2,299.19 3 0
gin-artweb/internal/model/job/record.go:299.19,301.3 1 0
gin-artweb/internal/model/job/record.go:303.2,303.15 1 0
gin-artweb/internal/model/job/record.go:308.27,309.18 1 0
gin-artweb/internal/model/job/record.go:309.18,311.3 1 0
gin-artweb/internal/model/job/record.go:312.2,313.17 2 0
gin-artweb/internal/model/job/record.go:313.17,314.24 1 0
gin-artweb/internal/model/job/record.go:314.24,317.4 2 0
gin-artweb/internal/model/job/record.go:319.2,319.12 1 0
gin-artweb/internal/model/job/schedule.go:31.44,33.2 1 0
gin-artweb/internal/model/job/schedule.go:35.75,36.14 1 0
gin-artweb/internal/model/job/schedule.go:36.14,38.3 1 0
gin-artweb/internal/model/job/schedule.go:39.2,39.62 1 0
gin-artweb/internal/model/job/schedule.go:39.62,41.3 1 0
gin-artweb/internal/model/job/schedule.go:42.2,55.12 14 0
gin-artweb/internal/model/job/schedule.go:58.54,74.2 1 0
gin-artweb/internal/model/job/schedule.go:76.62,77.18 1 0
gin-artweb/internal/model/job/schedule.go:77.18,79.3 1 0
gin-artweb/internal/model/job/schedule.go:81.2,82.23 2 0
gin-artweb/internal/model/job/schedule.go:82.23,84.3 1 0
gin-artweb/internal/model/job/schedule.go:85.2,85.12 1 0
gin-artweb/internal/model/job/schedule.go:95.79,101.2 5 0
gin-artweb/internal/model/job/schedule.go:144.81,145.16 1 0
gin-artweb/internal/model/job/schedule.go:145.16,147.3 1 0
gin-artweb/internal/model/job/schedule.go:148.2,160.12 13 0
gin-artweb/internal/model/job/schedule.go:163.70,179.2 1 0
gin-artweb/internal/model/job/schedule.go:181.75,197.2 1 0
gin-artweb/internal/model/job/schedule.go:222.79,223.16 1 0
gin-artweb/internal/model/job/schedule.go:223.16,225.3 1 0
gin-artweb/internal/model/job/schedule.go:226.2,226.69 1 0
gin-artweb/internal/model/job/schedule.go:226.69,228.3 1 0
gin-artweb/internal/model/job/schedule.go:229.2,230.26 2 0
gin-artweb/internal/model/job/schedule.go:230.26,232.3 1 0
gin-artweb/internal/model/job/schedule.go:233.2,233.27 1 0
gin-artweb/internal/model/job/schedule.go:233.27,235.3 1 0
gin-artweb/internal/model/job/schedule.go:236.2,238.12 3 0
gin-artweb/internal/model/job/schedule.go:241.57,243.20 2 0
gin-artweb/internal/model/job/schedule.go:243.20,245.3 1 0
gin-artweb/internal/model/job/schedule.go:246.2,246.26 1 0
gin-artweb/internal/model/job/schedule.go:246.26,248.3 1 0
gin-artweb/internal/model/job/schedule.go:249.2,249.27 1 0
gin-artweb/internal/model/job/schedule.go:249.27,251.3 1 0
gin-artweb/internal/model/job/schedule.go:252.2,252.24 1 0
gin-artweb/internal/model/job/schedule.go:252.24,254.3 1 0
gin-artweb/internal/model/job/schedule.go:255.2,255.22 1 0
gin-artweb/internal/model/job/schedule.go:255.22,257.3 1 0
gin-artweb/internal/model/job/schedule.go:258.2,258.17 1 0
gin-artweb/internal/model/job/schedule.go:323.24,341.2 1 0
gin-artweb/internal/model/job/schedule.go:345.22,347.22 2 0
gin-artweb/internal/model/job/schedule.go:347.22,349.3 1 0
gin-artweb/internal/model/job/schedule.go:350.2,353.3 1 0
gin-artweb/internal/model/job/schedule.go:358.23,359.18 1 0
gin-artweb/internal/model/job/schedule.go:359.18,361.3 1 0
gin-artweb/internal/model/job/schedule.go:362.2,363.17 2 0
gin-artweb/internal/model/job/schedule.go:363.17,364.24 1 0
gin-artweb/internal/model/job/schedule.go:364.24,367.4 2 0
gin-artweb/internal/model/job/schedule.go:369.2,369.12 1 0
gin-artweb/internal/model/job/script.go:29.42,31.2 1 0
gin-artweb/internal/model/job/script.go:33.73,34.14 1 0
gin-artweb/internal/model/job/script.go:34.14,36.3 1 0
gin-artweb/internal/model/job/script.go:37.2,37.62 1 0
gin-artweb/internal/model/job/script.go:37.62,39.3 1 0
gin-artweb/internal/model/job/script.go:40.2,48.12 9 0
gin-artweb/internal/model/job/script.go:51.58,52.18 1 0
gin-artweb/internal/model/job/script.go:52.18,54.3 1 0
gin-artweb/internal/model/job/script.go:56.2,57.23 2 0
gin-artweb/internal/model/job/script.go:57.23,59.3 1 0
gin-artweb/internal/model/job/script.go:60.2,60.12 1 0
gin-artweb/internal/model/job/script.go:89.79,90.21 1 0
gin-artweb/internal/model/job/script.go:90.21,92.3 1 0
gin-artweb/internal/model/job/script.go:93.2,100.12 8 0
gin-artweb/internal/model/job/script.go:115.79,124.2 8 0
gin-artweb/internal/model/job/script.go:126.66,138.2 1 0
gin-artweb/internal/model/job/script.go:140.73,152.2 1 0
gin-artweb/internal/model/job/script.go:188.77,189.16 1 0
gin-artweb/internal/model/job/script.go:189.16,191.3 1 0
gin-artweb/internal/model/job/script.go:192.2,192.69 1 0
gin-artweb/internal/model/job/script.go:192.69,194.3 1 0
gin-artweb/internal/model/job/script.go:195.2,202.23 8 0
gin-artweb/internal/model/job/script.go:202.23,204.3 1 0
gin-artweb/internal/model/job/script.go:205.2,205.26 1 0
gin-artweb/internal/model/job/script.go:205.26,207.3 1 0
gin-artweb/internal/model/job/script.go:208.2,209.12 2 0
gin-artweb/internal/model/job/script.go:212.55,214.20 2 0
gin-artweb/internal/model/job/script.go:214.20,216.3 1 0
gin-artweb/internal/model/job/script.go:217.2,217.21 1 0
gin-artweb/internal/model/job/script.go:217.21,220.33 3 0
gin-artweb/internal/model/job/script.go:220.33,222.25 2 0
gin-artweb/internal/model/job/script.go:222.25,224.5 1 0
gin-artweb/internal/model/job/script.go:226.3,226.21 1 0
gin-artweb/internal/model/job/script.go:226.21,228.4 1 0
gin-artweb/internal/model/job/script.go:230.2,230.21 1 0
gin-artweb/internal/model/job/script.go:230.21,232.3 1 0
gin-artweb/internal/model/job/script.go:233.2,233.23 1 0
gin-artweb/internal/model/job/script.go:233.23,235.3 1 0
gin-artweb/internal/model/job/script.go:236.2,236.21 1 0
gin-artweb/internal/model/job/script.go:236.21,238.3 1 0
gin-artweb/internal/model/job/script.go:239.2,239.22 1 0
gin-artweb/internal/model/job/script.go:239.22,242.35 3 0
gin-artweb/internal/model/job/script.go:242.35,244.26 2 0
gin-artweb/internal/model/job/script.go:244.26,246.5 1 0
gin-artweb/internal/model/job/script.go:248.3,248.22 1 0
gin-artweb/internal/model/job/script.go:248.22,250.4 1 0
gin-artweb/internal/model/job/script.go:252.2,252.24 1 0
gin-artweb/internal/model/job/script.go:252.24,254.3 1 0
gin-artweb/internal/model/job/script.go:255.2,255.23 1 0
gin-artweb/internal/model/job/script.go:255.23,257.3 1 0
gin-artweb/internal/model/job/script.go:258.2,258.26 1 0
gin-artweb/internal/model/job/script.go:258.26,260.3 1 0
gin-artweb/internal/model/job/script.go:261.2,261.21 1 0
gin-artweb/internal/model/job/script.go:261.21,263.3 1 0
gin-artweb/internal/model/job/script.go:264.2,264.17 1 0
gin-artweb/internal/model/job/script.go:320.22,335.2 1 0
gin-artweb/internal/model/job/script.go:339.23,340.18 1 0
gin-artweb/internal/model/job/script.go:340.18,342.3 1 0
gin-artweb/internal/model/job/script.go:343.2,344.17 2 0
gin-artweb/internal/model/job/script.go:344.17,345.24 1 0
gin-artweb/internal/model/job/script.go:345.24,348.4 2 0
gin-artweb/internal/model/job/script.go:350.2,350.12 1 0
gin-artweb/internal/model/mds/colony.go:26.45,28.2 1 0
gin-artweb/internal/model/mds/colony.go:30.76,31.14 1 0
gin-artweb/internal/model/mds/colony.go:31.14,33.3 1 0
gin-artweb/internal/model/mds/colony.go:34.2,34.62 1 0
gin-artweb/internal/model/mds/colony.go:34.62,36.3 1 0
gin-artweb/internal/model/mds/colony.go:37.2,42.12 6 0
gin-artweb/internal/model/mds/colony.go:45.64,46.18 1 0
gin-artweb/internal/model/mds/colony.go:46.18,48.3 1 0
gin-artweb/internal/model/mds/colony.go:50.2,51.23 2 0
gin-artweb/internal/model/mds/colony.go:51.23,53.3 1 0
gin-artweb/internal/model/mds/colony.go:54.2,54.12 1 0
gin-artweb/internal/model/mds/colony.go:67.76,76.2 8 0
gin-artweb/internal/model/mds/colony.go:98.81,105.2 6 0
gin-artweb/internal/model/mds/colony.go:107.57,115.2 1 0
gin-artweb/internal/model/mds/colony.go:117.61,125.2 1 0
gin-artweb/internal/model/mds/colony.go:150.80,151.69 1 0
gin-artweb/internal/model/mds/colony.go:151.69,153.3 1 0
gin-artweb/internal/model/mds/colony.go:154.2,156.25 3 0
gin-artweb/internal/model/mds/colony.go:156.25,158.3 1 0
gin-artweb/internal/model/mds/colony.go:159.2,161.12 3 0
gin-artweb/internal/model/mds/colony.go:164.58,166.25 2 0
gin-artweb/internal/model/mds/colony.go:166.25,168.3 1 0
gin-artweb/internal/model/mds/colony.go:169.2,169.29 1 0
gin-artweb/internal/model/mds/colony.go:169.29,171.3 1 0
gin-artweb/internal/model/mds/colony.go:172.2,172.25 1 0
gin-artweb/internal/model/mds/colony.go:172.25,174.3 1 0
gin-artweb/internal/model/mds/colony.go:175.2,175.23 1 0
gin-artweb/internal/model/mds/colony.go:175.23,177.3 1 0
gin-artweb/internal/model/mds/colony.go:178.2,178.23 1 0
gin-artweb/internal/model/mds/colony.go:178.23,180.3 1 0
gin-artweb/internal/model/mds/colony.go:181.2,181.17 1 0
gin-artweb/internal/model/mds/colony.go:238.21,245.2 1 0
gin-artweb/internal/model/mds/colony.go:249.25,255.2 1 0
gin-artweb/internal/model/mds/colony.go:259.23,265.2 1 0
gin-artweb/internal/model/mds/colony.go:269.24,270.18 1 0
gin-artweb/internal/model/mds/colony.go:270.18,272.3 1 0
gin-artweb/internal/model/mds/colony.go:273.2,274.17 2 0
gin-artweb/internal/model/mds/colony.go:274.17,275.24 1 0
gin-artweb/internal/model/mds/colony.go:275.24,278.4 2 0
gin-artweb/internal/model/mds/colony.go:280.2,280.12 1 0
gin-artweb/internal/model/mds/cron.go:18.43,20.2 1 0
gin-artweb/internal/model/mds/cron.go:22.74,23.14 1 0
gin-artweb/internal/model/mds/cron.go:23.14,25.3 1 0
gin-artweb/internal/model/mds/cron.go:26.2,26.58 1 0
gin-artweb/internal/model/mds/cron.go:26.58,28.3 1 0
gin-artweb/internal/model/mds/cron.go:29.2,31.12 3 0
gin-artweb/internal/model/mds/cron.go:34.60,35.18 1 0
gin-artweb/internal/model/mds/cron.go:35.18,37.3 1 0
gin-artweb/internal/model/mds/cron.go:39.2,40.23 2 0
gin-artweb/internal/model/mds/cron.go:40.23,42.3 1 0
gin-artweb/internal/model/mds/cron.go:43.2,43.12 1 0
gin-artweb/internal/model/mds/node.go:23.43,25.2 1 0
gin-artweb/internal/model/mds/node.go:27.74,28.14 1 0
gin-artweb/internal/model/mds/node.go:28.14,30.3 1 0
gin-artweb/internal/model/mds/node.go:31.2,31.62 1 0
gin-artweb/internal/model/mds/node.go:31.62,33.3 1 0
gin-artweb/internal/model/mds/node.go:34.2,38.12 5 0
gin-artweb/internal/model/mds/node.go:41.60,42.18 1 0
gin-artweb/internal/model/mds/node.go:42.18,44.3 1 0
gin-artweb/internal/model/mds/node.go:46.2,47.23 2 0
gin-artweb/internal/model/mds/node.go:47.23,49.3 1 0
gin-artweb/internal/model/mds/node.go:50.2,50.12 1 0
gin-artweb/internal/model/mds/node.go:61.74,68.2 6 0
gin-artweb/internal/model/mds/node.go:87.80,93.2 5 0
gin-artweb/internal/model/mds/node.go:95.53,102.2 1 0
gin-artweb/internal/model/mds/node.go:104.59,111.2 1 0
gin-artweb/internal/model/mds/node.go:133.78,134.69 1 0
gin-artweb/internal/model/mds/node.go:134.69,136.3 1 0
gin-artweb/internal/model/mds/node.go:137.2,138.25 2 0
gin-artweb/internal/model/mds/node.go:138.25,140.3 1 0
gin-artweb/internal/model/mds/node.go:141.2,143.12 3 0
gin-artweb/internal/model/mds/node.go:146.56,148.24 2 0
gin-artweb/internal/model/mds/node.go:148.24,150.3 1 0
gin-artweb/internal/model/mds/node.go:151.2,151.25 1 0
gin-artweb/internal/model/mds/node.go:151.25,153.3 1 0
gin-artweb/internal/model/mds/node.go:154.2,154.25 1 0
gin-artweb/internal/model/mds/node.go:154.25,156.3 1 0
gin-artweb/internal/model/mds/node.go:157.2,157.20 1 0
gin-artweb/internal/model/mds/node.go:157.20,159.3 1 0
gin-artweb/internal/model/mds/node.go:160.2,160.17 1 0
gin-artweb/internal/model/mds/node.go:202.19,208.2 1 0
gin-artweb/internal/model/mds/node.go:212.23,218.2 1 0
gin-artweb/internal/model/mds/node.go:222.21,228.2 1 0
gin-artweb/internal/model/mds/node.go:232.22,233.18 1 0
gin-artweb/internal/model/mds/node.go:233.18,235.3 1 0
gin-artweb/internal/model/mds/node.go:236.2,237.17 2 0
gin-artweb/internal/model/mds/node.go:237.17,238.24 1 0
gin-artweb/internal/model/mds/node.go:238.24,241.4 2 0
gin-artweb/internal/model/mds/node.go:243.2,243.12 1 0
gin-artweb/internal/model/mds/task.go:20.74,24.2 3 0
gin-artweb/internal/model/mds/task.go:34.58,36.2 1 0
gin-artweb/internal/model/mds/task.go:38.59,40.2 1 0
gin-artweb/internal/model/mds/task.go:42.85,44.41 2 0
gin-artweb/internal/model/mds/task.go:44.41,46.3 1 0
gin-artweb/internal/model/mds/task.go:47.2,47.12 1 0
gin-artweb/internal/model/mds/task.go:50.64,53.31 3 0
gin-artweb/internal/model/mds/task.go:53.31,54.14 1 0
gin-artweb/internal/model/mds/task.go:54.14,56.4 1 0
gin-artweb/internal/model/mds/task.go:58.2,58.17 1 0
gin-artweb/internal/model/mds/task.go:69.89,71.20 2 0
gin-artweb/internal/model/mds/task.go:71.20,72.55 1 0
gin-artweb/internal/model/mds/task.go:72.55,74.4 1 0
gin-artweb/internal/model/mds/task.go:76.2,76.20 1 0
gin-artweb/internal/model/mds/task.go:76.20,77.55 1 0
gin-artweb/internal/model/mds/task.go:77.55,79.4 1 0
gin-artweb/internal/model/mds/task.go:81.2,81.20 1 0
gin-artweb/internal/model/mds/task.go:81.20,82.55 1 0
gin-artweb/internal/model/mds/task.go:82.55,84.4 1 0
gin-artweb/internal/model/mds/task.go:86.2,86.21 1 0
gin-artweb/internal/model/mds/task.go:86.21,87.57 1 0
gin-artweb/internal/model/mds/task.go:87.57,89.4 1 0
gin-artweb/internal/model/mds/task.go:91.2,91.12 1 0
gin-artweb/internal/model/common/query.go:36.78,37.16 1 0
gin-artweb/internal/model/common/query.go:37.16,39.3 1 0
gin-artweb/internal/model/common/query.go:40.2,44.12 5 0
gin-artweb/internal/model/common/query.go:47.52,49.14 2 0
gin-artweb/internal/model/common/query.go:49.14,51.3 1 0
gin-artweb/internal/model/common/query.go:52.2,53.14 2 0
gin-artweb/internal/model/common/query.go:53.14,55.3 1 0
gin-artweb/internal/model/common/query.go:56.2,56.27 1 0
gin-artweb/internal/model/common/query.go:56.27,58.3 1 0
gin-artweb/internal/model/common/query.go:59.2,59.19 1 0
gin-artweb/internal/model/common/query.go:62.59,64.14 2 0
gin-artweb/internal/model/common/query.go:64.14,66.3 1 0
gin-artweb/internal/model/common/query.go:67.2,67.17 1 0
gin-artweb/internal/model/common/query.go:67.17,69.19 2 0
gin-artweb/internal/model/common/query.go:69.19,71.4 1 0
gin-artweb/internal/model/common/query.go:73.2,73.17 1 0
gin-artweb/internal/model/common/query.go:96.82,97.16 1 0
gin-artweb/internal/model/common/query.go:97.16,99.3 1 0
gin-artweb/internal/model/common/query.go:100.2,100.65 1 0
gin-artweb/internal/model/common/query.go:100.65,102.3 1 0
gin-artweb/internal/model/common/query.go:103.2,107.12 5 0
gin-artweb/internal/model/common/query.go:110.63,112.28 2 0
gin-artweb/internal/model/common/query.go:112.28,114.17 2 0
gin-artweb/internal/model/common/query.go:114.17,116.4 1 0
gin-artweb/internal/model/common/query.go:118.2,118.27 1 0
gin-artweb/internal/model/common/query.go:118.27,120.17 2 0
gin-artweb/internal/model/common/query.go:120.17,122.4 1 0
gin-artweb/internal/model/common/query.go:124.2,124.28 1 0
gin-artweb/internal/model/common/query.go:124.28,126.17 2 0
gin-artweb/internal/model/common/query.go:126.17,128.4 1 0
gin-artweb/internal/model/common/query.go:130.2,130.27 1 0
gin-artweb/internal/model/common/query.go:130.27,132.17 2 0
gin-artweb/internal/model/common/query.go:132.17,134.4 1 0
gin-artweb/internal/model/common/query.go:136.2,136.14 1 0
gin-artweb/internal/model/common/query.go:139.46,141.15 2 0
gin-artweb/internal/model/common/query.go:141.15,143.3 1 0
gin-artweb/internal/model/common/query.go:144.2,146.28 3 0
gin-artweb/internal/model/common/query.go:146.28,148.15 2 0
gin-artweb/internal/model/common/query.go:148.15,149.12 1 0
gin-artweb/internal/model/common/query.go:151.3,152.17 2 0
gin-artweb/internal/model/common/query.go:152.17,153.12 1 0
gin-artweb/internal/model/common/query.go:155.3,155.35 1 0
gin-artweb/internal/model/common/query.go:157.2,157.12 1 0
gin-artweb/internal/model/common/response.go:42.68,44.29 2 0
gin-artweb/internal/model/common/response.go:44.29,46.3 1 0
gin-artweb/internal/model/common/response.go:46.8,49.3 2 0
gin-artweb/internal/model/common/response.go:50.2,56.3 1 0
gin-artweb/internal/model/mon/node.go:24.43,26.2 1 0
gin-artweb/internal/model/mon/node.go:28.74,29.62 1 0
gin-artweb/internal/model/mon/node.go:29.62,31.3 1 0
gin-artweb/internal/model/mon/node.go:32.2,38.12 7 0
gin-artweb/internal/model/mon/node.go:41.60,42.18 1 0
gin-artweb/internal/model/mon/node.go:42.18,44.3 1 0
gin-artweb/internal/model/mon/node.go:46.2,47.23 2 0
gin-artweb/internal/model/mon/node.go:47.23,49.3 1 0
gin-artweb/internal/model/mon/node.go:50.2,50.12 1 0
gin-artweb/internal/model/mon/node.go:63.74,72.2 8 0
gin-artweb/internal/model/mon/node.go:74.57,84.2 1 0
gin-artweb/internal/model/mon/node.go:109.80,117.2 7 0
gin-artweb/internal/model/mon/node.go:119.53,128.2 1 0
gin-artweb/internal/model/mon/node.go:130.59,139.2 1 0
gin-artweb/internal/model/mon/node.go:155.78,156.69 1 0
gin-artweb/internal/model/mon/node.go:156.69,158.3 1 0
gin-artweb/internal/model/mon/node.go:159.2,161.12 3 0
gin-artweb/internal/model/mon/node.go:164.56,166.20 2 0
gin-artweb/internal/model/mon/node.go:166.20,168.3 1 0
gin-artweb/internal/model/mon/node.go:169.2,169.20 1 0
gin-artweb/internal/model/mon/node.go:169.20,171.3 1 0
gin-artweb/internal/model/mon/node.go:172.2,172.17 1 0
gin-artweb/internal/model/mon/node.go:220.19,229.2 1 0
gin-artweb/internal/model/mon/node.go:233.23,239.2 1 0
gin-artweb/internal/model/mon/node.go:243.21,248.2 1 0
gin-artweb/internal/model/mon/node.go:252.22,253.18 1 0
gin-artweb/internal/model/mon/node.go:253.18,255.3 1 0
gin-artweb/internal/model/mon/node.go:256.2,257.17 2 0
gin-artweb/internal/model/mon/node.go:257.17,258.24 1 0
gin-artweb/internal/model/mon/node.go:258.24,261.4 2 0
gin-artweb/internal/model/mon/node.go:263.2,263.12 1 0
gin-artweb/internal/model/migrator.go:14.39,47.2 1 0
gin-artweb/internal/model/oes/agw.go:25.42,27.2 1 0
gin-artweb/internal/model/oes/agw.go:29.73,30.62 1 0
gin-artweb/internal/model/oes/agw.go:30.62,32.3 1 0
gin-artweb/internal/model/oes/agw.go:33.2,37.12 5 0
gin-artweb/internal/model/oes/agw.go:40.55,41.18 1 0
gin-artweb/internal/model/oes/agw.go:41.18,43.3 1 0
gin-artweb/internal/model/oes/agw.go:45.2,46.23 2 0
gin-artweb/internal/model/oes/agw.go:46.23,48.3 1 0
gin-artweb/internal/model/oes/agw.go:49.2,49.12 1 0
gin-artweb/internal/model/oes/agw.go:60.73,67.2 6 0
gin-artweb/internal/model/oes/agw.go:69.50,77.2 1 0
gin-artweb/internal/model/oes/agw.go:93.76,99.2 5 0
gin-artweb/internal/model/oes/agw.go:101.48,108.2 1 0
gin-artweb/internal/model/oes/agw.go:110.55,117.2 1 0
gin-artweb/internal/model/oes/agw.go:132.74,133.69 1 0
gin-artweb/internal/model/oes/agw.go:133.69,135.3 1 0
gin-artweb/internal/model/oes/agw.go:136.2,139.12 4 0
gin-artweb/internal/model/oes/agw.go:142.52,144.20 2 0
gin-artweb/internal/model/oes/agw.go:144.20,146.3 1 0
gin-artweb/internal/model/oes/agw.go:147.2,147.20 1 0
gin-artweb/internal/model/oes/agw.go:147.20,149.3 1 0
gin-artweb/internal/model/oes/agw.go:150.2,150.23 1 0
gin-artweb/internal/model/oes/agw.go:150.23,152.3 1 0
gin-artweb/internal/model/oes/agw.go:153.2,153.17 1 0
gin-artweb/internal/model/oes/agw.go:195.15,201.2 1 0
gin-artweb/internal/model/oes/agw.go:205.19,211.2 1 0
gin-artweb/internal/model/oes/agw.go:215.17,221.2 1 0
gin-artweb/internal/model/oes/agw.go:225.18,226.18 1 0
gin-artweb/internal/model/oes/agw.go:226.18,228.3 1 0
gin-artweb/internal/model/oes/agw.go:229.2,230.17 2 0
gin-artweb/internal/model/oes/agw.go:230.17,231.24 1 0
gin-artweb/internal/model/oes/agw.go:231.24,234.4 2 0
gin-artweb/internal/model/oes/agw.go:236.2,236.12 1 0
gin-artweb/internal/model/oes/colony.go:29.45,31.2 1 0
gin-artweb/internal/model/oes/colony.go:33.76,34.14 1 0
gin-artweb/internal/model/oes/colony.go:34.14,36.3 1 0
gin-artweb/internal/model/oes/colony.go:37.2,37.62 1 0
gin-artweb/internal/model/oes/colony.go:37.62,39.3 1 0
gin-artweb/internal/model/oes/colony.go:40.2,47.12 8 0
gin-artweb/internal/model/oes/colony.go:50.64,51.18 1 0
gin-artweb/internal/model/oes/colony.go:51.18,53.3 1 0
gin-artweb/internal/model/oes/colony.go:55.2,56.23 2 0
gin-artweb/internal/model/oes/colony.go:56.23,58.3 1 0
gin-artweb/internal/model/oes/colony.go:59.2,59.12 1 0
gin-artweb/internal/model/oes/colony.go:73.76,82.2 8 0
gin-artweb/internal/model/oes/colony.go:110.82,111.16 1 0
gin-artweb/internal/model/oes/colony.go:111.16,113.3 1 0
gin-artweb/internal/model/oes/colony.go:114.2,121.12 8 0
gin-artweb/internal/model/oes/colony.go:124.57,134.2 1 0
gin-artweb/internal/model/oes/colony.go:136.61,146.2 1 0
gin-artweb/internal/model/oes/colony.go:177.80,178.69 1 0
gin-artweb/internal/model/oes/colony.go:178.69,180.3 1 0
gin-artweb/internal/model/oes/colony.go:181.2,184.25 4 0
gin-artweb/internal/model/oes/colony.go:184.25,186.3 1 0
gin-artweb/internal/model/oes/colony.go:187.2,190.12 4 0
gin-artweb/internal/model/oes/colony.go:193.58,195.26 2 0
gin-artweb/internal/model/oes/colony.go:195.26,197.3 1 0
gin-artweb/internal/model/oes/colony.go:198.2,198.25 1 0
gin-artweb/internal/model/oes/colony.go:198.25,200.3 1 0
gin-artweb/internal/model/oes/colony.go:201.2,201.29 1 0
gin-artweb/internal/model/oes/colony.go:201.29,203.3 1 0
gin-artweb/internal/model/oes/colony.go:204.2,204.25 1 0
gin-artweb/internal/model/oes/colony.go:204.25,206.3 1 0
gin-artweb/internal/model/oes/colony.go:207.2,207.23 1 0
gin-artweb/internal/model/oes/colony.go:207.23,209.3 1 0
gin-artweb/internal/model/oes/colony.go:210.2,210.24 1 0
gin-artweb/internal/model/oes/colony.go:210.24,212.3 1 0
gin-artweb/internal/model/oes/colony.go:213.2,213.23 1 0
gin-artweb/internal/model/oes/colony.go:213.23,215.3 1 0
gin-artweb/internal/model/oes/colony.go:216.2,216.17 1 0
gin-artweb/internal/model/oes/colony.go:279.21,287.2 1 0
gin-artweb/internal/model/oes/colony.go:291.25,297.2 1 0
gin-artweb/internal/model/oes/colony.go:301.23,308.2 1 0
gin-artweb/internal/model/oes/colony.go:312.24,313.18 1 0
gin-artweb/internal/model/oes/colony.go:313.18,315.3 1 0
gin-artweb/internal/model/oes/colony.go:316.2,317.17 2 0
gin-artweb/internal/model/oes/colony.go:317.17,318.24 1 0
gin-artweb/internal/model/oes/colony.go:318.24,321.4 2 0
gin-artweb/internal/model/oes/colony.go:323.2,323.12 1 0
gin-artweb/internal/model/oes/cron.go:18.43,20.2 1 0
gin-artweb/internal/model/oes/cron.go:22.74,23.14 1 0
gin-artweb/internal/model/oes/cron.go:23.14,25.3 1 0
gin-artweb/internal/model/oes/cron.go:26.2,26.58 1 0
gin-artweb/internal/model/oes/cron.go:26.58,28.3 1 0
gin-artweb/internal/model/oes/cron.go:29.2,31.12 3 0
gin-artweb/internal/model/oes/cron.go:34.60,35.18 1 0
gin-artweb/internal/model/oes/cron.go:35.18,37.3 1 0
gin-artweb/internal/model/oes/cron.go:39.2,40.23 2 0
gin-artweb/internal/model/oes/cron.go:40.23,42.3 1 0
gin-artweb/internal/model/oes/cron.go:43.2,43.12 1 0
gin-artweb/internal/model/oes/node.go:23.43,25.2 1 0
gin-artweb/internal/model/oes/node.go:27.74,28.14 1 0
gin-artweb/internal/model/oes/node.go:28.14,30.3 1 0
gin-artweb/internal/model/oes/node.go:31.2,31.62 1 0
gin-artweb/internal/model/oes/node.go:31.62,33.3 1 0
gin-artweb/internal/model/oes/node.go:34.2,38.12 5 0
gin-artweb/internal/model/oes/node.go:41.60,42.18 1 0
gin-artweb/internal/model/oes/node.go:42.18,44.3 1 0
gin-artweb/internal/model/oes/node.go:46.2,47.23 2 0
gin-artweb/internal/model/oes/node.go:47.23,49.3 1 0
gin-artweb/internal/model/oes/node.go:50.2,50.12 1 0
gin-artweb/internal/model/oes/node.go:61.74,68.2 6 0
gin-artweb/internal/model/oes/node.go:87.79,93.2 5 0
gin-artweb/internal/model/oes/node.go:95.52,102.2 1 0
gin-artweb/internal/model/oes/node.go:104.58,111.2 1 0
gin-artweb/internal/model/oes/node.go:133.78,134.69 1 0
gin-artweb/internal/model/oes/node.go:134.69,136.3 1 0
gin-artweb/internal/model/oes/node.go:137.2,138.25 2 0
gin-artweb/internal/model/oes/node.go:138.25,140.3 1 0
gin-artweb/internal/model/oes/node.go:141.2,143.12 3 0
gin-artweb/internal/model/oes/node.go:146.56,148.24 2 0
gin-artweb/internal/model/oes/node.go:148.24,150.3 1 0
gin-artweb/internal/model/oes/node.go:151.2,151.25 1 0
gin-artweb/internal/model/oes/node.go:151.25,153.3 1 0
gin-artweb/internal/model/oes/node.go:154.2,154.25 1 0
gin-artweb/internal/model/oes/node.go:154.25,156.3 1 0
gin-artweb/internal/model/oes/node.go:157.2,157.20 1 0
gin-artweb/internal/model/oes/node.go:157.20,159.3 1 0
gin-artweb/internal/model/oes/node.go:160.2,160.17 1 0
gin-artweb/internal/model/oes/node.go:194.19,200.2 1 0
gin-artweb/internal/model/oes/node.go:204.23,210.2 1 0
gin-artweb/internal/model/oes/node.go:214.21,220.2 1 0
gin-artweb/internal/model/oes/node.go:224.22,225.18 1 0
gin-artweb/internal/model/oes/node.go:225.18,227.3 1 0
gin-artweb/internal/model/oes/node.go:228.2,229.17 2 0
gin-artweb/internal/model/oes/node.go:229.17,230.24 1 0
gin-artweb/internal/model/oes/node.go:230.24,233.4 2 0
gin-artweb/internal/model/oes/node.go:235.2,235.12 1 0
gin-artweb/internal/model/oes/task.go:20.74,24.2 3 0
gin-artweb/internal/model/oes/task.go:37.58,39.2 1 0
gin-artweb/internal/model/oes/task.go:41.59,43.2 1 0
gin-artweb/internal/model/oes/task.go:45.85,47.41 2 0
gin-artweb/internal/model/oes/task.go:47.41,49.3 1 0
gin-artweb/internal/model/oes/task.go:50.2,50.12 1 0
gin-artweb/internal/model/oes/task.go:53.64,56.31 3 0
gin-artweb/internal/model/oes/task.go:56.31,57.14 1 0
gin-artweb/internal/model/oes/task.go:57.14,59.4 1 0
gin-artweb/internal/model/oes/task.go:61.2,61.17 1 0
gin-artweb/internal/model/oes/task.go:75.89,77.20 2 0
gin-artweb/internal/model/oes/task.go:77.20,78.55 1 0
gin-artweb/internal/model/oes/task.go:78.55,80.4 1 0
gin-artweb/internal/model/oes/task.go:82.2,82.29 1 0
gin-artweb/internal/model/oes/task.go:82.29,83.74 1 0
gin-artweb/internal/model/oes/task.go:83.74,85.4 1 0
gin-artweb/internal/model/oes/task.go:87.2,87.34 1 0
gin-artweb/internal/model/oes/task.go:87.34,88.84 1 0
gin-artweb/internal/model/oes/task.go:88.84,90.4 1 0
gin-artweb/internal/model/oes/task.go:92.2,92.20 1 0
gin-artweb/internal/model/oes/task.go:92.20,93.55 1 0
gin-artweb/internal/model/oes/task.go:93.55,95.4 1 0
gin-artweb/internal/model/oes/task.go:97.2,97.20 1 0
gin-artweb/internal/model/oes/task.go:97.20,98.55 1 0
gin-artweb/internal/model/oes/task.go:98.55,100.4 1 0
gin-artweb/internal/model/oes/task.go:102.2,102.21 1 0
gin-artweb/internal/model/oes/task.go:102.21,103.57 1 0
gin-artweb/internal/model/oes/task.go:103.57,105.4 1 0
gin-artweb/internal/model/oes/task.go:107.2,107.21 1 0
gin-artweb/internal/model/oes/task.go:107.21,108.57 1 0
gin-artweb/internal/model/oes/task.go:108.57,110.4 1 0
gin-artweb/internal/model/oes/task.go:112.2,112.12 1 0
gin-artweb/internal/model/oes/task.go:127.58,129.2 1 0
gin-artweb/internal/model/oes/task.go:131.59,133.2 1 0
gin-artweb/internal/model/oes/task.go:135.85,137.41 2 0
gin-artweb/internal/model/oes/task.go:137.41,139.3 1 0
gin-artweb/internal/model/oes/task.go:140.2,140.12 1 0
gin-artweb/internal/model/oes/task.go:143.64,146.31 3 0
gin-artweb/internal/model/oes/task.go:146.31,147.14 1 0
gin-artweb/internal/model/oes/task.go:147.14,149.4 1 0
gin-artweb/internal/model/oes/task.go:151.2,151.17 1 0
gin-artweb/internal/model/oes/task.go:166.89,168.20 2 0
gin-artweb/internal/model/oes/task.go:168.20,169.55 1 0
gin-artweb/internal/model/oes/task.go:169.55,171.4 1 0
gin-artweb/internal/model/oes/task.go:173.2,173.29 1 0
gin-artweb/internal/model/oes/task.go:173.29,174.74 1 0
gin-artweb/internal/model/oes/task.go:174.74,176.4 1 0
gin-artweb/internal/model/oes/task.go:178.2,178.34 1 0
gin-artweb/internal/model/oes/task.go:178.34,179.84 1 0
gin-artweb/internal/model/oes/task.go:179.84,181.4 1 0
gin-artweb/internal/model/oes/task.go:183.2,183.20 1 0
gin-artweb/internal/model/oes/task.go:183.20,184.55 1 0
gin-artweb/internal/model/oes/task.go:184.55,186.4 1 0
gin-artweb/internal/model/oes/task.go:188.2,188.21 1 0
gin-artweb/internal/model/oes/task.go:188.21,189.57 1 0
gin-artweb/internal/model/oes/task.go:189.57,191.4 1 0
gin-artweb/internal/model/oes/task.go:193.2,193.21 1 0
gin-artweb/internal/model/oes/task.go:193.21,194.57 1 0
gin-artweb/internal/model/oes/task.go:194.57,196.4 1 0
gin-artweb/internal/model/oes/task.go:198.2,198.24 1 0
gin-artweb/internal/model/oes/task.go:198.24,199.64 1 0
gin-artweb/internal/model/oes/task.go:199.64,201.4 1 0
gin-artweb/internal/model/oes/task.go:203.2,203.25 1 0
gin-artweb/internal/model/oes/task.go:203.25,204.66 1 0
gin-artweb/internal/model/oes/task.go:204.66,206.4 1 0
gin-artweb/internal/model/oes/task.go:208.2,208.12 1 0
gin-artweb/internal/model/oes/task.go:220.58,222.2 1 0
gin-artweb/internal/model/oes/task.go:224.59,226.2 1 0
gin-artweb/internal/model/oes/task.go:228.85,230.41 2 0
gin-artweb/internal/model/oes/task.go:230.41,232.3 1 0
gin-artweb/internal/model/oes/task.go:233.2,233.12 1 0
gin-artweb/internal/model/oes/task.go:236.64,239.31 3 0
gin-artweb/internal/model/oes/task.go:239.31,240.14 1 0
gin-artweb/internal/model/oes/task.go:240.14,242.4 1 0
gin-artweb/internal/model/oes/task.go:244.2,244.17 1 0
gin-artweb/internal/model/oes/task.go:256.89,258.20 2 0
gin-artweb/internal/model/oes/task.go:258.20,259.55 1 0
gin-artweb/internal/model/oes/task.go:259.55,261.4 1 0
gin-artweb/internal/model/oes/task.go:263.2,263.29 1 0
gin-artweb/internal/model/oes/task.go:263.29,264.74 1 0
gin-artweb/internal/model/oes/task.go:264.74,266.4 1 0
gin-artweb/internal/model/oes/task.go:268.2,268.34 1 0
gin-artweb/internal/model/oes/task.go:268.34,269.84 1 0
gin-artweb/internal/model/oes/task.go:269.84,271.4 1 0
gin-artweb/internal/model/oes/task.go:273.2,273.20 1 0
gin-artweb/internal/model/oes/task.go:273.20,274.55 1 0
gin-artweb/internal/model/oes/task.go:274.55,276.4 1 0
gin-artweb/internal/model/oes/task.go:278.2,278.21 1 0
gin-artweb/internal/model/oes/task.go:278.21,279.57 1 0
gin-artweb/internal/model/oes/task.go:279.57,281.4 1 0
gin-artweb/internal/model/oes/task.go:283.2,283.12 1 0
gin-artweb/internal/model/resource/host.go:23.40,25.2 1 0
gin-artweb/internal/model/resource/host.go:27.71,28.14 1 0
gin-artweb/internal/model/resource/host.go:28.14,30.3 1 0
gin-artweb/internal/model/resource/host.go:31.2,31.62 1 0
gin-artweb/internal/model/resource/host.go:31.62,33.3 1 0
gin-artweb/internal/model/resource/host.go:34.2,41.12 8 0
gin-artweb/internal/model/resource/host.go:44.50,54.2 1 0
gin-artweb/internal/model/resource/host.go:56.54,57.18 1 0
gin-artweb/internal/model/resource/host.go:57.18,59.3 1 0
gin-artweb/internal/model/resource/host.go:61.2,62.23 2 0
gin-artweb/internal/model/resource/host.go:62.23,64.3 1 0
gin-artweb/internal/model/resource/host.go:65.2,65.12 1 0
gin-artweb/internal/model/resource/host.go:76.78,83.2 6 0
gin-artweb/internal/model/resource/host.go:85.62,93.2 1 0
gin-artweb/internal/model/resource/host.go:124.77,133.2 8 0
gin-artweb/internal/model/resource/host.go:135.47,145.2 1 0
gin-artweb/internal/model/resource/host.go:147.56,157.2 1 0
gin-artweb/internal/model/resource/host.go:188.75,192.24 4 0
gin-artweb/internal/model/resource/host.go:192.24,194.3 1 0
gin-artweb/internal/model/resource/host.go:194.8,196.3 1 0
gin-artweb/internal/model/resource/host.go:197.2,200.12 4 0
gin-artweb/internal/model/resource/host.go:203.53,205.20 2 0
gin-artweb/internal/model/resource/host.go:205.20,207.3 1 0
gin-artweb/internal/model/resource/host.go:208.2,208.21 1 0
gin-artweb/internal/model/resource/host.go:208.21,210.3 1 0
gin-artweb/internal/model/resource/host.go:211.2,211.21 1 0
gin-artweb/internal/model/resource/host.go:211.21,213.3 1 0
gin-artweb/internal/model/resource/host.go:214.2,214.24 1 0
gin-artweb/internal/model/resource/host.go:214.24,216.3 1 0
gin-artweb/internal/model/resource/host.go:217.2,217.23 1 0
gin-artweb/internal/model/resource/host.go:217.23,219.3 1 0
gin-artweb/internal/model/resource/host.go:220.2,220.22 1 0
gin-artweb/internal/model/resource/host.go:220.22,222.3 1 0
gin-artweb/internal/model/resource/host.go:223.2,223.22 1 0
gin-artweb/internal/model/resource/host.go:223.22,225.3 1 0
gin-artweb/internal/model/resource/host.go:226.2,226.17 1 0
gin-artweb/internal/model/resource/host.go:274.16,285.2 1 0
gin-artweb/internal/model/resource/host.go:289.20,295.2 1 0
gin-artweb/internal/model/resource/host.go:299.21,300.18 1 0
gin-artweb/internal/model/resource/host.go:300.18,302.3 1 0
gin-artweb/internal/model/resource/host.go:303.2,304.23 2 0
gin-artweb/internal/model/resource/host.go:304.23,307.3 2 0
gin-artweb/internal/model/resource/host.go:308.2,308.12 1 0
gin-artweb/internal/model/resource/package.go:24.43,26.2 1 0
gin-artweb/internal/model/resource/package.go:28.74,29.14 1 0
gin-artweb/internal/model/resource/package.go:29.14,31.3 1 0
gin-artweb/internal/model/resource/package.go:32.2,32.58 1 0
gin-artweb/internal/model/resource/package.go:32.58,34.3 1 0
gin-artweb/internal/model/resource/package.go:35.2,40.12 6 0
gin-artweb/internal/model/resource/package.go:43.60,44.18 1 0
gin-artweb/internal/model/resource/package.go:44.18,46.3 1 0
gin-artweb/internal/model/resource/package.go:48.2,49.23 2 0
gin-artweb/internal/model/resource/package.go:49.23,51.3 1 0
gin-artweb/internal/model/resource/package.go:52.2,52.12 1 0
gin-artweb/internal/model/resource/package.go:66.80,70.2 3 0
gin-artweb/internal/model/resource/package.go:79.80,84.2 4 0
gin-artweb/internal/model/resource/package.go:86.59,92.2 1 0
gin-artweb/internal/model/resource/package.go:118.78,119.65 1 0
gin-artweb/internal/model/resource/package.go:119.65,121.3 1 0
gin-artweb/internal/model/resource/package.go:122.2,128.12 7 0
gin-artweb/internal/model/resource/package.go:131.56,133.24 2 0
gin-artweb/internal/model/resource/package.go:133.24,135.3 1 0
gin-artweb/internal/model/resource/package.go:136.2,136.21 1 0
gin-artweb/internal/model/resource/package.go:136.21,138.3 1 0
gin-artweb/internal/model/resource/package.go:139.2,139.22 1 0
gin-artweb/internal/model/resource/package.go:139.22,142.35 3 0
gin-artweb/internal/model/resource/package.go:142.35,144.26 2 0
gin-artweb/internal/model/resource/package.go:144.26,146.5 1 0
gin-artweb/internal/model/resource/package.go:148.3,148.22 1 0
gin-artweb/internal/model/resource/package.go:148.22,150.4 1 0
gin-artweb/internal/model/resource/package.go:152.2,152.23 1 0
gin-artweb/internal/model/resource/package.go:152.23,154.3 1 0
gin-artweb/internal/model/resource/package.go:155.2,155.32 1 0
gin-artweb/internal/model/resource/package.go:155.32,157.17 2 0
gin-artweb/internal/model/resource/package.go:157.17,159.4 1 0
gin-artweb/internal/model/resource/package.go:161.2,161.31 1 0
gin-artweb/internal/model/resource/package.go:161.31,163.17 2 0
gin-artweb/internal/model/resource/package.go:163.17,165.4 1 0
gin-artweb/internal/model/resource/package.go:167.2,167.17 1 0
gin-artweb/internal/model/resource/package.go:196.23,204.2 1 0
gin-artweb/internal/model/resource/package.go:208.24,209.18 1 0
gin-artweb/internal/model/resource/package.go:209.18,211.3 1 0
gin-artweb/internal/model/resource/package.go:212.2,213.17 2 0
gin-artweb/internal/model/resource/package.go:213.17,214.24 1 0
gin-artweb/internal/model/resource/package.go:214.24,217.4 2 0
gin-artweb/internal/model/resource/package.go:219.2,219.12 1 0
gin-artweb/internal/model/sys/api.go:20.39,22.2 1 0
gin-artweb/internal/model/sys/api.go:24.70,25.14 1 0
gin-artweb/internal/model/sys/api.go:25.14,27.3 1 0
gin-artweb/internal/model/sys/api.go:28.2,28.62 1 0
gin-artweb/internal/model/sys/api.go:28.62,30.3 1 0
gin-artweb/internal/model/sys/api.go:31.2,35.12 5 0
gin-artweb/internal/model/sys/api.go:38.49,45.2 1 0
gin-artweb/internal/model/sys/api.go:47.52,48.18 1 0
gin-artweb/internal/model/sys/api.go:48.18,50.3 1 0
gin-artweb/internal/model/sys/api.go:52.2,53.23 2 0
gin-artweb/internal/model/sys/api.go:53.23,55.3 1 0
gin-artweb/internal/model/sys/api.go:56.2,56.12 1 0
gin-artweb/internal/model/sys/api.go:79.76,86.2 6 0
gin-artweb/internal/model/sys/api.go:88.45,98.2 1 0
gin-artweb/internal/model/sys/api.go:118.76,124.2 5 0
gin-artweb/internal/model/sys/api.go:126.55,133.2 1 0
gin-artweb/internal/model/sys/api.go:155.74,156.16 1 0
gin-artweb/internal/model/sys/api.go:156.16,158.3 1 0
gin-artweb/internal/model/sys/api.go:159.2,159.69 1 0
gin-artweb/internal/model/sys/api.go:159.69,161.3 1 0
gin-artweb/internal/model/sys/api.go:162.2,166.12 5 0
gin-artweb/internal/model/sys/api.go:169.52,171.19 2 0
gin-artweb/internal/model/sys/api.go:171.19,173.3 1 0
gin-artweb/internal/model/sys/api.go:174.2,174.22 1 0
gin-artweb/internal/model/sys/api.go:174.22,176.3 1 0
gin-artweb/internal/model/sys/api.go:177.2,177.21 1 0
gin-artweb/internal/model/sys/api.go:177.21,179.3 1 0
gin-artweb/internal/model/sys/api.go:180.2,180.21 1 0
gin-artweb/internal/model/sys/api.go:180.21,182.3 1 0
gin-artweb/internal/model/sys/api.go:183.2,183.17 1 0
gin-artweb/internal/model/sys/api.go:216.56,226.2 1 0
gin-artweb/internal/model/sys/api.go:228.64,229.18 1 0
gin-artweb/internal/model/sys/api.go:229.18,231.3 1 0
gin-artweb/internal/model/sys/api.go:232.2,233.23 2 0
gin-artweb/internal/model/sys/api.go:233.23,236.3 2 0
gin-artweb/internal/model/sys/api.go:237.2,237.12 1 0
gin-artweb/internal/model/sys/button.go:23.42,25.2 1 0
gin-artweb/internal/model/sys/button.go:27.73,28.14 1 0
gin-artweb/internal/model/sys/button.go:28.14,30.3 1 0
gin-artweb/internal/model/sys/button.go:31.2,31.62 1 0
gin-artweb/internal/model/sys/button.go:31.62,33.3 1 0
gin-artweb/internal/model/sys/button.go:34.2,39.96 6 0
gin-artweb/internal/model/sys/button.go:39.96,40.30 1 0
gin-artweb/internal/model/sys/button.go:40.30,42.4 1 0
gin-artweb/internal/model/sys/button.go:43.3,43.13 1 0
gin-artweb/internal/model/sys/button.go:44.18,46.3 1 0
gin-artweb/internal/model/sys/button.go:47.2,47.12 1 0
gin-artweb/internal/model/sys/button.go:50.52,58.2 1 0
gin-artweb/internal/model/sys/button.go:60.58,61.18 1 0
gin-artweb/internal/model/sys/button.go:61.18,63.3 1 0
gin-artweb/internal/model/sys/button.go:65.2,66.23 2 0
gin-artweb/internal/model/sys/button.go:66.23,68.3 1 0
gin-artweb/internal/model/sys/button.go:69.2,69.12 1 0
gin-artweb/internal/model/sys/button.go:98.79,105.99 7 0
gin-artweb/internal/model/sys/button.go:105.99,106.33 1 0
gin-artweb/internal/model/sys/button.go:106.33,108.4 1 0
gin-artweb/internal/model/sys/button.go:109.3,109.13 1 0
gin-artweb/internal/model/sys/button.go:110.18,112.3 1 0
gin-artweb/internal/model/sys/button.go:113.2,113.12 1 0
gin-artweb/internal/model/sys/button.go:116.51,127.2 1 0
gin-artweb/internal/model/sys/button.go:152.79,158.99 6 0
gin-artweb/internal/model/sys/button.go:158.99,159.33 1 0
gin-artweb/internal/model/sys/button.go:159.33,161.4 1 0
gin-artweb/internal/model/sys/button.go:162.3,162.13 1 0
gin-artweb/internal/model/sys/button.go:163.18,165.3 1 0
gin-artweb/internal/model/sys/button.go:166.2,166.12 1 0
gin-artweb/internal/model/sys/button.go:169.58,177.2 1 0
gin-artweb/internal/model/sys/button.go:199.77,200.16 1 0
gin-artweb/internal/model/sys/button.go:200.16,202.3 1 0
gin-artweb/internal/model/sys/button.go:203.2,203.69 1 0
gin-artweb/internal/model/sys/button.go:203.69,205.3 1 0
gin-artweb/internal/model/sys/button.go:206.2,207.25 2 0
gin-artweb/internal/model/sys/button.go:207.25,209.3 1 0
gin-artweb/internal/model/sys/button.go:210.2,212.12 3 0
gin-artweb/internal/model/sys/button.go:215.55,217.20 2 0
gin-artweb/internal/model/sys/button.go:217.20,219.3 1 0
gin-artweb/internal/model/sys/button.go:220.2,220.25 1 0
gin-artweb/internal/model/sys/button.go:220.25,222.3 1 0
gin-artweb/internal/model/sys/button.go:223.2,223.21 1 0
gin-artweb/internal/model/sys/button.go:223.21,225.3 1 0
gin-artweb/internal/model/sys/button.go:226.2,226.21 1 0
gin-artweb/internal/model/sys/button.go:226.21,228.3 1 0
gin-artweb/internal/model/sys/button.go:229.2,229.17 1 0
gin-artweb/internal/model/sys/button.go:279.18,287.2 1 0
gin-artweb/internal/model/sys/button.go:291.22,297.2 1 0
gin-artweb/internal/model/sys/button.go:301.20,303.20 2 0
gin-artweb/internal/model/sys/button.go:303.20,305.3 1 0
gin-artweb/internal/model/sys/button.go:306.2,307.21 2 0
gin-artweb/internal/model/sys/button.go:307.21,309.28 2 0
gin-artweb/internal/model/sys/button.go:309.28,311.4 1 0
gin-artweb/internal/model/sys/button.go:313.2,317.3 1 0
gin-artweb/internal/model/sys/button.go:322.23,323.18 1 0
gin-artweb/internal/model/sys/button.go:323.18,325.3 1 0
gin-artweb/internal/model/sys/button.go:326.2,327.17 2 0
gin-artweb/internal/model/sys/button.go:327.17,328.24 1 0
gin-artweb/internal/model/sys/button.go:328.24,331.4 2 0
gin-artweb/internal/model/sys/button.go:333.2,333.12 1 0
gin-artweb/internal/model/sys/login_record.go:21.47,23.2 1 0
gin-artweb/internal/model/sys/login_record.go:25.78,26.14 1 0
gin-artweb/internal/model/sys/login_record.go:26.14,28.3 1 0
gin-artweb/internal/model/sys/login_record.go:29.2,29.58 1 0
gin-artweb/internal/model/sys/login_record.go:29.58,31.3 1 0
gin-artweb/internal/model/sys/login_record.go:32.2,37.12 6 0
gin-artweb/internal/model/sys/login_record.go:40.68,41.18 1 0
gin-artweb/internal/model/sys/login_record.go:41.18,43.3 1 0
gin-artweb/internal/model/sys/login_record.go:45.2,46.23 2 0
gin-artweb/internal/model/sys/login_record.go:46.23,48.3 1 0
gin-artweb/internal/model/sys/login_record.go:49.2,49.12 1 0
gin-artweb/internal/model/sys/login_record.go:77.82,78.16 1 0
gin-artweb/internal/model/sys/login_record.go:78.16,80.3 1 0
gin-artweb/internal/model/sys/login_record.go:81.2,81.65 1 0
gin-artweb/internal/model/sys/login_record.go:81.65,83.3 1 0
gin-artweb/internal/model/sys/login_record.go:84.2,86.23 3 0
gin-artweb/internal/model/sys/login_record.go:86.23,88.3 1 0
gin-artweb/internal/model/sys/login_record.go:89.2,91.12 3 0
gin-artweb/internal/model/sys/login_record.go:94.60,96.24 2 0
gin-artweb/internal/model/sys/login_record.go:96.24,98.3 1 0
gin-artweb/internal/model/sys/login_record.go:99.2,99.25 1 0
gin-artweb/internal/model/sys/login_record.go:99.25,101.3 1 0
gin-artweb/internal/model/sys/login_record.go:102.2,102.23 1 0
gin-artweb/internal/model/sys/login_record.go:102.23,104.3 1 0
gin-artweb/internal/model/sys/login_record.go:105.2,105.29 1 0
gin-artweb/internal/model/sys/login_record.go:105.29,107.17 2 0
gin-artweb/internal/model/sys/login_record.go:107.17,109.4 1 0
gin-artweb/internal/model/sys/login_record.go:111.2,111.28 1 0
gin-artweb/internal/model/sys/login_record.go:111.28,113.17 2 0
gin-artweb/internal/model/sys/login_record.go:113.17,115.4 1 0
gin-artweb/internal/model/sys/login_record.go:117.2,117.17 1 0
gin-artweb/internal/model/sys/menu.go:21.37,24.2 2 0
gin-artweb/internal/model/sys/menu.go:26.73,30.2 3 0
gin-artweb/internal/model/sys/menu.go:32.54,33.14 1 0
gin-artweb/internal/model/sys/menu.go:33.14,35.3 1 0
gin-artweb/internal/model/sys/menu.go:36.2,38.16 3 0
gin-artweb/internal/model/sys/menu.go:38.16,40.3 1 0
gin-artweb/internal/model/sys/menu.go:41.2,41.19 1 0
gin-artweb/internal/model/sys/menu.go:58.40,60.2 1 0
gin-artweb/internal/model/sys/menu.go:62.71,63.14 1 0
gin-artweb/internal/model/sys/menu.go:63.14,65.3 1 0
gin-artweb/internal/model/sys/menu.go:66.2,66.62 1 0
gin-artweb/internal/model/sys/menu.go:66.62,68.3 1 0
gin-artweb/internal/model/sys/menu.go:69.2,71.55 3 0
gin-artweb/internal/model/sys/menu.go:71.55,73.3 1 0
gin-artweb/internal/model/sys/menu.go:74.2,78.23 5 0
gin-artweb/internal/model/sys/menu.go:78.23,80.3 1 0
gin-artweb/internal/model/sys/menu.go:81.2,81.96 1 0
gin-artweb/internal/model/sys/menu.go:81.96,82.30 1 0
gin-artweb/internal/model/sys/menu.go:82.30,84.4 1 0
gin-artweb/internal/model/sys/menu.go:85.3,85.13 1 0
gin-artweb/internal/model/sys/menu.go:86.18,88.3 1 0
gin-artweb/internal/model/sys/menu.go:89.2,89.12 1 0
gin-artweb/internal/model/sys/menu.go:92.50,103.2 1 0
gin-artweb/internal/model/sys/menu.go:105.54,106.18 1 0
gin-artweb/internal/model/sys/menu.go:106.18,108.3 1 0
gin-artweb/internal/model/sys/menu.go:110.2,111.23 2 0
gin-artweb/internal/model/sys/menu.go:111.23,113.3 1 0
gin-artweb/internal/model/sys/menu.go:114.2,114.12 1 0
gin-artweb/internal/model/sys/menu.go:152.77,156.57 4 0
gin-artweb/internal/model/sys/menu.go:156.57,158.3 1 0
gin-artweb/internal/model/sys/menu.go:159.2,163.25 5 0
gin-artweb/internal/model/sys/menu.go:163.25,165.3 1 0
gin-artweb/internal/model/sys/menu.go:166.2,166.99 1 0
gin-artweb/internal/model/sys/menu.go:166.99,167.33 1 0
gin-artweb/internal/model/sys/menu.go:167.33,169.4 1 0
gin-artweb/internal/model/sys/menu.go:170.3,170.13 1 0
gin-artweb/internal/model/sys/menu.go:171.18,173.3 1 0
gin-artweb/internal/model/sys/menu.go:174.2,174.12 1 0
gin-artweb/internal/model/sys/menu.go:177.47,194.43 2 0
gin-artweb/internal/model/sys/menu.go:194.43,196.3 1 0
gin-artweb/internal/model/sys/menu.go:197.2,197.10 1 0
gin-artweb/internal/model/sys/menu.go:232.77,235.57 3 0
gin-artweb/internal/model/sys/menu.go:235.57,237.3 1 0
gin-artweb/internal/model/sys/menu.go:238.2,242.25 5 0
gin-artweb/internal/model/sys/menu.go:242.25,244.3 1 0
gin-artweb/internal/model/sys/menu.go:245.2,245.99 1 0
gin-artweb/internal/model/sys/menu.go:245.99,246.33 1 0
gin-artweb/internal/model/sys/menu.go:246.33,248.4 1 0
gin-artweb/internal/model/sys/menu.go:249.3,249.13 1 0
gin-artweb/internal/model/sys/menu.go:250.18,252.3 1 0
gin-artweb/internal/model/sys/menu.go:253.2,253.12 1 0
gin-artweb/internal/model/sys/menu.go:256.56,266.47 2 0
gin-artweb/internal/model/sys/menu.go:266.47,268.3 1 0
gin-artweb/internal/model/sys/menu.go:269.2,269.13 1 0
gin-artweb/internal/model/sys/menu.go:298.75,299.16 1 0
gin-artweb/internal/model/sys/menu.go:299.16,301.3 1 0
gin-artweb/internal/model/sys/menu.go:302.2,302.69 1 0
gin-artweb/internal/model/sys/menu.go:302.69,304.3 1 0
gin-artweb/internal/model/sys/menu.go:305.2,308.25 4 0
gin-artweb/internal/model/sys/menu.go:308.25,310.3 1 0
gin-artweb/internal/model/sys/menu.go:311.2,312.25 2 0
gin-artweb/internal/model/sys/menu.go:312.25,314.3 1 0
gin-artweb/internal/model/sys/menu.go:315.2,315.12 1 0
gin-artweb/internal/model/sys/menu.go:318.53,320.20 2 0
gin-artweb/internal/model/sys/menu.go:320.20,322.3 1 0
gin-artweb/internal/model/sys/menu.go:323.2,323.25 1 0
gin-artweb/internal/model/sys/menu.go:323.25,325.3 1 0
gin-artweb/internal/model/sys/menu.go:326.2,326.20 1 0
gin-artweb/internal/model/sys/menu.go:326.20,328.3 1 0
gin-artweb/internal/model/sys/menu.go:329.2,329.25 1 0
gin-artweb/internal/model/sys/menu.go:329.25,331.3 1 0
gin-artweb/internal/model/sys/menu.go:332.2,332.21 1 0
gin-artweb/internal/model/sys/menu.go:332.21,334.3 1 0
gin-artweb/internal/model/sys/menu.go:335.2,335.25 1 0
gin-artweb/internal/model/sys/menu.go:335.25,337.3 1 0
gin-artweb/internal/model/sys/menu.go:338.2,338.17 1 0
gin-artweb/internal/model/sys/menu.go:398.16,409.2 1 0
gin-artweb/internal/model/sys/menu.go:413.20,419.2 1 0
gin-artweb/internal/model/sys/menu.go:423.18,425.21 2 0
gin-artweb/internal/model/sys/menu.go:425.21,427.3 1 0
gin-artweb/internal/model/sys/menu.go:428.2,429.21 2 0
gin-artweb/internal/model/sys/menu.go:429.21,431.28 2 0
gin-artweb/internal/model/sys/menu.go:431.28,433.4 1 0
gin-artweb/internal/model/sys/menu.go:435.2,439.3 1 0
gin-artweb/internal/model/sys/menu.go:444.21,445.18 1 0
gin-artweb/internal/model/sys/menu.go:445.18,447.3 1 0
gin-artweb/internal/model/sys/menu.go:448.2,449.23 2 0
gin-artweb/internal/model/sys/menu.go:449.23,452.3 2 0
gin-artweb/internal/model/sys/menu.go:453.2,453.12 1 0
gin-artweb/internal/model/sys/role.go:21.40,23.2 1 0
gin-artweb/internal/model/sys/role.go:25.71,26.14 1 0
gin-artweb/internal/model/sys/role.go:26.14,28.3 1 0
gin-artweb/internal/model/sys/role.go:29.2,29.62 1 0
gin-artweb/internal/model/sys/role.go:29.62,31.3 1 0
gin-artweb/internal/model/sys/role.go:32.2,34.96 3 0
gin-artweb/internal/model/sys/role.go:34.96,35.30 1 0
gin-artweb/internal/model/sys/role.go:35.30,37.4 1 0
gin-artweb/internal/model/sys/role.go:38.3,38.13 1 0
gin-artweb/internal/model/sys/role.go:39.18,41.3 1 0
gin-artweb/internal/model/sys/role.go:42.2,42.97 1 0
gin-artweb/internal/model/sys/role.go:42.97,43.32 1 0
gin-artweb/internal/model/sys/role.go:43.32,45.4 1 0
gin-artweb/internal/model/sys/role.go:46.3,46.13 1 0
gin-artweb/internal/model/sys/role.go:47.18,49.3 1 0
gin-artweb/internal/model/sys/role.go:50.2,50.99 1 0
gin-artweb/internal/model/sys/role.go:50.99,51.36 1 0
gin-artweb/internal/model/sys/role.go:51.36,53.4 1 0
gin-artweb/internal/model/sys/role.go:54.3,54.13 1 0
gin-artweb/internal/model/sys/role.go:55.18,57.3 1 0
gin-artweb/internal/model/sys/role.go:58.2,58.12 1 0
gin-artweb/internal/model/sys/role.go:61.50,66.2 1 0
gin-artweb/internal/model/sys/role.go:68.54,69.18 1 0
gin-artweb/internal/model/sys/role.go:69.18,71.3 1 0
gin-artweb/internal/model/sys/role.go:73.2,74.23 2 0
gin-artweb/internal/model/sys/role.go:74.23,76.3 1 0
gin-artweb/internal/model/sys/role.go:77.2,77.12 1 0
gin-artweb/internal/model/sys/role.go:100.77,103.99 3 0
gin-artweb/internal/model/sys/role.go:103.99,104.33 1 0
gin-artweb/internal/model/sys/role.go:104.33,106.4 1 0
gin-artweb/internal/model/sys/role.go:107.3,107.13 1 0
gin-artweb/internal/model/sys/role.go:108.18,110.3 1 0
gin-artweb/internal/model/sys/role.go:111.2,111.100 1 0
gin-artweb/internal/model/sys/role.go:111.100,112.34 1 0
gin-artweb/internal/model/sys/role.go:112.34,114.4 1 0
gin-artweb/internal/model/sys/role.go:115.3,115.13 1 0
gin-artweb/internal/model/sys/role.go:116.18,118.3 1 0
gin-artweb/internal/model/sys/role.go:119.2,119.102 1 0
gin-artweb/internal/model/sys/role.go:119.102,120.36 1 0
gin-artweb/internal/model/sys/role.go:120.36,122.4 1 0
gin-artweb/internal/model/sys/role.go:123.3,123.13 1 0
gin-artweb/internal/model/sys/role.go:124.18,126.3 1 0
gin-artweb/internal/model/sys/role.go:127.2,127.12 1 0
gin-artweb/internal/model/sys/role.go:130.47,135.2 1 0
gin-artweb/internal/model/sys/role.go:137.56,142.2 1 0
gin-artweb/internal/model/sys/role.go:158.75,159.16 1 0
gin-artweb/internal/model/sys/role.go:159.16,161.3 1 0
gin-artweb/internal/model/sys/role.go:162.2,162.69 1 0
gin-artweb/internal/model/sys/role.go:162.69,164.3 1 0
gin-artweb/internal/model/sys/role.go:165.2,167.12 3 0
gin-artweb/internal/model/sys/role.go:170.53,172.20 2 0
gin-artweb/internal/model/sys/role.go:172.20,174.3 1 0
gin-artweb/internal/model/sys/role.go:175.2,175.21 1 0
gin-artweb/internal/model/sys/role.go:175.21,177.3 1 0
gin-artweb/internal/model/sys/role.go:178.2,178.17 1 0
gin-artweb/internal/model/sys/role.go:238.16,244.2 1 0
gin-artweb/internal/model/sys/role.go:248.20,254.2 1 0
gin-artweb/internal/model/sys/role.go:258.18,260.21 2 0
gin-artweb/internal/model/sys/role.go:260.21,262.28 2 0
gin-artweb/internal/model/sys/role.go:262.28,264.4 1 0
gin-artweb/internal/model/sys/role.go:267.2,268.22 2 0
gin-artweb/internal/model/sys/role.go:268.22,270.29 2 0
gin-artweb/internal/model/sys/role.go:270.29,272.4 1 0
gin-artweb/internal/model/sys/role.go:275.2,276.24 2 0
gin-artweb/internal/model/sys/role.go:276.24,278.31 2 0
gin-artweb/internal/model/sys/role.go:278.31,280.4 1 0
gin-artweb/internal/model/sys/role.go:282.2,287.3 1 0
gin-artweb/internal/model/sys/role.go:292.21,293.18 1 0
gin-artweb/internal/model/sys/role.go:293.18,295.3 1 0
gin-artweb/internal/model/sys/role.go:296.2,297.17 2 0
gin-artweb/internal/model/sys/role.go:297.17,298.24 1 0
gin-artweb/internal/model/sys/role.go:298.24,301.4 2 0
gin-artweb/internal/model/sys/role.go:303.2,303.12 1 0
gin-artweb/internal/model/sys/user.go:22.40,24.2 1 0
gin-artweb/internal/model/sys/user.go:26.71,27.14 1 0
gin-artweb/internal/model/sys/user.go:27.14,29.3 1 0
gin-artweb/internal/model/sys/user.go:30.2,30.62 1 0
gin-artweb/internal/model/sys/user.go:30.62,32.3 1 0
gin-artweb/internal/model/sys/user.go:33.2,37.12 5 0
gin-artweb/internal/model/sys/user.go:40.54,41.18 1 0
gin-artweb/internal/model/sys/user.go:41.18,43.3 1 0
gin-artweb/internal/model/sys/user.go:45.2,46.23 2 0
gin-artweb/internal/model/sys/user.go:46.23,48.3 1 0
gin-artweb/internal/model/sys/user.go:49.2,49.12 1 0
gin-artweb/internal/model/sys/user.go:72.77,78.2 5 0
gin-artweb/internal/model/sys/user.go:80.47,87.2 1 0
gin-artweb/internal/model/sys/user.go:107.77,113.2 5 0
gin-artweb/internal/model/sys/user.go:115.56,122.2 1 0
gin-artweb/internal/model/sys/user.go:144.75,145.16 1 0
gin-artweb/internal/model/sys/user.go:145.16,147.3 1 0
gin-artweb/internal/model/sys/user.go:148.2,148.69 1 0
gin-artweb/internal/model/sys/user.go:148.69,150.3 1 0
gin-artweb/internal/model/sys/user.go:151.2,152.25 2 0
gin-artweb/internal/model/sys/user.go:152.25,154.3 1 0
gin-artweb/internal/model/sys/user.go:155.2,155.24 1 0
gin-artweb/internal/model/sys/user.go:155.24,157.3 1 0
gin-artweb/internal/model/sys/user.go:158.2,159.12 2 0
gin-artweb/internal/model/sys/user.go:162.53,164.24 2 0
gin-artweb/internal/model/sys/user.go:164.24,166.3 1 0
gin-artweb/internal/model/sys/user.go:167.2,167.25 1 0
gin-artweb/internal/model/sys/user.go:167.25,169.3 1 0
gin-artweb/internal/model/sys/user.go:170.2,170.24 1 0
gin-artweb/internal/model/sys/user.go:170.24,172.3 1 0
gin-artweb/internal/model/sys/user.go:173.2,173.21 1 0
gin-artweb/internal/model/sys/user.go:173.21,175.3 1 0
gin-artweb/internal/model/sys/user.go:176.2,176.17 1 0
gin-artweb/internal/model/sys/user.go:274.16,281.2 1 0
gin-artweb/internal/model/sys/user.go:285.20,291.2 1 0
gin-artweb/internal/model/sys/user.go:295.18,297.20 2 0
gin-artweb/internal/model/sys/user.go:297.20,299.3 1 0
gin-artweb/internal/model/sys/user.go:300.2,303.3 1 0
gin-artweb/internal/model/sys/user.go:308.19,309.19 1 0
gin-artweb/internal/model/sys/user.go:309.19,311.3 1 0
gin-artweb/internal/model/sys/user.go:312.2,313.24 2 0
gin-artweb/internal/model/sys/user.go:313.24,316.3 2 0
gin-artweb/internal/model/sys/user.go:317.2,317.12 1 0
gin-artweb/internal/model/sys/user.go:322.27,331.2 1 0
gin-artweb/internal/model/sys/user.go:335.28,336.18 1 0
gin-artweb/internal/model/sys/user.go:336.18,338.3 1 0
gin-artweb/internal/model/sys/user.go:339.2,340.23 2 0
gin-artweb/internal/model/sys/user.go:340.23,343.3 2 0
gin-artweb/internal/model/sys/user.go:344.2,344.12 1 0
gin-artweb/internal/handler/mds/colony.go:30.21,36.2 1 2
gin-artweb/internal/handler/mds/colony.go:49.60,56.91 6 1
gin-artweb/internal/handler/mds/colony.go:56.91,58.3 1 1
gin-artweb/internal/handler/mds/colony.go:60.2,61.17 2 0
gin-artweb/internal/handler/mds/colony.go:61.17,70.3 3 0
gin-artweb/internal/handler/mds/colony.go:72.2,81.4 2 0
gin-artweb/internal/handler/mds/colony.go:97.60,104.96 6 2
gin-artweb/internal/handler/mds/colony.go:104.96,106.3 1 1
gin-artweb/internal/handler/mds/colony.go:108.2,109.91 2 1
gin-artweb/internal/handler/mds/colony.go:109.91,111.3 1 1
gin-artweb/internal/handler/mds/colony.go:113.2,114.16 2 0
gin-artweb/internal/handler/mds/colony.go:114.16,124.3 3 0
gin-artweb/internal/handler/mds/colony.go:126.2,135.4 2 0
gin-artweb/internal/handler/mds/colony.go:150.60,157.96 6 1
gin-artweb/internal/handler/mds/colony.go:157.96,159.3 1 1
gin-artweb/internal/handler/mds/colony.go:161.2,162.16 2 0
gin-artweb/internal/handler/mds/colony.go:162.16,171.3 3 0
gin-artweb/internal/handler/mds/colony.go:173.2,179.55 2 0
gin-artweb/internal/handler/mds/colony.go:194.57,200.102 5 3
gin-artweb/internal/handler/mds/colony.go:200.102,202.3 1 1
gin-artweb/internal/handler/mds/colony.go:204.2,205.16 2 2
gin-artweb/internal/handler/mds/colony.go:205.16,214.3 3 1
gin-artweb/internal/handler/mds/colony.go:216.2,220.4 2 1
gin-artweb/internal/handler/mds/colony.go:238.58,244.108 5 2
gin-artweb/internal/handler/mds/colony.go:244.108,246.3 1 0
gin-artweb/internal/handler/mds/colony.go:248.2,250.16 3 2
gin-artweb/internal/handler/mds/colony.go:250.16,261.3 3 0
gin-artweb/internal/handler/mds/colony.go:263.2,267.4 2 2
gin-artweb/internal/handler/mds/colony.go:282.61,288.102 5 0
gin-artweb/internal/handler/mds/colony.go:288.102,290.3 1 0
gin-artweb/internal/handler/mds/colony.go:292.2,293.16 2 0
gin-artweb/internal/handler/mds/colony.go:293.16,302.3 3 0
gin-artweb/internal/handler/mds/colony.go:304.2,315.4 4 0
gin-artweb/internal/handler/mds/colony.go:329.62,335.120 5 0
gin-artweb/internal/handler/mds/colony.go:335.120,337.3 1 0
gin-artweb/internal/handler/mds/colony.go:339.2,340.17 2 0
gin-artweb/internal/handler/mds/colony.go:340.17,349.3 3 0
gin-artweb/internal/handler/mds/colony.go:351.2,351.21 1 0
gin-artweb/internal/handler/mds/colony.go:351.21,357.3 2 0
gin-artweb/internal/handler/mds/colony.go:359.2,360.29 2 0
gin-artweb/internal/handler/mds/colony.go:360.29,370.3 5 0
gin-artweb/internal/handler/mds/colony.go:372.2,375.4 1 0
gin-artweb/internal/handler/mds/colony.go:378.59,386.2 7 1
gin-artweb/internal/handler/mds/conf.go:28.19,33.2 1 2
gin-artweb/internal/handler/mds/conf.go:50.56,57.115 6 1
gin-artweb/internal/handler/mds/conf.go:57.115,59.3 1 1
gin-artweb/internal/handler/mds/conf.go:61.2,62.116 2 0
gin-artweb/internal/handler/mds/conf.go:62.116,64.3 1 0
gin-artweb/internal/handler/mds/conf.go:67.2,69.92 3 0
gin-artweb/internal/handler/mds/conf.go:69.92,72.3 2 0
gin-artweb/internal/handler/mds/conf.go:74.2,82.55 2 0
gin-artweb/internal/handler/mds/conf.go:99.58,106.115 6 4
gin-artweb/internal/handler/mds/conf.go:106.115,108.3 1 0
gin-artweb/internal/handler/mds/conf.go:109.2,110.119 2 4
gin-artweb/internal/handler/mds/conf.go:110.119,112.3 1 3
gin-artweb/internal/handler/mds/conf.go:114.2,116.66 3 1
gin-artweb/internal/handler/mds/conf.go:116.66,125.3 3 1
gin-artweb/internal/handler/mds/conf.go:127.2,131.3 1 0
gin-artweb/internal/handler/mds/conf.go:148.56,155.115 6 0
gin-artweb/internal/handler/mds/conf.go:155.115,157.3 1 0
gin-artweb/internal/handler/mds/conf.go:158.2,159.119 2 0
gin-artweb/internal/handler/mds/conf.go:159.119,161.3 1 0
gin-artweb/internal/handler/mds/conf.go:163.2,165.55 3 0
gin-artweb/internal/handler/mds/conf.go:165.55,175.3 4 0
gin-artweb/internal/handler/mds/conf.go:177.2,183.55 2 0
gin-artweb/internal/handler/mds/conf.go:198.54,204.112 5 1
gin-artweb/internal/handler/mds/conf.go:204.112,206.3 1 1
gin-artweb/internal/handler/mds/conf.go:208.2,210.16 3 0
gin-artweb/internal/handler/mds/conf.go:210.16,220.3 4 0
gin-artweb/internal/handler/mds/conf.go:222.2,225.4 1 0
gin-artweb/internal/handler/mds/conf.go:228.57,233.2 4 1
gin-artweb/internal/handler/mds/node.go:26.19,31.2 1 2
gin-artweb/internal/handler/mds/node.go:44.56,51.76 6 1
gin-artweb/internal/handler/mds/node.go:51.76,53.3 1 1
gin-artweb/internal/handler/mds/node.go:55.2,56.16 2 0
gin-artweb/internal/handler/mds/node.go:56.16,65.3 3 0
gin-artweb/internal/handler/mds/node.go:67.2,76.4 2 0
gin-artweb/internal/handler/mds/node.go:92.56,99.96 6 2
gin-artweb/internal/handler/mds/node.go:99.96,101.3 1 1
gin-artweb/internal/handler/mds/node.go:103.2,104.91 2 1
gin-artweb/internal/handler/mds/node.go:104.91,106.3 1 1
gin-artweb/internal/handler/mds/node.go:108.2,109.17 2 0
gin-artweb/internal/handler/mds/node.go:109.17,119.3 3 0
gin-artweb/internal/handler/mds/node.go:121.2,130.4 2 0
gin-artweb/internal/handler/mds/node.go:145.56,152.96 6 1
gin-artweb/internal/handler/mds/node.go:152.96,154.3 1 1
gin-artweb/internal/handler/mds/node.go:156.2,157.16 2 0
gin-artweb/internal/handler/mds/node.go:157.16,166.3 3 0
gin-artweb/internal/handler/mds/node.go:168.2,174.55 2 0
gin-artweb/internal/handler/mds/node.go:189.53,195.96 5 3
gin-artweb/internal/handler/mds/node.go:195.96,197.3 1 1
gin-artweb/internal/handler/mds/node.go:199.2,200.16 2 2
gin-artweb/internal/handler/mds/node.go:200.16,209.3 3 1
gin-artweb/internal/handler/mds/node.go:211.2,215.4 2 1
gin-artweb/internal/handler/mds/node.go:229.54,235.93 5 2
gin-artweb/internal/handler/mds/node.go:235.93,237.3 1 0
gin-artweb/internal/handler/mds/node.go:239.2,241.16 3 2
gin-artweb/internal/handler/mds/node.go:241.16,252.3 3 0
gin-artweb/internal/handler/mds/node.go:254.2,258.4 2 2
gin-artweb/internal/handler/mds/node.go:261.57,267.2 5 1
gin-artweb/internal/handler/mon/node.go:28.16,33.2 1 2
gin-artweb/internal/handler/mon/node.go:46.53,53.91 6 1
gin-artweb/internal/handler/mon/node.go:53.91,55.3 1 1
gin-artweb/internal/handler/mon/node.go:57.2,58.17 2 0
gin-artweb/internal/handler/mon/node.go:58.17,67.3 3 0
gin-artweb/internal/handler/mon/node.go:69.2,78.4 2 0
gin-artweb/internal/handler/mon/node.go:94.53,101.96 6 2
gin-artweb/internal/handler/mon/node.go:101.96,103.3 1 1
gin-artweb/internal/handler/mon/node.go:105.2,106.91 2 1
gin-artweb/internal/handler/mon/node.go:106.91,108.3 1 1
gin-artweb/internal/handler/mon/node.go:110.2,111.17 2 0
gin-artweb/internal/handler/mon/node.go:111.17,121.3 3 0
gin-artweb/internal/handler/mon/node.go:123.2,132.4 2 0
gin-artweb/internal/handler/mon/node.go:147.53,154.96 6 1
gin-artweb/internal/handler/mon/node.go:154.96,156.3 1 1
gin-artweb/internal/handler/mon/node.go:158.2,159.16 2 0
gin-artweb/internal/handler/mon/node.go:159.16,168.3 3 0
gin-artweb/internal/handler/mon/node.go:170.2,176.55 2 0
gin-artweb/internal/handler/mon/node.go:191.50,197.96 5 2
gin-artweb/internal/handler/mon/node.go:197.96,199.3 1 1
gin-artweb/internal/handler/mon/node.go:201.2,202.17 2 1
gin-artweb/internal/handler/mon/node.go:202.17,211.3 3 1
gin-artweb/internal/handler/mon/node.go:213.2,217.4 2 0
gin-artweb/internal/handler/mon/node.go:231.51,237.93 5 2
gin-artweb/internal/handler/mon/node.go:237.93,239.3 1 0
gin-artweb/internal/handler/mon/node.go:241.2,243.17 3 2
gin-artweb/internal/handler/mon/node.go:243.17,254.3 3 0
gin-artweb/internal/handler/mon/node.go:256.2,260.4 2 2
gin-artweb/internal/handler/mon/node.go:263.54,269.2 5 1
gin-artweb/internal/handler/resource/host.go:28.16,33.2 1 2
gin-artweb/internal/handler/resource/host.go:46.50,53.91 6 1
gin-artweb/internal/handler/resource/host.go:53.91,55.3 1 1
gin-artweb/internal/handler/resource/host.go:57.2,58.16 2 0
gin-artweb/internal/handler/resource/host.go:58.16,67.3 3 0
gin-artweb/internal/handler/resource/host.go:69.2,79.4 3 0
gin-artweb/internal/handler/resource/host.go:95.50,102.90 6 2
gin-artweb/internal/handler/resource/host.go:102.90,104.3 1 1
gin-artweb/internal/handler/resource/host.go:106.2,107.91 2 1
gin-artweb/internal/handler/resource/host.go:107.91,109.3 1 1
gin-artweb/internal/handler/resource/host.go:111.2,112.16 2 0
gin-artweb/internal/handler/resource/host.go:112.16,122.3 3 0
gin-artweb/internal/handler/resource/host.go:124.2,134.4 3 0
gin-artweb/internal/handler/resource/host.go:149.50,156.90 6 1
gin-artweb/internal/handler/resource/host.go:156.90,158.3 1 1
gin-artweb/internal/handler/resource/host.go:160.2,161.16 2 0
gin-artweb/internal/handler/resource/host.go:161.16,170.3 3 0
gin-artweb/internal/handler/resource/host.go:172.2,178.55 2 0
gin-artweb/internal/handler/resource/host.go:193.47,199.90 5 3
gin-artweb/internal/handler/resource/host.go:199.90,201.3 1 1
gin-artweb/internal/handler/resource/host.go:203.2,204.16 2 2
gin-artweb/internal/handler/resource/host.go:204.16,213.3 3 1
gin-artweb/internal/handler/resource/host.go:215.2,219.4 2 1
gin-artweb/internal/handler/resource/host.go:233.48,239.102 5 3
gin-artweb/internal/handler/resource/host.go:239.102,241.3 1 0
gin-artweb/internal/handler/resource/host.go:243.2,245.16 3 3
gin-artweb/internal/handler/resource/host.go:245.16,256.3 3 0
gin-artweb/internal/handler/resource/host.go:258.2,262.4 2 3
gin-artweb/internal/handler/resource/host.go:265.54,271.2 5 1
gin-artweb/internal/handler/resource/package.go:30.19,36.2 1 2
gin-artweb/internal/handler/resource/package.go:51.56,58.91 6 1
gin-artweb/internal/handler/resource/package.go:58.91,60.3 1 1
gin-artweb/internal/handler/resource/package.go:62.2,63.16 2 0
gin-artweb/internal/handler/resource/package.go:63.16,72.3 4 0
gin-artweb/internal/handler/resource/package.go:73.2,83.17 4 0
gin-artweb/internal/handler/resource/package.go:83.17,92.3 3 0
gin-artweb/internal/handler/resource/package.go:94.2,103.4 2 0
gin-artweb/internal/handler/resource/package.go:117.56,124.96 6 2
gin-artweb/internal/handler/resource/package.go:124.96,126.3 1 1
gin-artweb/internal/handler/resource/package.go:128.2,129.16 2 1
gin-artweb/internal/handler/resource/package.go:129.16,138.3 3 1
gin-artweb/internal/handler/resource/package.go:140.2,145.55 2 0
gin-artweb/internal/handler/resource/package.go:159.53,165.96 5 3
gin-artweb/internal/handler/resource/package.go:165.96,167.3 1 1
gin-artweb/internal/handler/resource/package.go:169.2,170.16 2 2
gin-artweb/internal/handler/resource/package.go:170.16,179.3 3 1
gin-artweb/internal/handler/resource/package.go:181.2,185.4 2 1
gin-artweb/internal/handler/resource/package.go:198.54,204.87 5 2
gin-artweb/internal/handler/resource/package.go:204.87,206.3 1 0
gin-artweb/internal/handler/resource/package.go:208.2,210.16 3 2
gin-artweb/internal/handler/resource/package.go:210.16,221.3 3 0
gin-artweb/internal/handler/resource/package.go:223.2,227.4 2 2
gin-artweb/internal/handler/resource/package.go:241.58,248.96 6 0
gin-artweb/internal/handler/resource/package.go:248.96,250.3 1 0
gin-artweb/internal/handler/resource/package.go:252.2,253.16 2 0
gin-artweb/internal/handler/resource/package.go:253.16,262.3 3 0
gin-artweb/internal/handler/resource/package.go:265.2,266.82 2 0
gin-artweb/internal/handler/resource/package.go:266.82,276.3 3 0
gin-artweb/internal/handler/resource/package.go:278.2,284.3 1 0
gin-artweb/internal/handler/resource/package.go:287.57,293.2 5 1
gin-artweb/internal/handler/resource/terminal.go:21.42,23.19 2 0
gin-artweb/internal/handler/resource/terminal.go:23.19,25.4 1 0
gin-artweb/internal/handler/resource/terminal.go:26.3,27.42 2 0
gin-artweb/internal/handler/resource/terminal.go:27.42,28.70 1 0
gin-artweb/internal/handler/resource/terminal.go:28.70,30.5 1 0
gin-artweb/internal/handler/resource/terminal.go:32.3,32.15 1 0
gin-artweb/internal/handler/resource/terminal.go:41.101,46.2 1 1
gin-artweb/internal/handler/resource/terminal.go:48.59,53.102 4 0
gin-artweb/internal/handler/resource/terminal.go:53.102,55.3 1 0
gin-artweb/internal/handler/resource/terminal.go:57.2,58.15 2 0
gin-artweb/internal/handler/resource/terminal.go:58.15,60.3 1 0
gin-artweb/internal/handler/resource/terminal.go:62.2,63.15 2 0
gin-artweb/internal/handler/resource/terminal.go:63.15,65.3 1 0
gin-artweb/internal/handler/resource/terminal.go:67.2,68.16 2 0
gin-artweb/internal/handler/resource/terminal.go:68.16,71.3 2 0
gin-artweb/internal/handler/resource/terminal.go:72.2,75.16 3 0
gin-artweb/internal/handler/resource/terminal.go:75.16,79.3 3 0
gin-artweb/internal/handler/resource/terminal.go:80.2,82.45 2 0
gin-artweb/internal/handler/resource/terminal.go:82.45,86.3 3 0
gin-artweb/internal/handler/resource/terminal.go:88.2,90.12 2 0
gin-artweb/internal/handler/resource/terminal.go:90.12,92.7 2 0
gin-artweb/internal/handler/resource/terminal.go:92.7,94.18 2 0
gin-artweb/internal/handler/resource/terminal.go:94.18,95.29 1 0
gin-artweb/internal/handler/resource/terminal.go:95.29,97.6 1 0
gin-artweb/internal/handler/resource/terminal.go:98.5,98.11 1 0
gin-artweb/internal/handler/resource/terminal.go:100.4,100.75 1 0
gin-artweb/internal/handler/resource/terminal.go:100.75,103.5 2 0
gin-artweb/internal/handler/resource/terminal.go:107.2,107.12 1 0
gin-artweb/internal/handler/resource/terminal.go:107.12,108.7 1 0
gin-artweb/internal/handler/resource/terminal.go:108.7,110.18 2 0
gin-artweb/internal/handler/resource/terminal.go:110.18,112.5 1 0
gin-artweb/internal/handler/resource/terminal.go:113.4,113.75 1 0
gin-artweb/internal/handler/resource/terminal.go:113.75,115.5 1 0
gin-artweb/internal/handler/resource/terminal.go:119.2,119.12 1 0
gin-artweb/internal/handler/resource/terminal.go:119.12,120.7 1 0
gin-artweb/internal/handler/resource/terminal.go:120.7,122.18 2 0
gin-artweb/internal/handler/resource/terminal.go:122.18,123.48 1 0
gin-artweb/internal/handler/resource/terminal.go:123.48,125.6 1 0
gin-artweb/internal/handler/resource/terminal.go:126.5,126.11 1 0
gin-artweb/internal/handler/resource/terminal.go:129.4,129.48 1 0
gin-artweb/internal/handler/resource/terminal.go:129.48,131.24 2 0
gin-artweb/internal/handler/resource/terminal.go:131.24,132.60 1 0
gin-artweb/internal/handler/resource/terminal.go:132.60,133.61 1 0
gin-artweb/internal/handler/resource/terminal.go:133.61,135.8 1 0
gin-artweb/internal/handler/resource/terminal.go:138.5,138.13 1 0
gin-artweb/internal/handler/resource/terminal.go:141.4,142.18 2 0
gin-artweb/internal/handler/resource/terminal.go:142.18,145.5 2 0
gin-artweb/internal/handler/resource/terminal.go:149.2,149.8 1 0
gin-artweb/internal/handler/job/record.go:30.24,35.2 1 1
gin-artweb/internal/handler/job/record.go:48.64,55.79 6 23
gin-artweb/internal/handler/job/record.go:55.79,57.3 1 4
gin-artweb/internal/handler/job/record.go:59.2,76.17 6 19
gin-artweb/internal/handler/job/record.go:76.17,86.3 3 1
gin-artweb/internal/handler/job/record.go:88.2,105.4 3 18
gin-artweb/internal/handler/job/record.go:120.63,126.96 5 3
gin-artweb/internal/handler/job/record.go:126.96,128.3 1 1
gin-artweb/internal/handler/job/record.go:130.2,131.16 2 2
gin-artweb/internal/handler/job/record.go:131.16,140.3 3 1
gin-artweb/internal/handler/job/record.go:142.2,146.4 2 1
gin-artweb/internal/handler/job/record.go:160.64,168.62 5 7
gin-artweb/internal/handler/job/record.go:168.62,170.3 1 0
gin-artweb/internal/handler/job/record.go:172.2,174.16 3 7
gin-artweb/internal/handler/job/record.go:174.16,185.3 3 0
gin-artweb/internal/handler/job/record.go:187.2,191.4 2 7
gin-artweb/internal/handler/job/record.go:206.71,212.96 5 4
gin-artweb/internal/handler/job/record.go:212.96,214.3 1 1
gin-artweb/internal/handler/job/record.go:216.2,217.16 2 3
gin-artweb/internal/handler/job/record.go:217.16,226.3 3 1
gin-artweb/internal/handler/job/record.go:228.2,230.16 3 2
gin-artweb/internal/handler/job/record.go:230.16,240.3 3 1
gin-artweb/internal/handler/job/record.go:242.2,247.3 1 1
gin-artweb/internal/handler/job/record.go:261.69,268.64 5 3
gin-artweb/internal/handler/job/record.go:268.64,270.3 1 1
gin-artweb/internal/handler/job/record.go:272.2,284.17 6 2
gin-artweb/internal/handler/job/record.go:284.17,294.3 3 1
gin-artweb/internal/handler/job/record.go:295.2,303.52 3 1
gin-artweb/internal/handler/job/record.go:303.52,313.3 4 1
gin-artweb/internal/handler/job/record.go:316.2,317.16 2 0
gin-artweb/internal/handler/job/record.go:317.16,328.3 4 0
gin-artweb/internal/handler/job/record.go:329.2,336.16 4 0
gin-artweb/internal/handler/job/record.go:336.16,347.3 4 0
gin-artweb/internal/handler/job/record.go:348.2,354.33 5 0
gin-artweb/internal/handler/job/record.go:354.33,365.3 4 0
gin-artweb/internal/handler/job/record.go:366.2,366.11 1 0
gin-artweb/internal/handler/job/record.go:366.11,368.34 2 0
gin-artweb/internal/handler/job/record.go:368.34,369.18 1 0
gin-artweb/internal/handler/job/record.go:369.18,372.20 1 0
gin-artweb/internal/handler/job/record.go:372.20,382.6 4 0
gin-artweb/internal/handler/job/record.go:385.3,385.19 1 0
gin-artweb/internal/handler/job/record.go:389.2,389.60 1 0
gin-artweb/internal/handler/job/record.go:389.60,397.3 2 0
gin-artweb/internal/handler/job/record.go:399.2,409.6 4 0
gin-artweb/internal/handler/job/record.go:409.6,410.10 1 0
gin-artweb/internal/handler/job/record.go:411.21,417.10 2 0
gin-artweb/internal/handler/job/record.go:418.21,424.10 2 0
gin-artweb/internal/handler/job/record.go:425.19,428.18 2 0
gin-artweb/internal/handler/job/record.go:428.18,436.5 2 0
gin-artweb/internal/handler/job/record.go:438.4,441.29 2 0
gin-artweb/internal/handler/job/record.go:441.29,444.19 2 0
gin-artweb/internal/handler/job/record.go:444.19,452.6 2 0
gin-artweb/internal/handler/job/record.go:455.5,457.36 3 0
gin-artweb/internal/handler/job/record.go:457.36,465.6 2 0
gin-artweb/internal/handler/job/record.go:467.5,467.14 1 0
gin-artweb/internal/handler/job/record.go:467.14,469.33 2 0
gin-artweb/internal/handler/job/record.go:469.33,470.21 1 0
gin-artweb/internal/handler/job/record.go:470.21,473.23 1 0
gin-artweb/internal/handler/job/record.go:473.23,483.9 4 0
gin-artweb/internal/handler/job/record.go:486.6,486.22 1 0
gin-artweb/internal/handler/job/record.go:489.5,489.26 1 0
gin-artweb/internal/handler/job/record.go:490.10,490.52 1 0
gin-artweb/internal/handler/job/record.go:490.52,493.19 2 0
gin-artweb/internal/handler/job/record.go:493.19,501.6 2 0
gin-artweb/internal/handler/job/record.go:502.5,503.9 2 0
gin-artweb/internal/handler/job/record.go:503.9,505.37 2 0
gin-artweb/internal/handler/job/record.go:505.37,513.7 2 0
gin-artweb/internal/handler/job/record.go:514.6,514.16 1 0
gin-artweb/internal/handler/job/record.go:514.16,515.12 1 0
gin-artweb/internal/handler/job/record.go:518.6,519.36 2 0
gin-artweb/internal/handler/job/record.go:519.36,521.48 1 0
gin-artweb/internal/handler/job/record.go:521.48,522.16 1 0
gin-artweb/internal/handler/job/record.go:524.7,524.21 1 0
gin-artweb/internal/handler/job/record.go:524.21,527.23 1 0
gin-artweb/internal/handler/job/record.go:527.23,537.9 4 0
gin-artweb/internal/handler/job/record.go:540.6,541.29 2 0
gin-artweb/internal/handler/job/record.go:544.5,544.37 1 0
gin-artweb/internal/handler/job/record.go:548.4,548.62 1 0
gin-artweb/internal/handler/job/record.go:548.62,556.5 2 0
gin-artweb/internal/handler/job/record.go:570.66,576.90 5 3
gin-artweb/internal/handler/job/record.go:576.90,578.3 1 1
gin-artweb/internal/handler/job/record.go:580.2,592.55 4 2
gin-artweb/internal/handler/job/record.go:595.62,602.2 6 27
gin-artweb/internal/handler/job/schedule.go:27.20,32.2 1 1
gin-artweb/internal/handler/job/schedule.go:45.58,52.85 6 5
gin-artweb/internal/handler/job/schedule.go:52.85,54.3 1 2
gin-artweb/internal/handler/job/schedule.go:56.2,56.92 1 3
gin-artweb/internal/handler/job/schedule.go:56.92,65.3 3 1
gin-artweb/internal/handler/job/schedule.go:67.2,68.17 2 2
gin-artweb/internal/handler/job/schedule.go:68.17,77.3 3 1
gin-artweb/internal/handler/job/schedule.go:79.2,88.4 2 1
gin-artweb/internal/handler/job/schedule.go:104.58,111.102 6 4
gin-artweb/internal/handler/job/schedule.go:111.102,113.3 1 1
gin-artweb/internal/handler/job/schedule.go:115.2,116.103 2 3
gin-artweb/internal/handler/job/schedule.go:116.103,118.3 1 0
gin-artweb/internal/handler/job/schedule.go:120.2,120.92 1 3
gin-artweb/internal/handler/job/schedule.go:120.92,128.3 3 1
gin-artweb/internal/handler/job/schedule.go:130.2,131.16 2 2
gin-artweb/internal/handler/job/schedule.go:131.16,141.3 3 1
gin-artweb/internal/handler/job/schedule.go:143.2,152.4 2 1
gin-artweb/internal/handler/job/schedule.go:167.58,174.102 6 3
gin-artweb/internal/handler/job/schedule.go:174.102,176.3 1 1
gin-artweb/internal/handler/job/schedule.go:178.2,179.16 2 2
gin-artweb/internal/handler/job/schedule.go:179.16,188.3 3 1
gin-artweb/internal/handler/job/schedule.go:190.2,196.55 2 1
gin-artweb/internal/handler/job/schedule.go:211.55,217.96 5 3
gin-artweb/internal/handler/job/schedule.go:217.96,219.3 1 1
gin-artweb/internal/handler/job/schedule.go:221.2,222.16 2 2
gin-artweb/internal/handler/job/schedule.go:222.16,231.3 3 1
gin-artweb/internal/handler/job/schedule.go:233.2,237.4 2 1
gin-artweb/internal/handler/job/schedule.go:251.56,257.96 5 5
gin-artweb/internal/handler/job/schedule.go:257.96,259.3 1 0
gin-artweb/internal/handler/job/schedule.go:261.2,263.16 3 5
gin-artweb/internal/handler/job/schedule.go:263.16,274.3 3 0
gin-artweb/internal/handler/job/schedule.go:276.2,280.4 2 5
gin-artweb/internal/handler/job/schedule.go:283.58,289.2 5 23
gin-artweb/internal/handler/job/script.go:28.18,34.2 1 1
gin-artweb/internal/handler/job/script.go:53.54,60.91 6 5
gin-artweb/internal/handler/job/script.go:60.91,62.3 1 4
[...]
gin-artweb/internal/service/sys/role.go:527.2,527.16 1 1
gin-artweb/internal/service/sys/role.go:527.16,533.3 2 0
gin-artweb/internal/service/sys/role.go:535.2,536.16 2 1
gin-artweb/internal/service/sys/role.go:536.16,544.3 2 0
gin-artweb/internal/service/sys/role.go:545.2,545.23 1 1
gin-artweb/internal/service/sys/role.go:550.9,560.16 5 3
gin-artweb/internal/service/sys/role.go:560.16,568.3 2 1
gin-artweb/internal/service/sys/role.go:570.2,571.20 2 2
gin-artweb/internal/service/sys/role.go:571.20,577.3 2 0
gin-artweb/internal/service/sys/role.go:579.2,580.20 2 2
gin-artweb/internal/service/sys/role.go:580.20,581.63 1 17
gin-artweb/internal/service/sys/role.go:581.63,588.4 2 0
gin-artweb/internal/service/sys/role.go:592.2,602.19 3 2
gin-artweb/internal/service/sys/role.go:602.19,604.3 1 0
gin-artweb/internal/service/sys/role.go:605.2,605.12 1 2
gin-artweb/internal/service/sys/role.go:611.44,613.22 2 3
gin-artweb/internal/service/sys/role.go:613.22,615.3 1 1
gin-artweb/internal/service/sys/role.go:616.2,619.17 3 2
gin-artweb/internal/service/sys/role.go:619.17,627.3 2 0
gin-artweb/internal/service/sys/role.go:629.2,631.31 3 2
gin-artweb/internal/service/sys/role.go:631.31,633.27 2 3
gin-artweb/internal/service/sys/role.go:633.27,635.4 1 2
gin-artweb/internal/service/sys/role.go:638.2,639.35 2 2
gin-artweb/internal/service/sys/role.go:639.35,641.3 1 1
gin-artweb/internal/service/sys/role.go:643.2,644.32 2 2
gin-artweb/internal/service/sys/role.go:644.32,646.17 2 2
gin-artweb/internal/service/sys/role.go:646.17,654.4 2 0
gin-artweb/internal/service/sys/role.go:655.3,655.31 1 2
gin-artweb/internal/service/sys/role.go:658.2,658.20 1 2
gin-artweb/internal/service/sys/role.go:665.43,667.26 2 3
gin-artweb/internal/service/sys/role.go:667.26,668.53 1 5
gin-artweb/internal/service/sys/role.go:668.53,670.4 1 1
gin-artweb/internal/service/sys/role.go:672.2,673.33 2 3
gin-artweb/internal/service/sys/role.go:673.33,675.17 2 1
gin-artweb/internal/service/sys/role.go:675.17,677.4 1 0
gin-artweb/internal/service/sys/role.go:678.3,678.46 1 1
gin-artweb/internal/service/sys/role.go:680.2,681.28 2 3
gin-artweb/internal/service/sys/role.go:681.28,682.28 1 2
gin-artweb/internal/service/sys/role.go:682.28,684.4 1 1
gin-artweb/internal/service/sys/role.go:686.2,690.8 1 3
gin-artweb/internal/service/sys/user.go:44.16,54.2 1 1
gin-artweb/internal/service/sys/user.go:59.40,61.22 2 12
gin-artweb/internal/service/sys/user.go:61.22,63.3 1 1
gin-artweb/internal/service/sys/user.go:64.2,67.16 3 11
gin-artweb/internal/service/sys/user.go:67.16,75.3 2 0
gin-artweb/internal/service/sys/user.go:76.2,76.15 1 11
gin-artweb/internal/service/sys/user.go:82.40,84.22 2 11
gin-artweb/internal/service/sys/user.go:84.22,86.3 1 1
gin-artweb/internal/service/sys/user.go:87.2,95.65 3 10
gin-artweb/internal/service/sys/user.go:95.65,102.3 2 0
gin-artweb/internal/service/sys/user.go:104.2,107.68 2 10
gin-artweb/internal/service/sys/user.go:107.68,114.3 2 0
gin-artweb/internal/service/sys/user.go:114.8,116.3 1 10
gin-artweb/internal/service/sys/user.go:119.2,120.17 2 10
gin-artweb/internal/service/sys/user.go:120.17,128.3 2 0
gin-artweb/internal/service/sys/user.go:129.2,131.56 2 10
gin-artweb/internal/service/sys/user.go:131.56,139.3 2 0
gin-artweb/internal/service/sys/user.go:141.2,146.16 2 10
gin-artweb/internal/service/sys/user.go:153.17,155.22 2 2
gin-artweb/internal/service/sys/user.go:155.22,157.3 1 1
gin-artweb/internal/service/sys/user.go:158.2,167.82 4 1
gin-artweb/internal/service/sys/user.go:167.82,176.3 2 0
gin-artweb/internal/service/sys/user.go:178.2,183.12 2 1
gin-artweb/internal/service/sys/user.go:189.17,191.22 2 2
gin-artweb/internal/service/sys/user.go:191.22,193.3 1 1
gin-artweb/internal/service/sys/user.go:194.2,201.65 3 1
gin-artweb/internal/service/sys/user.go:201.65,209.3 2 0
gin-artweb/internal/service/sys/user.go:211.2,211.60 1 1
gin-artweb/internal/service/sys/user.go:211.60,219.3 2 0
gin-artweb/internal/service/sys/user.go:221.2,226.12 2 1
gin-artweb/internal/service/sys/user.go:233.40,235.22 2 7
gin-artweb/internal/service/sys/user.go:235.22,237.3 1 1
gin-artweb/internal/service/sys/user.go:238.2,241.16 3 6
gin-artweb/internal/service/sys/user.go:241.16,250.3 2 1
gin-artweb/internal/service/sys/user.go:252.2,256.15 2 5
gin-artweb/internal/service/sys/user.go:263.40,265.22 2 6
gin-artweb/internal/service/sys/user.go:265.22,267.3 1 1
gin-artweb/internal/service/sys/user.go:268.2,271.16 3 5
gin-artweb/internal/service/sys/user.go:271.16,280.3 2 0
gin-artweb/internal/service/sys/user.go:282.2,286.15 2 5
gin-artweb/internal/service/sys/user.go:293.48,295.22 2 2
gin-artweb/internal/service/sys/user.go:295.22,297.3 1 1
gin-artweb/internal/service/sys/user.go:298.2,317.16 6 1
gin-artweb/internal/service/sys/user.go:317.16,325.3 2 0
gin-artweb/internal/service/sys/user.go:327.2,327.16 1 1
gin-artweb/internal/service/sys/user.go:327.16,333.3 2 0
gin-artweb/internal/service/sys/user.go:335.2,336.16 2 1
gin-artweb/internal/service/sys/user.go:336.16,344.3 2 0
gin-artweb/internal/service/sys/user.go:345.2,345.23 1 1
gin-artweb/internal/service/sys/user.go:352.55,354.22 2 2
gin-artweb/internal/service/sys/user.go:354.22,356.3 1 1
gin-artweb/internal/service/sys/user.go:357.2,376.16 6 1
gin-artweb/internal/service/sys/user.go:376.16,384.3 2 0
gin-artweb/internal/service/sys/user.go:386.2,386.16 1 1
gin-artweb/internal/service/sys/user.go:386.16,392.3 2 0
gin-artweb/internal/service/sys/user.go:394.2,395.16 2 1
gin-artweb/internal/service/sys/user.go:395.16,403.3 2 0
gin-artweb/internal/service/sys/user.go:404.2,404.23 1 1
gin-artweb/internal/service/sys/user.go:411.35,413.22 2 5
gin-artweb/internal/service/sys/user.go:413.22,415.3 1 1
gin-artweb/internal/service/sys/user.go:416.2,426.16 4 4
gin-artweb/internal/service/sys/user.go:426.16,435.3 2 0
gin-artweb/internal/service/sys/user.go:437.2,437.14 1 4
gin-artweb/internal/service/sys/user.go:437.14,445.3 2 0
gin-artweb/internal/service/sys/user.go:447.2,455.15 2 4
gin-artweb/internal/service/sys/user.go:455.15,456.63 1 4
gin-artweb/internal/service/sys/user.go:456.63,463.4 1 0
gin-artweb/internal/service/sys/user.go:464.3,464.17 1 4
gin-artweb/internal/service/sys/user.go:464.17,466.4 1 3
gin-artweb/internal/service/sys/user.go:466.9,467.15 1 1
gin-artweb/internal/service/sys/user.go:467.15,469.5 1 1
gin-artweb/internal/service/sys/user.go:471.3,471.77 1 4
gin-artweb/internal/service/sys/user.go:471.77,478.4 1 0
gin-artweb/internal/service/sys/user.go:481.2,482.17 2 4
gin-artweb/internal/service/sys/user.go:482.17,493.3 2 0
gin-artweb/internal/service/sys/user.go:496.2,496.17 1 4
gin-artweb/internal/service/sys/user.go:496.17,505.3 2 0
gin-artweb/internal/service/sys/user.go:507.2,507.73 1 4
gin-artweb/internal/service/sys/user.go:507.73,518.3 2 1
gin-artweb/internal/service/sys/user.go:521.2,536.16 5 3
gin-artweb/internal/service/sys/user.go:536.16,545.3 2 0
gin-artweb/internal/service/sys/user.go:547.2,548.16 2 3
gin-artweb/internal/service/sys/user.go:548.16,557.3 2 0
gin-artweb/internal/service/sys/user.go:558.2,558.39 1 3
gin-artweb/internal/service/sys/user.go:564.17,566.16 2 8
gin-artweb/internal/service/sys/user.go:566.16,568.3 1 0
gin-artweb/internal/service/sys/user.go:570.2,570.15 1 8
gin-artweb/internal/service/sys/user.go:570.15,572.3 1 3
gin-artweb/internal/service/sys/user.go:574.2,574.12 1 5
gin-artweb/internal/service/sys/user.go:580.27,582.16 2 12
gin-artweb/internal/service/sys/user.go:582.16,584.3 1 0
gin-artweb/internal/service/sys/user.go:585.2,585.28 1 12
gin-artweb/internal/service/sys/user.go:590.17,592.39 2 14
gin-artweb/internal/service/sys/user.go:592.39,594.3 1 2
gin-artweb/internal/service/sys/user.go:595.2,595.12 1 12
gin-artweb/internal/service/sys/user.go:602.17,604.22 2 2
gin-artweb/internal/service/sys/user.go:604.22,606.3 1 0
gin-artweb/internal/service/sys/user.go:607.2,614.65 3 2
gin-artweb/internal/service/sys/user.go:614.65,622.3 2 0
gin-artweb/internal/service/sys/user.go:624.2,624.61 1 2
gin-artweb/internal/service/sys/user.go:624.61,631.3 2 1
gin-artweb/internal/service/sys/user.go:634.2,635.16 2 1
gin-artweb/internal/service/sys/user.go:635.16,642.3 2 0
gin-artweb/internal/service/sys/user.go:645.2,645.114 1 1
gin-artweb/internal/service/sys/user.go:645.114,652.3 2 0
gin-artweb/internal/service/sys/user.go:654.2,659.12 2 1
gin-artweb/internal/service/sys/user.go:667.17,669.22 2 3
gin-artweb/internal/service/sys/user.go:669.22,671.3 1 1
gin-artweb/internal/service/sys/user.go:672.2,676.16 3 2
gin-artweb/internal/service/sys/user.go:676.16,684.3 2 0
gin-artweb/internal/service/sys/user.go:686.2,686.70 1 2
gin-artweb/internal/service/sys/user.go:686.70,694.3 2 1
gin-artweb/internal/service/sys/user.go:696.2,696.65 1 1
gin-artweb/internal/service/sys/user.go:696.65,704.3 2 0
gin-artweb/internal/service/sys/user.go:706.2,706.12 1 1
gin-artweb/internal/service/sys/user.go:712.35,714.22 2 3
gin-artweb/internal/service/sys/user.go:714.22,716.3 1 1
gin-artweb/internal/service/sys/user.go:717.2,720.17 3 2
gin-artweb/internal/service/sys/user.go:720.17,727.3 2 1
gin-artweb/internal/service/sys/user.go:729.2,730.74 2 1
gin-artweb/internal/service/sys/user.go:730.74,737.3 2 0
gin-artweb/internal/service/sys/user.go:738.2,746.16 3 1
gin-artweb/internal/service/sys/user.go:746.16,753.3 2 0
gin-artweb/internal/service/sys/user.go:754.2,755.16 2 1
gin-artweb/internal/service/sys/user.go:755.16,762.3 2 0
gin-artweb/internal/service/sys/user.go:763.2,763.39 1 1
gin-artweb/internal/handler/sys/api.go:28.15,33.2 1 2
gin-artweb/internal/handler/sys/api.go:45.48,52.85 6 2
gin-artweb/internal/handler/sys/api.go:52.85,54.3 1 1
gin-artweb/internal/handler/sys/api.go:56.2,57.16 2 1
gin-artweb/internal/handler/sys/api.go:57.16,66.3 3 0
gin-artweb/internal/handler/sys/api.go:68.2,78.4 3 1
gin-artweb/internal/handler/sys/api.go:93.48,100.84 6 2
gin-artweb/internal/handler/sys/api.go:100.84,102.3 1 0
gin-artweb/internal/handler/sys/api.go:104.2,105.85 2 2
gin-artweb/internal/handler/sys/api.go:105.85,107.3 1 0
gin-artweb/internal/handler/sys/api.go:109.2,110.16 2 2
gin-artweb/internal/handler/sys/api.go:110.16,120.3 3 1
gin-artweb/internal/handler/sys/api.go:122.2,132.4 3 1
gin-artweb/internal/handler/sys/api.go:146.48,153.84 6 2
gin-artweb/internal/handler/sys/api.go:153.84,155.3 1 0
gin-artweb/internal/handler/sys/api.go:157.2,157.60 1 2
gin-artweb/internal/handler/sys/api.go:157.60,166.3 3 1
gin-artweb/internal/handler/sys/api.go:168.2,174.55 2 1
gin-artweb/internal/handler/sys/api.go:188.45,194.84 5 2
gin-artweb/internal/handler/sys/api.go:194.84,196.3 1 0
gin-artweb/internal/handler/sys/api.go:198.2,199.16 2 2
gin-artweb/internal/handler/sys/api.go:199.16,208.3 3 1
gin-artweb/internal/handler/sys/api.go:210.2,214.4 2 1
gin-artweb/internal/handler/sys/api.go:228.46,234.102 5 2
gin-artweb/internal/handler/sys/api.go:234.102,236.3 1 0
gin-artweb/internal/handler/sys/api.go:238.2,240.16 3 2
gin-artweb/internal/handler/sys/api.go:240.16,251.3 3 0
gin-artweb/internal/handler/sys/api.go:253.2,257.4 2 2
gin-artweb/internal/handler/sys/api.go:261.53,267.2 5 1
gin-artweb/internal/handler/sys/button.go:28.18,33.2 1 2
gin-artweb/internal/handler/sys/button.go:46.54,53.91 6 2
gin-artweb/internal/handler/sys/button.go:53.91,55.3 1 1
gin-artweb/internal/handler/sys/button.go:57.2,58.16 2 1
gin-artweb/internal/handler/sys/button.go:58.16,67.3 3 0
gin-artweb/internal/handler/sys/button.go:69.2,78.4 2 1
gin-artweb/internal/handler/sys/button.go:94.54,101.90 6 2
gin-artweb/internal/handler/sys/button.go:101.90,103.3 1 0
gin-artweb/internal/handler/sys/button.go:105.2,106.91 2 2
gin-artweb/internal/handler/sys/button.go:106.91,108.3 1 0
gin-artweb/internal/handler/sys/button.go:110.2,111.16 2 2
gin-artweb/internal/handler/sys/button.go:111.16,121.3 3 1
gin-artweb/internal/handler/sys/button.go:123.2,132.4 2 1
gin-artweb/internal/handler/sys/button.go:147.54,154.90 6 2
gin-artweb/internal/handler/sys/button.go:154.90,156.3 1 0
gin-artweb/internal/handler/sys/button.go:158.2,159.16 2 2
gin-artweb/internal/handler/sys/button.go:159.16,168.3 3 1
gin-artweb/internal/handler/sys/button.go:170.2,176.55 2 1
gin-artweb/internal/handler/sys/button.go:191.51,197.90 5 2
gin-artweb/internal/handler/sys/button.go:197.90,199.3 1 0
gin-artweb/internal/handler/sys/button.go:201.2,202.16 2 2
gin-artweb/internal/handler/sys/button.go:202.16,211.3 3 1
gin-artweb/internal/handler/sys/button.go:213.2,216.4 1 1
gin-artweb/internal/handler/sys/button.go:230.52,237.102 6 2
gin-artweb/internal/handler/sys/button.go:237.102,239.3 1 0
gin-artweb/internal/handler/sys/button.go:241.2,243.16 3 2
gin-artweb/internal/handler/sys/button.go:243.16,254.3 3 0
gin-artweb/internal/handler/sys/button.go:256.2,260.4 2 2
gin-artweb/internal/handler/sys/button.go:264.56,270.2 5 1
gin-artweb/internal/handler/sys/menu.go:28.16,33.2 1 2
gin-artweb/internal/handler/sys/menu.go:46.50,53.91 6 2
gin-artweb/internal/handler/sys/menu.go:53.91,55.3 1 1
gin-artweb/internal/handler/sys/menu.go:57.2,57.47 1 1
gin-artweb/internal/handler/sys/menu.go:57.47,59.3 1 0
gin-artweb/internal/handler/sys/menu.go:61.2,62.16 2 1
gin-artweb/internal/handler/sys/menu.go:62.16,71.3 3 0
gin-artweb/internal/handler/sys/menu.go:73.2,83.4 3 1
gin-artweb/internal/handler/sys/menu.go:99.50,106.90 6 2
gin-artweb/internal/handler/sys/menu.go:106.90,108.3 1 0
gin-artweb/internal/handler/sys/menu.go:110.2,111.91 2 2
gin-artweb/internal/handler/sys/menu.go:111.91,113.3 1 0
gin-artweb/internal/handler/sys/menu.go:115.2,116.16 2 2
gin-artweb/internal/handler/sys/menu.go:116.16,126.3 3 1
gin-artweb/internal/handler/sys/menu.go:128.2,138.4 3 1
gin-artweb/internal/handler/sys/menu.go:153.50,160.90 6 2
gin-artweb/internal/handler/sys/menu.go:160.90,162.3 1 0
gin-artweb/internal/handler/sys/menu.go:164.2,165.16 2 2
gin-artweb/internal/handler/sys/menu.go:165.16,174.3 3 1
gin-artweb/internal/handler/sys/menu.go:176.2,182.55 2 1
gin-artweb/internal/handler/sys/menu.go:197.47,203.90 5 2
gin-artweb/internal/handler/sys/menu.go:203.90,205.3 1 0
gin-artweb/internal/handler/sys/menu.go:207.2,208.16 2 2
gin-artweb/internal/handler/sys/menu.go:208.16,217.3 3 1
gin-artweb/internal/handler/sys/menu.go:219.2,223.4 2 1
gin-artweb/internal/handler/sys/menu.go:237.48,244.102 6 2
gin-artweb/internal/handler/sys/menu.go:244.102,246.3 1 0
gin-artweb/internal/handler/sys/menu.go:248.2,250.16 3 2
gin-artweb/internal/handler/sys/menu.go:250.16,261.3 3 0
gin-artweb/internal/handler/sys/menu.go:263.2,267.4 2 2
gin-artweb/internal/handler/sys/menu.go:271.54,277.2 5 1
gin-artweb/internal/handler/sys/role.go:28.16,33.2 1 2
gin-artweb/internal/handler/sys/role.go:46.50,53.91 6 2
gin-artweb/internal/handler/sys/role.go:53.91,55.3 1 1
gin-artweb/internal/handler/sys/role.go:57.2,58.16 2 1
gin-artweb/internal/handler/sys/role.go:58.16,67.3 3 0
gin-artweb/internal/handler/sys/role.go:69.2,78.4 2 1
gin-artweb/internal/handler/sys/role.go:94.50,101.84 6 2
gin-artweb/internal/handler/sys/role.go:101.84,103.3 1 0
gin-artweb/internal/handler/sys/role.go:105.2,106.91 2 2
gin-artweb/internal/handler/sys/role.go:106.91,108.3 1 0
gin-artweb/internal/handler/sys/role.go:110.2,111.16 2 2
gin-artweb/internal/handler/sys/role.go:111.16,121.3 3 1
gin-artweb/internal/handler/sys/role.go:123.2,131.4 2 1
gin-artweb/internal/handler/sys/role.go:146.50,153.84 6 2
gin-artweb/internal/handler/sys/role.go:153.84,155.3 1 0
gin-artweb/internal/handler/sys/role.go:157.2,157.62 1 2
gin-artweb/internal/handler/sys/role.go:157.62,166.3 3 1
gin-artweb/internal/handler/sys/role.go:168.2,174.55 2 1
gin-artweb/internal/handler/sys/role.go:189.47,195.84 5 2
gin-artweb/internal/handler/sys/role.go:195.84,197.3 1 0
gin-artweb/internal/handler/sys/role.go:199.2,200.16 2 2
gin-artweb/internal/handler/sys/role.go:200.16,209.3 3 1
gin-artweb/internal/handler/sys/role.go:211.2,214.4 1 1
gin-artweb/internal/handler/sys/role.go:228.48,235.90 6 2
gin-artweb/internal/handler/sys/role.go:235.90,237.3 1 0
gin-artweb/internal/handler/sys/role.go:239.2,241.16 3 2
gin-artweb/internal/handler/sys/role.go:241.16,252.3 3 0
gin-artweb/internal/handler/sys/role.go:254.2,258.4 2 2
gin-artweb/internal/handler/sys/role.go:271.55,279.16 7 0
gin-artweb/internal/handler/sys/role.go:279.16,288.3 3 0
gin-artweb/internal/handler/sys/role.go:290.2,293.4 1 0
gin-artweb/internal/handler/sys/role.go:297.54,303.2 5 1
gin-artweb/internal/handler/sys/user.go:28.16,33.2 1 2
gin-artweb/internal/handler/sys/user.go:46.50,53.91 6 3
gin-artweb/internal/handler/sys/user.go:53.91,55.3 1 1
gin-artweb/internal/handler/sys/user.go:57.2,58.16 2 2
gin-artweb/internal/handler/sys/user.go:58.16,67.3 3 1
gin-artweb/internal/handler/sys/user.go:69.2,78.4 2 1
gin-artweb/internal/handler/sys/user.go:94.50,101.84 6 3
gin-artweb/internal/handler/sys/user.go:101.84,103.3 1 0
gin-artweb/internal/handler/sys/user.go:105.2,106.91 2 3
gin-artweb/internal/handler/sys/user.go:106.91,108.3 1 1
gin-artweb/internal/handler/sys/user.go:110.2,111.16 2 2
gin-artweb/internal/handler/sys/user.go:111.16,121.3 3 0
gin-artweb/internal/handler/sys/user.go:123.2,124.16 2 2
gin-artweb/internal/handler/sys/user.go:124.16,133.3 3 1
gin-artweb/internal/handler/sys/user.go:135.2,144.4 2 1
gin-artweb/internal/handler/sys/user.go:159.50,166.84 6 3
gin-artweb/internal/handler/sys/user.go:166.84,168.3 1 1
gin-artweb/internal/handler/sys/user.go:170.2,171.16 2 2
gin-artweb/internal/handler/sys/user.go:171.16,180.3 3 1
gin-artweb/internal/handler/sys/user.go:182.2,188.55 2 1
gin-artweb/internal/handler/sys/user.go:203.47,209.90 5 3
gin-artweb/internal/handler/sys/user.go:209.90,211.3 1 1
gin-artweb/internal/handler/sys/user.go:213.2,214.16 2 2
gin-artweb/internal/handler/sys/user.go:214.16,223.3 3 1
gin-artweb/internal/handler/sys/user.go:225.2,228.4 1 1
gin-artweb/internal/handler/sys/user.go:242.48,248.108 5 3
gin-artweb/internal/handler/sys/user.go:248.108,250.3 1 0
gin-artweb/internal/handler/sys/user.go:252.2,254.16 3 3
gin-artweb/internal/handler/sys/user.go:254.16,265.3 3 0
gin-artweb/internal/handler/sys/user.go:267.2,271.4 2 3
gin-artweb/internal/handler/sys/user.go:287.53,294.90 6 4
gin-artweb/internal/handler/sys/user.go:294.90,296.3 1 0
gin-artweb/internal/handler/sys/user.go:298.2,299.103 2 4
gin-artweb/internal/handler/sys/user.go:299.103,301.3 1 1
gin-artweb/internal/handler/sys/user.go:303.2,304.16 2 3
gin-artweb/internal/handler/sys/user.go:304.16,313.3 3 2
gin-artweb/internal/handler/sys/user.go:315.2,320.55 2 1
gin-artweb/internal/handler/sys/user.go:335.53,342.103 6 4
gin-artweb/internal/handler/sys/user.go:342.103,344.3 1 1
gin-artweb/internal/handler/sys/user.go:346.2,348.16 3 3
gin-artweb/internal/handler/sys/user.go:348.16,357.3 3 2
gin-artweb/internal/handler/sys/user.go:359.2,364.55 2 1
gin-artweb/internal/handler/sys/user.go:378.45,385.91 6 10
gin-artweb/internal/handler/sys/user.go:385.91,387.3 1 1
gin-artweb/internal/handler/sys/user.go:389.2,395.16 3 9
gin-artweb/internal/handler/sys/user.go:395.16,404.3 3 2
gin-artweb/internal/handler/sys/user.go:406.2,418.4 2 7
gin-artweb/internal/handler/sys/user.go:432.52,439.91 6 3
gin-artweb/internal/handler/sys/user.go:439.91,441.3 1 1
gin-artweb/internal/handler/sys/user.go:443.2,444.17 2 2
gin-artweb/internal/handler/sys/user.go:444.17,452.3 3 1
gin-artweb/internal/handler/sys/user.go:454.2,465.4 2 1
gin-artweb/internal/handler/sys/user.go:479.55,485.132 5 2
gin-artweb/internal/handler/sys/user.go:485.132,487.3 1 0
gin-artweb/internal/handler/sys/user.go:489.2,491.16 3 2
gin-artweb/internal/handler/sys/user.go:491.16,502.3 3 0
gin-artweb/internal/handler/sys/user.go:504.2,508.4 2 2
gin-artweb/internal/handler/sys/user.go:523.57,529.132 5 1
gin-artweb/internal/handler/sys/user.go:529.132,531.3 1 0
gin-artweb/internal/handler/sys/user.go:533.2,537.16 5 1
gin-artweb/internal/handler/sys/user.go:537.16,548.3 3 0
gin-artweb/internal/handler/sys/user.go:550.2,554.4 2 1
gin-artweb/internal/handler/sys/user.go:558.54,566.2 7 35
