mode: atomic
gin-artweb/docs/docs.go:10847.13,10849.2 1 0
gin-artweb/internal/handler/mds/colony.go:30.21,36.2 1 0
gin-artweb/internal/handler/mds/colony.go:49.62,54.93 4 0
gin-artweb/internal/handler/mds/colony.go:54.93,56.3 1 0
gin-artweb/internal/handler/mds/colony.go:58.2,59.17 2 0
gin-artweb/internal/handler/mds/colony.go:59.17,68.3 3 0
gin-artweb/internal/handler/mds/colony.go:70.2,79.4 2 0
gin-artweb/internal/handler/mds/colony.go:95.62,100.98 4 0
gin-artweb/internal/handler/mds/colony.go:100.98,102.3 1 0
gin-artweb/internal/handler/mds/colony.go:104.2,105.93 2 0
gin-artweb/internal/handler/mds/colony.go:105.93,107.3 1 0
gin-artweb/internal/handler/mds/colony.go:109.2,110.16 2 0
gin-artweb/internal/handler/mds/colony.go:110.16,120.3 3 0
gin-artweb/internal/handler/mds/colony.go:122.2,131.4 2 0
gin-artweb/internal/handler/mds/colony.go:146.62,151.98 4 0
gin-artweb/internal/handler/mds/colony.go:151.98,153.3 1 0
gin-artweb/internal/handler/mds/colony.go:155.2,156.16 2 0
gin-artweb/internal/handler/mds/colony.go:156.16,165.3 3 0
gin-artweb/internal/handler/mds/colony.go:167.2,173.57 2 0
gin-artweb/internal/handler/mds/colony.go:188.59,193.104 4 0
gin-artweb/internal/handler/mds/colony.go:193.104,195.3 1 0
gin-artweb/internal/handler/mds/colony.go:197.2,198.16 2 0
gin-artweb/internal/handler/mds/colony.go:198.16,207.3 3 0
gin-artweb/internal/handler/mds/colony.go:209.2,219.4 3 0
gin-artweb/internal/handler/mds/colony.go:237.60,242.110 4 0
gin-artweb/internal/handler/mds/colony.go:242.110,244.3 1 0
gin-artweb/internal/handler/mds/colony.go:246.2,248.16 3 0
gin-artweb/internal/handler/mds/colony.go:248.16,259.3 3 0
gin-artweb/internal/handler/mds/colony.go:261.2,273.4 3 0
gin-artweb/internal/handler/mds/colony.go:288.63,293.104 4 0
gin-artweb/internal/handler/mds/colony.go:293.104,295.3 1 0
gin-artweb/internal/handler/mds/colony.go:297.2,298.16 2 0
gin-artweb/internal/handler/mds/colony.go:298.16,307.3 3 0
gin-artweb/internal/handler/mds/colony.go:309.2,320.4 4 0
gin-artweb/internal/handler/mds/colony.go:334.64,339.122 4 0
gin-artweb/internal/handler/mds/colony.go:339.122,341.3 1 0
gin-artweb/internal/handler/mds/colony.go:343.2,344.17 2 0
gin-artweb/internal/handler/mds/colony.go:344.17,353.3 3 0
gin-artweb/internal/handler/mds/colony.go:355.2,355.21 1 0
gin-artweb/internal/handler/mds/colony.go:355.21,361.3 2 0
gin-artweb/internal/handler/mds/colony.go:363.2,364.29 2 0
gin-artweb/internal/handler/mds/colony.go:364.29,374.3 5 0
gin-artweb/internal/handler/mds/colony.go:376.2,384.4 2 0
gin-artweb/internal/handler/mds/colony.go:387.59,395.2 7 0
gin-artweb/internal/handler/mds/conf.go:28.19,33.2 1 0
gin-artweb/internal/handler/mds/conf.go:50.58,55.121 4 0
gin-artweb/internal/handler/mds/conf.go:55.121,57.3 1 0
gin-artweb/internal/handler/mds/conf.go:59.2,60.118 2 0
gin-artweb/internal/handler/mds/conf.go:60.118,62.3 1 0
gin-artweb/internal/handler/mds/conf.go:65.2,67.94 3 0
gin-artweb/internal/handler/mds/conf.go:67.94,70.3 2 0
gin-artweb/internal/handler/mds/conf.go:72.2,80.57 2 0
gin-artweb/internal/handler/mds/conf.go:97.60,102.117 4 0
gin-artweb/internal/handler/mds/conf.go:102.117,104.3 1 0
gin-artweb/internal/handler/mds/conf.go:106.2,108.68 3 0
gin-artweb/internal/handler/mds/conf.go:108.68,117.3 3 0
gin-artweb/internal/handler/mds/conf.go:119.2,123.3 1 0
gin-artweb/internal/handler/mds/conf.go:140.58,145.117 4 0
gin-artweb/internal/handler/mds/conf.go:145.117,147.3 1 0
gin-artweb/internal/handler/mds/conf.go:149.2,151.55 3 0
gin-artweb/internal/handler/mds/conf.go:151.55,161.3 4 0
gin-artweb/internal/handler/mds/conf.go:163.2,169.57 2 0
gin-artweb/internal/handler/mds/conf.go:184.56,189.114 4 0
gin-artweb/internal/handler/mds/conf.go:189.114,191.3 1 0
gin-artweb/internal/handler/mds/conf.go:193.2,195.16 3 0
gin-artweb/internal/handler/mds/conf.go:195.16,205.3 4 0
gin-artweb/internal/handler/mds/conf.go:207.2,215.4 2 0
gin-artweb/internal/handler/mds/conf.go:218.57,223.2 4 0
gin-artweb/internal/handler/mds/node.go:26.19,31.2 1 0
gin-artweb/internal/handler/mds/node.go:44.58,49.78 4 0
gin-artweb/internal/handler/mds/node.go:49.78,51.3 1 0
gin-artweb/internal/handler/mds/node.go:53.2,54.16 2 0
gin-artweb/internal/handler/mds/node.go:54.16,63.3 3 0
gin-artweb/internal/handler/mds/node.go:65.2,74.4 2 0
gin-artweb/internal/handler/mds/node.go:90.58,97.58 4 0
gin-artweb/internal/handler/mds/node.go:97.58,99.3 1 0
gin-artweb/internal/handler/mds/node.go:101.2,104.56 2 0
gin-artweb/internal/handler/mds/node.go:104.56,106.3 1 0
gin-artweb/internal/handler/mds/node.go:108.2,118.17 6 0
gin-artweb/internal/handler/mds/node.go:118.17,129.3 3 0
gin-artweb/internal/handler/mds/node.go:131.2,141.4 2 0
gin-artweb/internal/handler/mds/node.go:156.58,163.58 4 0
gin-artweb/internal/handler/mds/node.go:163.58,165.3 1 0
gin-artweb/internal/handler/mds/node.go:167.2,175.16 5 0
gin-artweb/internal/handler/mds/node.go:175.16,185.3 3 0
gin-artweb/internal/handler/mds/node.go:187.2,194.57 2 0
gin-artweb/internal/handler/mds/node.go:209.55,215.58 4 0
gin-artweb/internal/handler/mds/node.go:215.58,217.3 1 0
gin-artweb/internal/handler/mds/node.go:219.2,227.16 5 0
gin-artweb/internal/handler/mds/node.go:227.16,237.3 3 0
gin-artweb/internal/handler/mds/node.go:238.2,255.4 4 0
gin-artweb/internal/handler/mds/node.go:269.56,276.53 4 0
gin-artweb/internal/handler/mds/node.go:276.53,278.3 1 0
gin-artweb/internal/handler/mds/node.go:280.2,291.16 7 0
gin-artweb/internal/handler/mds/node.go:291.16,303.3 3 0
gin-artweb/internal/handler/mds/node.go:305.2,318.4 3 0
gin-artweb/internal/handler/mds/node.go:321.57,327.2 5 0
gin-artweb/main.go:42.13,56.17 7 0
gin-artweb/main.go:56.17,66.3 9 0
gin-artweb/main.go:68.2,68.58 1 0
gin-artweb/main.go:68.58,69.62 1 0
gin-artweb/main.go:69.62,71.4 1 0
gin-artweb/main.go:75.2,75.77 1 0
gin-artweb/main.go:75.77,77.3 1 0
gin-artweb/main.go:79.2,93.13 7 0
gin-artweb/main.go:93.13,95.17 2 0
gin-artweb/main.go:95.17,97.4 1 0
gin-artweb/main.go:98.3,98.16 1 0
gin-artweb/main.go:98.16,99.51 1 0
gin-artweb/main.go:99.51,101.5 1 0
gin-artweb/main.go:104.3,104.49 1 0
gin-artweb/main.go:104.49,106.4 1 0
gin-artweb/main.go:107.3,108.9 2 0
gin-artweb/main.go:111.2,111.23 1 0
gin-artweb/main.go:111.23,113.57 1 0
gin-artweb/main.go:113.57,115.4 1 0
gin-artweb/main.go:118.3,119.17 2 0
gin-artweb/main.go:119.17,121.4 1 0
gin-artweb/main.go:122.3,122.16 1 0
gin-artweb/main.go:122.16,123.51 1 0
gin-artweb/main.go:123.51,125.5 1 0
gin-artweb/main.go:129.3,129.85 1 0
gin-artweb/main.go:129.85,131.4 1 0
gin-artweb/main.go:133.3,134.9 2 0
gin-artweb/main.go:138.2,139.16 2 0
gin-artweb/main.go:139.16,140.13 1 0
gin-artweb/main.go:142.2,153.22 5 0
gin-artweb/main.go:153.22,155.3 1 0
gin-artweb/main.go:158.2,165.12 2 0
gin-artweb/main.go:165.12,168.31 2 0
gin-artweb/main.go:168.31,174.62 3 0
gin-artweb/main.go:174.62,176.19 2 0
gin-artweb/main.go:179.4,179.62 1 0
gin-artweb/main.go:179.62,181.19 2 0
gin-artweb/main.go:185.4,189.49 2 0
gin-artweb/main.go:190.9,194.4 2 0
gin-artweb/main.go:197.3,197.48 1 0
gin-artweb/main.go:197.48,199.14 2 0
gin-artweb/main.go:204.2,228.42 8 0
gin-artweb/main.go:228.42,230.3 1 0
gin-artweb/main.go:233.2,233.43 1 0
gin-artweb/main.go:237.58,238.22 1 0
gin-artweb/main.go:238.22,240.3 1 0
gin-artweb/main.go:242.2,242.47 1 0
gin-artweb/main.go:242.47,243.25 1 0
gin-artweb/main.go:243.25,245.4 1 0
gin-artweb/main.go:246.3,246.79 1 0
gin-artweb/main.go:250.2,251.16 2 0
gin-artweb/main.go:251.16,253.3 1 0
gin-artweb/main.go:255.2,258.51 2 0
gin-artweb/main.go:258.51,260.3 1 0
gin-artweb/main.go:262.2,262.74 1 0
gin-artweb/main.go:262.74,264.3 1 0
gin-artweb/main.go:266.2,266.13 1 0
gin-artweb/main.go:274.106,286.16 3 0
gin-artweb/main.go:286.16,289.3 2 0
gin-artweb/main.go:292.2,305.16 6 0
gin-artweb/main.go:305.16,308.3 2 0
gin-artweb/main.go:311.2,318.13 1 0
gin-artweb/main.go:318.13,320.17 1 0
gin-artweb/main.go:320.17,325.12 4 0
gin-artweb/main.go:326.23,327.52 1 0
gin-artweb/main.go:328.40,329.82 1 0
gin-artweb/main.go:334.4,334.17 1 0
gin-artweb/main.go:334.17,336.52 2 0
gin-artweb/main.go:336.52,338.6 1 0
gin-artweb/main.go:339.5,339.55 1 0
gin-artweb/main.go:341.4,341.45 1 0
gin-artweb/main.go:345.60,348.26 2 0
gin-artweb/main.go:348.26,351.3 2 0
gin-artweb/main.go:352.2,353.50 2 0
gin-artweb/internal/handler/mon/node.go:28.16,33.2 1 0
gin-artweb/internal/handler/mon/node.go:46.55,51.93 4 0
gin-artweb/internal/handler/mon/node.go:51.93,53.3 1 0
gin-artweb/internal/handler/mon/node.go:55.2,56.17 2 0
gin-artweb/internal/handler/mon/node.go:56.17,65.3 3 0
gin-artweb/internal/handler/mon/node.go:67.2,76.4 2 0
gin-artweb/internal/handler/mon/node.go:92.55,97.98 4 0
gin-artweb/internal/handler/mon/node.go:97.98,99.3 1 0
gin-artweb/internal/handler/mon/node.go:101.2,102.93 2 0
gin-artweb/internal/handler/mon/node.go:102.93,104.3 1 0
gin-artweb/internal/handler/mon/node.go:106.2,107.17 2 0
gin-artweb/internal/handler/mon/node.go:107.17,117.3 3 0
gin-artweb/internal/handler/mon/node.go:119.2,128.4 2 0
gin-artweb/internal/handler/mon/node.go:143.55,148.98 4 0
gin-artweb/internal/handler/mon/node.go:148.98,150.3 1 0
gin-artweb/internal/handler/mon/node.go:152.2,153.16 2 0
gin-artweb/internal/handler/mon/node.go:153.16,162.3 3 0
gin-artweb/internal/handler/mon/node.go:164.2,170.57 2 0
gin-artweb/internal/handler/mon/node.go:185.52,190.98 4 0
gin-artweb/internal/handler/mon/node.go:190.98,192.3 1 0
gin-artweb/internal/handler/mon/node.go:194.2,195.17 2 0
gin-artweb/internal/handler/mon/node.go:195.17,204.3 3 0
gin-artweb/internal/handler/mon/node.go:206.2,216.4 3 0
gin-artweb/internal/handler/mon/node.go:230.53,235.95 4 0
gin-artweb/internal/handler/mon/node.go:235.95,237.3 1 0
gin-artweb/internal/handler/mon/node.go:239.2,241.17 3 0
gin-artweb/internal/handler/mon/node.go:241.17,252.3 3 0
gin-artweb/internal/handler/mon/node.go:254.2,266.4 3 0
gin-artweb/internal/handler/mon/node.go:269.54,275.2 5 0
gin-artweb/internal/handler/job/record.go:30.24,35.2 1 0
gin-artweb/internal/handler/job/record.go:48.66,54.44 4 0
gin-artweb/internal/handler/job/record.go:54.44,56.3 1 0
gin-artweb/internal/handler/job/record.go:58.2,77.17 7 0
gin-artweb/internal/handler/job/record.go:77.17,87.3 3 0
gin-artweb/internal/handler/job/record.go:89.2,106.4 3 0
gin-artweb/internal/handler/job/record.go:121.65,127.58 4 0
gin-artweb/internal/handler/job/record.go:127.58,129.3 1 0
gin-artweb/internal/handler/job/record.go:131.2,139.16 5 0
gin-artweb/internal/handler/job/record.go:139.16,149.3 3 0
gin-artweb/internal/handler/job/record.go:151.2,169.4 4 0
gin-artweb/internal/handler/job/record.go:183.66,189.62 4 0
gin-artweb/internal/handler/job/record.go:189.62,191.3 1 0
gin-artweb/internal/handler/job/record.go:193.2,204.16 7 0
gin-artweb/internal/handler/job/record.go:204.16,216.3 3 0
gin-artweb/internal/handler/job/record.go:218.2,231.4 3 0
gin-artweb/internal/handler/job/record.go:246.73,252.58 4 0
gin-artweb/internal/handler/job/record.go:252.58,254.3 1 0
gin-artweb/internal/handler/job/record.go:256.2,264.16 5 0
gin-artweb/internal/handler/job/record.go:264.16,274.3 3 0
gin-artweb/internal/handler/job/record.go:275.2,285.16 6 0
gin-artweb/internal/handler/job/record.go:285.16,296.3 3 0
gin-artweb/internal/handler/job/record.go:298.2,304.3 1 0
gin-artweb/internal/handler/job/record.go:318.71,324.64 4 0
gin-artweb/internal/handler/job/record.go:324.64,326.3 1 0
gin-artweb/internal/handler/job/record.go:328.2,340.17 6 0
gin-artweb/internal/handler/job/record.go:340.17,350.3 3 0
gin-artweb/internal/handler/job/record.go:351.2,359.52 3 0
gin-artweb/internal/handler/job/record.go:359.52,369.3 4 0
gin-artweb/internal/handler/job/record.go:372.2,373.16 2 0
gin-artweb/internal/handler/job/record.go:373.16,384.3 4 0
gin-artweb/internal/handler/job/record.go:385.2,392.16 4 0
gin-artweb/internal/handler/job/record.go:392.16,403.3 4 0
gin-artweb/internal/handler/job/record.go:404.2,410.33 5 0
gin-artweb/internal/handler/job/record.go:410.33,421.3 4 0
gin-artweb/internal/handler/job/record.go:422.2,422.11 1 0
gin-artweb/internal/handler/job/record.go:422.11,424.34 2 0
gin-artweb/internal/handler/job/record.go:424.34,425.18 1 0
gin-artweb/internal/handler/job/record.go:425.18,428.20 1 0
gin-artweb/internal/handler/job/record.go:428.20,438.6 4 0
gin-artweb/internal/handler/job/record.go:441.3,441.21 1 0
gin-artweb/internal/handler/job/record.go:445.2,445.60 1 0
gin-artweb/internal/handler/job/record.go:445.60,453.3 2 0
gin-artweb/internal/handler/job/record.go:455.2,465.6 4 0
gin-artweb/internal/handler/job/record.go:465.6,466.10 1 0
gin-artweb/internal/handler/job/record.go:467.21,473.10 2 0
gin-artweb/internal/handler/job/record.go:474.21,480.10 2 0
gin-artweb/internal/handler/job/record.go:481.19,484.18 2 0
gin-artweb/internal/handler/job/record.go:484.18,492.5 2 0
gin-artweb/internal/handler/job/record.go:494.4,497.29 2 0
gin-artweb/internal/handler/job/record.go:497.29,500.19 2 0
gin-artweb/internal/handler/job/record.go:500.19,508.6 2 0
gin-artweb/internal/handler/job/record.go:511.5,513.36 3 0
gin-artweb/internal/handler/job/record.go:513.36,521.6 2 0
gin-artweb/internal/handler/job/record.go:523.5,523.14 1 0
gin-artweb/internal/handler/job/record.go:523.14,525.33 2 0
gin-artweb/internal/handler/job/record.go:525.33,526.21 1 0
gin-artweb/internal/handler/job/record.go:526.21,529.23 1 0
gin-artweb/internal/handler/job/record.go:529.23,539.9 4 0
gin-artweb/internal/handler/job/record.go:542.6,542.24 1 0
gin-artweb/internal/handler/job/record.go:545.5,545.26 1 0
gin-artweb/internal/handler/job/record.go:546.10,546.52 1 0
gin-artweb/internal/handler/job/record.go:546.52,549.19 2 0
gin-artweb/internal/handler/job/record.go:549.19,557.6 2 0
gin-artweb/internal/handler/job/record.go:558.5,559.9 2 0
gin-artweb/internal/handler/job/record.go:559.9,561.37 2 0
gin-artweb/internal/handler/job/record.go:561.37,569.7 2 0
gin-artweb/internal/handler/job/record.go:570.6,570.16 1 0
gin-artweb/internal/handler/job/record.go:570.16,571.12 1 0
gin-artweb/internal/handler/job/record.go:574.6,575.36 2 0
gin-artweb/internal/handler/job/record.go:575.36,577.48 1 0
gin-artweb/internal/handler/job/record.go:577.48,578.16 1 0
gin-artweb/internal/handler/job/record.go:580.7,580.21 1 0
gin-artweb/internal/handler/job/record.go:580.21,583.23 1 0
gin-artweb/internal/handler/job/record.go:583.23,593.9 4 0
gin-artweb/internal/handler/job/record.go:596.6,597.29 2 0
gin-artweb/internal/handler/job/record.go:600.5,600.37 1 0
gin-artweb/internal/handler/job/record.go:604.4,604.62 1 0
gin-artweb/internal/handler/job/record.go:604.62,612.5 2 0
gin-artweb/internal/handler/job/record.go:626.68,632.52 4 0
gin-artweb/internal/handler/job/record.go:632.52,634.3 1 0
gin-artweb/internal/handler/job/record.go:636.2,651.57 6 0
gin-artweb/internal/handler/job/record.go:654.62,661.2 6 0
gin-artweb/internal/handler/job/schedule.go:27.20,32.2 1 0
gin-artweb/internal/handler/job/schedule.go:45.60,50.87 4 0
gin-artweb/internal/handler/job/schedule.go:50.87,52.3 1 0
gin-artweb/internal/handler/job/schedule.go:54.2,54.92 1 0
gin-artweb/internal/handler/job/schedule.go:54.92,62.3 3 0
gin-artweb/internal/handler/job/schedule.go:64.2,65.17 2 0
gin-artweb/internal/handler/job/schedule.go:65.17,74.3 3 0
gin-artweb/internal/handler/job/schedule.go:76.2,85.4 2 0
gin-artweb/internal/handler/job/schedule.go:101.60,106.104 4 0
gin-artweb/internal/handler/job/schedule.go:106.104,108.3 1 0
gin-artweb/internal/handler/job/schedule.go:110.2,111.105 2 0
gin-artweb/internal/handler/job/schedule.go:111.105,113.3 1 0
gin-artweb/internal/handler/job/schedule.go:115.2,115.92 1 0
gin-artweb/internal/handler/job/schedule.go:115.92,123.3 3 0
gin-artweb/internal/handler/job/schedule.go:125.2,126.16 2 0
gin-artweb/internal/handler/job/schedule.go:126.16,136.3 3 0
gin-artweb/internal/handler/job/schedule.go:138.2,147.4 2 0
gin-artweb/internal/handler/job/schedule.go:162.60,167.104 4 0
gin-artweb/internal/handler/job/schedule.go:167.104,169.3 1 0
gin-artweb/internal/handler/job/schedule.go:171.2,172.16 2 0
gin-artweb/internal/handler/job/schedule.go:172.16,181.3 3 0
gin-artweb/internal/handler/job/schedule.go:183.2,189.57 2 0
gin-artweb/internal/handler/job/schedule.go:204.57,209.98 4 0
gin-artweb/internal/handler/job/schedule.go:209.98,211.3 1 0
gin-artweb/internal/handler/job/schedule.go:213.2,214.16 2 0
gin-artweb/internal/handler/job/schedule.go:214.16,223.3 3 0
gin-artweb/internal/handler/job/schedule.go:225.2,235.4 3 0
gin-artweb/internal/handler/job/schedule.go:249.58,254.98 4 0
gin-artweb/internal/handler/job/schedule.go:254.98,256.3 1 0
gin-artweb/internal/handler/job/schedule.go:258.2,260.16 3 0
gin-artweb/internal/handler/job/schedule.go:260.16,271.3 3 0
gin-artweb/internal/handler/job/schedule.go:273.2,285.4 3 0
gin-artweb/internal/handler/job/schedule.go:288.58,294.2 5 0
gin-artweb/internal/handler/job/script.go:28.18,34.2 1 0
gin-artweb/internal/handler/job/script.go:53.56,58.93 4 0
gin-artweb/internal/handler/job/script.go:58.93,60.3 1 0
gin-artweb/internal/handler/job/script.go:62.2,63.16 2 0
gin-artweb/internal/handler/job/script.go:63.16,72.3 4 0
gin-artweb/internal/handler/job/script.go:73.2,86.17 4 0
gin-artweb/internal/handler/job/script.go:86.17,95.3 3 0
gin-artweb/internal/handler/job/script.go:97.2,106.4 2 0
gin-artweb/internal/handler/job/script.go:128.56,133.86 4 0
gin-artweb/internal/handler/job/script.go:133.86,135.3 1 0
gin-artweb/internal/handler/job/script.go:137.2,138.93 2 0
gin-artweb/internal/handler/job/script.go:138.93,140.3 1 0
gin-artweb/internal/handler/job/script.go:142.2,143.16 2 0
gin-artweb/internal/handler/job/script.go:143.16,152.3 4 0
gin-artweb/internal/handler/job/script.go:153.2,166.17 4 0
gin-artweb/internal/handler/job/script.go:166.17,176.3 3 0
gin-artweb/internal/handler/job/script.go:178.2,187.4 2 0
gin-artweb/internal/handler/job/script.go:202.56,207.92 4 0
gin-artweb/internal/handler/job/script.go:207.92,209.3 1 0
gin-artweb/internal/handler/job/script.go:211.2,212.16 2 0
gin-artweb/internal/handler/job/script.go:212.16,221.3 3 0
gin-artweb/internal/handler/job/script.go:223.2,229.57 2 0
gin-artweb/internal/handler/job/script.go:244.53,249.92 4 0
gin-artweb/internal/handler/job/script.go:249.92,251.3 1 0
gin-artweb/internal/handler/job/script.go:253.2,254.16 2 0
gin-artweb/internal/handler/job/script.go:254.16,263.3 3 0
gin-artweb/internal/handler/job/script.go:265.2,275.4 3 0
gin-artweb/internal/handler/job/script.go:289.54,294.92 4 0
gin-artweb/internal/handler/job/script.go:294.92,296.3 1 0
gin-artweb/internal/handler/job/script.go:298.2,300.16 3 0
gin-artweb/internal/handler/job/script.go:300.16,311.3 3 0
gin-artweb/internal/handler/job/script.go:313.2,325.4 3 0
gin-artweb/internal/handler/job/script.go:340.58,345.86 4 0
gin-artweb/internal/handler/job/script.go:345.86,347.3 1 0
gin-artweb/internal/handler/job/script.go:349.2,350.16 2 0
gin-artweb/internal/handler/job/script.go:350.16,359.3 3 0
gin-artweb/internal/handler/job/script.go:361.2,363.16 3 0
gin-artweb/internal/handler/job/script.go:363.16,373.3 3 0
gin-artweb/internal/handler/job/script.go:375.2,379.3 1 0
gin-artweb/internal/handler/job/script.go:393.55,398.92 4 0
gin-artweb/internal/handler/job/script.go:398.92,400.3 1 0
gin-artweb/internal/handler/job/script.go:402.2,403.16 2 0
gin-artweb/internal/handler/job/script.go:403.16,412.3 3 0
gin-artweb/internal/handler/job/script.go:414.2,423.4 2 0
gin-artweb/internal/handler/job/script.go:437.53,442.92 4 0
gin-artweb/internal/handler/job/script.go:442.92,444.3 1 0
gin-artweb/internal/handler/job/script.go:446.2,447.16 2 0
gin-artweb/internal/handler/job/script.go:447.16,456.3 3 0
gin-artweb/internal/handler/job/script.go:458.2,467.4 2 0
gin-artweb/internal/handler/job/script.go:470.56,479.2 8 0
gin-artweb/internal/model/migrator.go:14.39,46.2 1 0
gin-artweb/internal/model/common/query.go:40.78,41.16 1 0
gin-artweb/internal/model/common/query.go:41.16,43.3 1 0
gin-artweb/internal/model/common/query.go:44.2,48.12 5 0
gin-artweb/internal/model/common/query.go:51.52,53.2 1 0
gin-artweb/internal/model/common/query.go:55.59,57.14 2 0
gin-artweb/internal/model/common/query.go:57.14,59.3 1 0
gin-artweb/internal/model/common/query.go:60.2,60.17 1 0
gin-artweb/internal/model/common/query.go:60.17,62.19 2 0
gin-artweb/internal/model/common/query.go:62.19,64.4 1 0
gin-artweb/internal/model/common/query.go:66.2,66.17 1 0
gin-artweb/internal/model/common/query.go:89.82,90.16 1 0
gin-artweb/internal/model/common/query.go:90.16,92.3 1 0
gin-artweb/internal/model/common/query.go:93.2,93.65 1 0
gin-artweb/internal/model/common/query.go:93.65,95.3 1 0
gin-artweb/internal/model/common/query.go:96.2,100.12 5 0
gin-artweb/internal/model/common/query.go:103.63,105.28 2 0
gin-artweb/internal/model/common/query.go:105.28,107.17 2 0
gin-artweb/internal/model/common/query.go:107.17,109.4 1 0
gin-artweb/internal/model/common/query.go:111.2,111.27 1 0
gin-artweb/internal/model/common/query.go:111.27,113.17 2 0
gin-artweb/internal/model/common/query.go:113.17,115.4 1 0
gin-artweb/internal/model/common/query.go:117.2,117.28 1 0
gin-artweb/internal/model/common/query.go:117.28,119.17 2 0
gin-artweb/internal/model/common/query.go:119.17,121.4 1 0
gin-artweb/internal/model/common/query.go:123.2,123.27 1 0
gin-artweb/internal/model/common/query.go:123.27,125.17 2 0
gin-artweb/internal/model/common/query.go:125.17,127.4 1 0
gin-artweb/internal/model/common/query.go:129.2,129.14 1 0
gin-artweb/internal/model/common/query.go:132.46,134.15 2 0
gin-artweb/internal/model/common/query.go:134.15,136.3 1 0
gin-artweb/internal/model/common/query.go:137.2,139.28 3 0
gin-artweb/internal/model/common/query.go:139.28,141.15 2 0
gin-artweb/internal/model/common/query.go:141.15,142.12 1 0
gin-artweb/internal/model/common/query.go:144.3,145.17 2 0
gin-artweb/internal/model/common/query.go:145.17,146.12 1 0
gin-artweb/internal/model/common/query.go:148.3,148.35 1 0
gin-artweb/internal/model/common/query.go:150.2,150.12 1 0
gin-artweb/internal/model/common/response.go:42.68,44.29 2 0
gin-artweb/internal/model/common/response.go:44.29,46.3 1 0
gin-artweb/internal/model/common/response.go:46.8,49.3 2 0
gin-artweb/internal/model/common/response.go:50.2,56.3 1 0
gin-artweb/internal/handler/resource/host.go:28.16,33.2 1 0
gin-artweb/internal/handler/resource/host.go:46.52,51.93 4 0
gin-artweb/internal/handler/resource/host.go:51.93,53.3 1 0
gin-artweb/internal/handler/resource/host.go:55.2,56.16 2 0
gin-artweb/internal/handler/resource/host.go:56.16,65.3 3 0
gin-artweb/internal/handler/resource/host.go:67.2,77.4 3 0
gin-artweb/internal/handler/resource/host.go:93.52,98.92 4 0
gin-artweb/internal/handler/resource/host.go:98.92,100.3 1 0
gin-artweb/internal/handler/resource/host.go:102.2,103.93 2 0
gin-artweb/internal/handler/resource/host.go:103.93,105.3 1 0
gin-artweb/internal/handler/resource/host.go:107.2,108.16 2 0
gin-artweb/internal/handler/resource/host.go:108.16,118.3 3 0
gin-artweb/internal/handler/resource/host.go:120.2,130.4 3 0
gin-artweb/internal/handler/resource/host.go:145.52,150.92 4 0
gin-artweb/internal/handler/resource/host.go:150.92,152.3 1 0
gin-artweb/internal/handler/resource/host.go:154.2,155.16 2 0
gin-artweb/internal/handler/resource/host.go:155.16,164.3 3 0
gin-artweb/internal/handler/resource/host.go:166.2,172.57 2 0
gin-artweb/internal/handler/resource/host.go:187.49,192.92 4 0
gin-artweb/internal/handler/resource/host.go:192.92,194.3 1 0
gin-artweb/internal/handler/resource/host.go:196.2,197.16 2 0
gin-artweb/internal/handler/resource/host.go:197.16,206.3 3 0
gin-artweb/internal/handler/resource/host.go:208.2,218.4 3 0
gin-artweb/internal/handler/resource/host.go:232.50,237.104 4 0
gin-artweb/internal/handler/resource/host.go:237.104,239.3 1 0
gin-artweb/internal/handler/resource/host.go:241.2,243.16 3 0
gin-artweb/internal/handler/resource/host.go:243.16,254.3 3 0
gin-artweb/internal/handler/resource/host.go:256.2,268.4 3 0
gin-artweb/internal/handler/resource/host.go:271.54,277.2 5 0
gin-artweb/internal/handler/resource/package.go:30.19,36.2 1 0
gin-artweb/internal/handler/resource/package.go:51.58,56.93 4 0
gin-artweb/internal/handler/resource/package.go:56.93,58.3 1 0
gin-artweb/internal/handler/resource/package.go:60.2,61.16 2 0
gin-artweb/internal/handler/resource/package.go:61.16,70.3 4 0
gin-artweb/internal/handler/resource/package.go:71.2,81.17 4 0
gin-artweb/internal/handler/resource/package.go:81.17,90.3 3 0
gin-artweb/internal/handler/resource/package.go:92.2,101.4 2 0
gin-artweb/internal/handler/resource/package.go:115.58,120.98 4 0
gin-artweb/internal/handler/resource/package.go:120.98,122.3 1 0
gin-artweb/internal/handler/resource/package.go:124.2,125.16 2 0
gin-artweb/internal/handler/resource/package.go:125.16,134.3 3 0
gin-artweb/internal/handler/resource/package.go:136.2,141.57 2 0
gin-artweb/internal/handler/resource/package.go:155.55,160.98 4 0
gin-artweb/internal/handler/resource/package.go:160.98,162.3 1 0
gin-artweb/internal/handler/resource/package.go:164.2,165.16 2 0
gin-artweb/internal/handler/resource/package.go:165.16,174.3 3 0
gin-artweb/internal/handler/resource/package.go:176.2,186.4 3 0
gin-artweb/internal/handler/resource/package.go:199.56,204.89 4 0
gin-artweb/internal/handler/resource/package.go:204.89,206.3 1 0
gin-artweb/internal/handler/resource/package.go:208.2,210.16 3 0
gin-artweb/internal/handler/resource/package.go:210.16,221.3 3 0
gin-artweb/internal/handler/resource/package.go:223.2,235.4 3 0
gin-artweb/internal/handler/resource/package.go:249.60,254.98 4 0
gin-artweb/internal/handler/resource/package.go:254.98,256.3 1 0
gin-artweb/internal/handler/resource/package.go:258.2,259.16 2 0
gin-artweb/internal/handler/resource/package.go:259.16,268.3 3 0
gin-artweb/internal/handler/resource/package.go:271.2,272.84 2 0
gin-artweb/internal/handler/resource/package.go:272.84,282.3 3 0
gin-artweb/internal/handler/resource/package.go:284.2,288.3 1 0
gin-artweb/internal/handler/resource/package.go:291.57,297.2 5 0
gin-artweb/internal/model/job/record.go:29.48,31.2 1 0
gin-artweb/internal/model/job/record.go:33.79,34.14 1 0
gin-artweb/internal/model/job/record.go:34.14,36.3 1 0
gin-artweb/internal/model/job/record.go:37.2,37.62 1 0
gin-artweb/internal/model/job/record.go:37.62,39.3 1 0
gin-artweb/internal/model/job/record.go:40.2,49.12 10 0
gin-artweb/internal/model/job/record.go:52.70,53.18 1 0
gin-artweb/internal/model/job/record.go:53.18,55.3 1 0
gin-artweb/internal/model/job/record.go:57.2,58.23 2 0
gin-artweb/internal/model/job/record.go:58.23,60.3 1 0
gin-artweb/internal/model/job/record.go:61.2,61.12 1 0
gin-artweb/internal/model/job/record.go:74.80,83.2 8 0
gin-artweb/internal/model/job/record.go:88.21,102.2 1 0
gin-artweb/internal/model/job/record.go:112.70,117.2 4 0
gin-artweb/internal/model/job/record.go:119.49,125.2 1 0
gin-artweb/internal/model/job/record.go:147.84,154.2 6 0
gin-artweb/internal/model/job/record.go:179.81,180.67 1 0
gin-artweb/internal/model/job/record.go:180.67,182.3 1 0
gin-artweb/internal/model/job/record.go:183.2,188.12 6 0
gin-artweb/internal/model/job/record.go:191.61,193.27 2 0
gin-artweb/internal/model/job/record.go:193.27,195.3 1 0
gin-artweb/internal/model/job/record.go:196.2,196.21 1 0
gin-artweb/internal/model/job/record.go:196.21,198.3 1 0
gin-artweb/internal/model/job/record.go:199.2,199.23 1 0
gin-artweb/internal/model/job/record.go:199.23,201.3 1 0
gin-artweb/internal/model/job/record.go:202.2,202.22 1 0
gin-artweb/internal/model/job/record.go:202.22,204.3 1 0
gin-artweb/internal/model/job/record.go:205.2,205.24 1 0
gin-artweb/internal/model/job/record.go:205.24,207.3 1 0
gin-artweb/internal/model/job/record.go:208.2,208.17 1 0
gin-artweb/internal/model/job/record.go:269.28,284.2 1 0
gin-artweb/internal/model/job/record.go:288.26,290.22 2 0
gin-artweb/internal/model/job/record.go:290.22,292.3 1 0
gin-artweb/internal/model/job/record.go:294.2,299.19 3 0
gin-artweb/internal/model/job/record.go:299.19,301.3 1 0
gin-artweb/internal/model/job/record.go:303.2,303.15 1 0
gin-artweb/internal/model/job/record.go:308.27,309.18 1 0
gin-artweb/internal/model/job/record.go:309.18,311.3 1 0
gin-artweb/internal/model/job/record.go:312.2,313.17 2 0
gin-artweb/internal/model/job/record.go:313.17,314.24 1 0
gin-artweb/internal/model/job/record.go:314.24,317.4 2 0
gin-artweb/internal/model/job/record.go:319.2,319.12 1 0
gin-artweb/internal/model/job/schedule.go:31.44,33.2 1 0
gin-artweb/internal/model/job/schedule.go:35.75,36.14 1 0
gin-artweb/internal/model/job/schedule.go:36.14,38.3 1 0
gin-artweb/internal/model/job/schedule.go:39.2,39.62 1 0
gin-artweb/internal/model/job/schedule.go:39.62,41.3 1 0
gin-artweb/internal/model/job/schedule.go:42.2,55.12 14 0
gin-artweb/internal/model/job/schedule.go:58.54,74.2 1 0
gin-artweb/internal/model/job/schedule.go:76.62,77.18 1 0
gin-artweb/internal/model/job/schedule.go:77.18,79.3 1 0
gin-artweb/internal/model/job/schedule.go:81.2,82.23 2 0
gin-artweb/internal/model/job/schedule.go:82.23,84.3 1 0
gin-artweb/internal/model/job/schedule.go:85.2,85.12 1 0
gin-artweb/internal/model/job/schedule.go:95.79,101.2 5 0
gin-artweb/internal/model/job/schedule.go:144.81,145.16 1 0
gin-artweb/internal/model/job/schedule.go:145.16,147.3 1 0
gin-artweb/internal/model/job/schedule.go:148.2,160.12 13 0
gin-artweb/internal/model/job/schedule.go:163.70,179.2 1 0
gin-artweb/internal/model/job/schedule.go:181.75,197.2 1 0
gin-artweb/internal/model/job/schedule.go:222.79,223.16 1 0
gin-artweb/internal/model/job/schedule.go:223.16,225.3 1 0
gin-artweb/internal/model/job/schedule.go:226.2,226.69 1 0
gin-artweb/internal/model/job/schedule.go:226.69,228.3 1 0
gin-artweb/internal/model/job/schedule.go:229.2,230.26 2 0
gin-artweb/internal/model/job/schedule.go:230.26,232.3 1 0
gin-artweb/internal/model/job/schedule.go:233.2,233.27 1 0
gin-artweb/internal/model/job/schedule.go:233.27,235.3 1 0
gin-artweb/internal/model/job/schedule.go:236.2,238.12 3 0
gin-artweb/internal/model/job/schedule.go:241.57,243.20 2 0
gin-artweb/internal/model/job/schedule.go:243.20,245.3 1 0
gin-artweb/internal/model/job/schedule.go:246.2,246.26 1 0
gin-artweb/internal/model/job/schedule.go:246.26,248.3 1 0
gin-artweb/internal/model/job/schedule.go:249.2,249.27 1 0
gin-artweb/internal/model/job/schedule.go:249.27,251.3 1 0
gin-artweb/internal/model/job/schedule.go:252.2,252.24 1 0
gin-artweb/internal/model/job/schedule.go:252.24,254.3 1 0
gin-artweb/internal/model/job/schedule.go:255.2,255.22 1 0
gin-artweb/internal/model/job/schedule.go:255.22,257.3 1 0
gin-artweb/internal/model/job/schedule.go:258.2,258.17 1 0
gin-artweb/internal/model/job/schedule.go:323.24,341.2 1 0
gin-artweb/internal/model/job/schedule.go:345.22,347.22 2 0
gin-artweb/internal/model/job/schedule.go:347.22,349.3 1 0
gin-artweb/internal/model/job/schedule.go:350.2,353.3 1 0
gin-artweb/internal/model/job/schedule.go:358.23,359.18 1 0
gin-artweb/internal/model/job/schedule.go:359.18,361.3 1 0
gin-artweb/internal/model/job/schedule.go:362.2,363.17 2 0
gin-artweb/internal/model/job/schedule.go:363.17,364.24 1 0
gin-artweb/internal/model/job/schedule.go:364.24,367.4 2 0
gin-artweb/internal/model/job/schedule.go:369.2,369.12 1 0
gin-artweb/internal/model/job/script.go:28.42,30.2 1 0
gin-artweb/internal/model/job/script.go:32.73,33.14 1 0
gin-artweb/internal/model/job/script.go:33.14,35.3 1 0
gin-artweb/internal/model/job/script.go:36.2,36.62 1 0
gin-artweb/internal/model/job/script.go:36.62,38.3 1 0
gin-artweb/internal/model/job/script.go:39.2,47.12 9 0
gin-artweb/internal/model/job/script.go:50.58,51.18 1 0
gin-artweb/internal/model/job/script.go:51.18,53.3 1 0
gin-artweb/internal/model/job/script.go:55.2,56.23 2 0
gin-artweb/internal/model/job/script.go:56.23,58.3 1 0
gin-artweb/internal/model/job/script.go:59.2,59.12 1 0
gin-artweb/internal/model/job/script.go:85.79,86.21 1 0
gin-artweb/internal/model/job/script.go:86.21,88.3 1 0
gin-artweb/internal/model/job/script.go:89.2,95.12 7 0
gin-artweb/internal/model/job/script.go:109.79,117.2 7 0
gin-artweb/internal/model/job/script.go:119.66,131.2 1 0
gin-artweb/internal/model/job/script.go:133.58,143.2 1 0
gin-artweb/internal/model/job/script.go:173.77,174.16 1 0
gin-artweb/internal/model/job/script.go:174.16,176.3 1 0
gin-artweb/internal/model/job/script.go:177.2,177.69 1 0
gin-artweb/internal/model/job/script.go:177.69,179.3 1 0
gin-artweb/internal/model/job/script.go:180.2,185.23 6 0
gin-artweb/internal/model/job/script.go:185.23,187.3 1 0
gin-artweb/internal/model/job/script.go:188.2,188.26 1 0
gin-artweb/internal/model/job/script.go:188.26,190.3 1 0
gin-artweb/internal/model/job/script.go:191.2,192.12 2 0
gin-artweb/internal/model/job/script.go:195.55,197.20 2 0
gin-artweb/internal/model/job/script.go:197.20,199.3 1 0
gin-artweb/internal/model/job/script.go:200.2,200.21 1 0
gin-artweb/internal/model/job/script.go:200.21,202.3 1 0
gin-artweb/internal/model/job/script.go:203.2,203.23 1 0
gin-artweb/internal/model/job/script.go:203.23,205.3 1 0
gin-artweb/internal/model/job/script.go:206.2,206.21 1 0
gin-artweb/internal/model/job/script.go:206.21,208.3 1 0
gin-artweb/internal/model/job/script.go:209.2,209.24 1 0
gin-artweb/internal/model/job/script.go:209.24,211.3 1 0
gin-artweb/internal/model/job/script.go:212.2,212.23 1 0
gin-artweb/internal/model/job/script.go:212.23,214.3 1 0
gin-artweb/internal/model/job/script.go:215.2,215.26 1 0
gin-artweb/internal/model/job/script.go:215.26,217.3 1 0
gin-artweb/internal/model/job/script.go:218.2,218.21 1 0
gin-artweb/internal/model/job/script.go:218.21,220.3 1 0
gin-artweb/internal/model/job/script.go:221.2,221.17 1 0
gin-artweb/internal/model/job/script.go:277.22,292.2 1 0
gin-artweb/internal/model/job/script.go:296.23,297.18 1 0
gin-artweb/internal/model/job/script.go:297.18,299.3 1 0
gin-artweb/internal/model/job/script.go:300.2,301.17 2 0
gin-artweb/internal/model/job/script.go:301.17,302.24 1 0
gin-artweb/internal/model/job/script.go:302.24,305.4 2 0
gin-artweb/internal/model/job/script.go:307.2,307.12 1 0
gin-artweb/internal/handler/oes/colony.go:34.21,42.2 1 0
gin-artweb/internal/handler/oes/colony.go:55.62,61.56 4 0
gin-artweb/internal/handler/oes/colony.go:61.56,63.3 1 0
gin-artweb/internal/handler/oes/colony.go:65.2,71.17 3 0
gin-artweb/internal/handler/oes/colony.go:71.17,80.3 3 0
gin-artweb/internal/handler/oes/colony.go:82.2,91.4 2 0
gin-artweb/internal/handler/oes/colony.go:107.62,112.98 4 0
gin-artweb/internal/handler/oes/colony.go:112.98,114.3 1 0
gin-artweb/internal/handler/oes/colony.go:116.2,118.56 2 0
gin-artweb/internal/handler/oes/colony.go:118.56,120.3 1 0
gin-artweb/internal/handler/oes/colony.go:122.2,123.16 2 0
gin-artweb/internal/handler/oes/colony.go:123.16,133.3 3 0
gin-artweb/internal/handler/oes/colony.go:135.2,144.4 2 0
gin-artweb/internal/handler/oes/colony.go:159.62,164.98 4 0
gin-artweb/internal/handler/oes/colony.go:164.98,166.3 1 0
gin-artweb/internal/handler/oes/colony.go:168.2,169.16 2 0
gin-artweb/internal/handler/oes/colony.go:169.16,178.3 3 0
gin-artweb/internal/handler/oes/colony.go:180.2,186.57 2 0
gin-artweb/internal/handler/oes/colony.go:201.59,205.104 4 0
gin-artweb/internal/handler/oes/colony.go:205.104,207.3 1 0
gin-artweb/internal/handler/oes/colony.go:209.2,211.16 3 0
gin-artweb/internal/handler/oes/colony.go:211.16,221.3 3 0
gin-artweb/internal/handler/oes/colony.go:223.2,233.4 3 0
gin-artweb/internal/handler/oes/colony.go:247.60,252.110 4 0
gin-artweb/internal/handler/oes/colony.go:252.110,254.3 1 0
gin-artweb/internal/handler/oes/colony.go:256.2,258.16 3 0
gin-artweb/internal/handler/oes/colony.go:258.16,269.3 3 0
gin-artweb/internal/handler/oes/colony.go:270.2,282.4 3 0
gin-artweb/internal/handler/oes/colony.go:297.63,302.104 4 0
gin-artweb/internal/handler/oes/colony.go:302.104,304.3 1 0
gin-artweb/internal/handler/oes/colony.go:306.2,307.16 2 0
gin-artweb/internal/handler/oes/colony.go:307.16,316.3 3 0
gin-artweb/internal/handler/oes/colony.go:318.2,329.4 4 0
gin-artweb/internal/handler/oes/colony.go:343.64,348.137 4 0
gin-artweb/internal/handler/oes/colony.go:348.137,350.3 1 0
gin-artweb/internal/handler/oes/colony.go:351.2,354.16 3 0
gin-artweb/internal/handler/oes/colony.go:354.16,363.3 3 0
gin-artweb/internal/handler/oes/colony.go:365.2,371.29 3 0
gin-artweb/internal/handler/oes/colony.go:371.29,373.3 1 0
gin-artweb/internal/handler/oes/colony.go:375.2,378.4 1 0
gin-artweb/internal/handler/oes/colony.go:392.64,397.137 4 0
gin-artweb/internal/handler/oes/colony.go:397.137,399.3 1 0
gin-artweb/internal/handler/oes/colony.go:400.2,403.16 3 0
gin-artweb/internal/handler/oes/colony.go:403.16,412.3 3 0
gin-artweb/internal/handler/oes/colony.go:414.2,420.29 3 0
gin-artweb/internal/handler/oes/colony.go:420.29,422.3 1 0
gin-artweb/internal/handler/oes/colony.go:424.2,427.4 1 0
gin-artweb/internal/handler/oes/colony.go:441.64,446.137 4 0
gin-artweb/internal/handler/oes/colony.go:446.137,448.3 1 0
gin-artweb/internal/handler/oes/colony.go:449.2,452.16 3 0
gin-artweb/internal/handler/oes/colony.go:452.16,461.3 3 0
gin-artweb/internal/handler/oes/colony.go:463.2,469.29 3 0
gin-artweb/internal/handler/oes/colony.go:469.29,471.3 1 0
gin-artweb/internal/handler/oes/colony.go:473.2,476.4 1 0
gin-artweb/internal/handler/oes/colony.go:479.59,489.2 9 0
gin-artweb/internal/handler/oes/colony.go:491.95,503.2 8 0
gin-artweb/internal/handler/oes/colony.go:505.95,518.2 9 0
gin-artweb/internal/handler/oes/colony.go:520.95,530.2 6 0
gin-artweb/internal/handler/oes/conf.go:28.19,33.2 1 0
gin-artweb/internal/handler/oes/conf.go:49.58,55.52 4 0
gin-artweb/internal/handler/oes/conf.go:55.52,64.3 4 0
gin-artweb/internal/handler/oes/conf.go:67.2,68.49 2 0
gin-artweb/internal/handler/oes/conf.go:68.49,77.3 4 0
gin-artweb/internal/handler/oes/conf.go:80.2,82.94 3 0
gin-artweb/internal/handler/oes/conf.go:82.94,91.3 3 0
gin-artweb/internal/handler/oes/conf.go:93.2,98.57 2 0
gin-artweb/internal/handler/oes/conf.go:115.60,119.48 4 0
gin-artweb/internal/handler/oes/conf.go:119.48,128.3 4 0
gin-artweb/internal/handler/oes/conf.go:130.2,132.68 3 0
gin-artweb/internal/handler/oes/conf.go:132.68,141.3 3 0
gin-artweb/internal/handler/oes/conf.go:143.2,146.3 1 0
gin-artweb/internal/handler/oes/conf.go:163.58,167.48 4 0
gin-artweb/internal/handler/oes/conf.go:167.48,176.3 4 0
gin-artweb/internal/handler/oes/conf.go:178.2,180.55 3 0
gin-artweb/internal/handler/oes/conf.go:180.55,190.3 4 0
gin-artweb/internal/handler/oes/conf.go:192.2,192.57 1 0
gin-artweb/internal/handler/oes/conf.go:207.56,212.48 4 0
gin-artweb/internal/handler/oes/conf.go:212.48,221.3 4 0
gin-artweb/internal/handler/oes/conf.go:223.2,225.16 3 0
gin-artweb/internal/handler/oes/conf.go:225.16,235.3 4 0
gin-artweb/internal/handler/oes/conf.go:237.2,245.4 2 0
gin-artweb/internal/handler/oes/conf.go:248.57,253.2 4 0
gin-artweb/internal/handler/oes/node.go:26.19,31.2 1 0
gin-artweb/internal/handler/oes/node.go:44.58,49.93 4 0
gin-artweb/internal/handler/oes/node.go:49.93,51.3 1 0
gin-artweb/internal/handler/oes/node.go:53.2,54.17 2 0
gin-artweb/internal/handler/oes/node.go:54.17,63.3 3 0
gin-artweb/internal/handler/oes/node.go:65.2,73.4 2 0
gin-artweb/internal/handler/oes/node.go:89.58,94.98 4 0
gin-artweb/internal/handler/oes/node.go:94.98,96.3 1 0
gin-artweb/internal/handler/oes/node.go:98.2,99.93 2 0
gin-artweb/internal/handler/oes/node.go:99.93,101.3 1 0
gin-artweb/internal/handler/oes/node.go:103.2,104.16 2 0
gin-artweb/internal/handler/oes/node.go:104.16,114.3 3 0
gin-artweb/internal/handler/oes/node.go:116.2,125.4 2 0
gin-artweb/internal/handler/oes/node.go:140.58,145.98 4 0
gin-artweb/internal/handler/oes/node.go:145.98,147.3 1 0
gin-artweb/internal/handler/oes/node.go:149.2,150.16 2 0
gin-artweb/internal/handler/oes/node.go:150.16,159.3 3 0
gin-artweb/internal/handler/oes/node.go:161.2,167.57 2 0
gin-artweb/internal/handler/oes/node.go:182.55,187.98 4 0
gin-artweb/internal/handler/oes/node.go:187.98,189.3 1 0
gin-artweb/internal/handler/oes/node.go:191.2,192.16 2 0
gin-artweb/internal/handler/oes/node.go:192.16,201.3 3 0
gin-artweb/internal/handler/oes/node.go:203.2,213.4 3 0
gin-artweb/internal/handler/oes/node.go:227.56,232.110 4 0
gin-artweb/internal/handler/oes/node.go:232.110,234.3 1 0
gin-artweb/internal/handler/oes/node.go:236.2,238.17 3 0
gin-artweb/internal/handler/oes/node.go:238.17,249.3 3 0
gin-artweb/internal/handler/oes/node.go:251.2,263.4 3 0
gin-artweb/internal/handler/oes/node.go:266.57,272.2 5 0
gin-artweb/internal/handler/sys/api.go:28.15,33.2 1 0
gin-artweb/internal/handler/sys/api.go:45.50,50.87 4 0
gin-artweb/internal/handler/sys/api.go:50.87,52.3 1 0
gin-artweb/internal/handler/sys/api.go:54.2,55.16 2 0
gin-artweb/internal/handler/sys/api.go:55.16,64.3 3 0
gin-artweb/internal/handler/sys/api.go:66.2,76.4 3 0
gin-artweb/internal/handler/sys/api.go:91.50,96.86 4 0
gin-artweb/internal/handler/sys/api.go:96.86,98.3 1 0
gin-artweb/internal/handler/sys/api.go:100.2,101.87 2 0
gin-artweb/internal/handler/sys/api.go:101.87,103.3 1 0
gin-artweb/internal/handler/sys/api.go:105.2,106.16 2 0
gin-artweb/internal/handler/sys/api.go:106.16,116.3 3 0
gin-artweb/internal/handler/sys/api.go:118.2,128.4 3 0
gin-artweb/internal/handler/sys/api.go:142.50,147.86 4 0
gin-artweb/internal/handler/sys/api.go:147.86,149.3 1 0
gin-artweb/internal/handler/sys/api.go:151.2,151.60 1 0
gin-artweb/internal/handler/sys/api.go:151.60,160.3 3 0
gin-artweb/internal/handler/sys/api.go:162.2,162.57 1 0
gin-artweb/internal/handler/sys/api.go:176.47,181.86 4 0
gin-artweb/internal/handler/sys/api.go:181.86,183.3 1 0
gin-artweb/internal/handler/sys/api.go:185.2,186.16 2 0
gin-artweb/internal/handler/sys/api.go:186.16,195.3 3 0
gin-artweb/internal/handler/sys/api.go:197.2,207.4 3 0
gin-artweb/internal/handler/sys/api.go:221.48,226.104 4 0
gin-artweb/internal/handler/sys/api.go:226.104,228.3 1 0
gin-artweb/internal/handler/sys/api.go:230.2,232.16 3 0
gin-artweb/internal/handler/sys/api.go:232.16,243.3 3 0
gin-artweb/internal/handler/sys/api.go:245.2,257.4 3 0
gin-artweb/internal/handler/sys/api.go:261.53,267.2 5 0
gin-artweb/internal/handler/sys/button.go:28.18,33.2 1 0
gin-artweb/internal/handler/sys/button.go:46.56,51.93 4 0
gin-artweb/internal/handler/sys/button.go:51.93,53.3 1 0
gin-artweb/internal/handler/sys/button.go:55.2,56.16 2 0
gin-artweb/internal/handler/sys/button.go:56.16,65.3 3 0
gin-artweb/internal/handler/sys/button.go:67.2,76.4 2 0
gin-artweb/internal/handler/sys/button.go:92.56,97.92 4 0
gin-artweb/internal/handler/sys/button.go:97.92,99.3 1 0
gin-artweb/internal/handler/sys/button.go:101.2,102.93 2 0
gin-artweb/internal/handler/sys/button.go:102.93,104.3 1 0
gin-artweb/internal/handler/sys/button.go:106.2,107.16 2 0
gin-artweb/internal/handler/sys/button.go:107.16,117.3 3 0
gin-artweb/internal/handler/sys/button.go:119.2,128.4 2 0
gin-artweb/internal/handler/sys/button.go:143.56,148.92 4 0
gin-artweb/internal/handler/sys/button.go:148.92,150.3 1 0
gin-artweb/internal/handler/sys/button.go:152.2,153.16 2 0
gin-artweb/internal/handler/sys/button.go:153.16,162.3 3 0
gin-artweb/internal/handler/sys/button.go:164.2,170.57 2 0
gin-artweb/internal/handler/sys/button.go:185.53,190.92 4 0
gin-artweb/internal/handler/sys/button.go:190.92,192.3 1 0
gin-artweb/internal/handler/sys/button.go:194.2,195.16 2 0
gin-artweb/internal/handler/sys/button.go:195.16,204.3 3 0
gin-artweb/internal/handler/sys/button.go:206.2,215.4 2 0
gin-artweb/internal/handler/sys/button.go:229.54,234.104 4 0
gin-artweb/internal/handler/sys/button.go:234.104,236.3 1 0
gin-artweb/internal/handler/sys/button.go:238.2,240.16 3 0
gin-artweb/internal/handler/sys/button.go:240.16,251.3 3 0
gin-artweb/internal/handler/sys/button.go:253.2,265.4 3 0
gin-artweb/internal/handler/sys/button.go:269.56,275.2 5 0
gin-artweb/internal/handler/sys/menu.go:28.16,33.2 1 0
gin-artweb/internal/handler/sys/menu.go:46.52,53.56 4 0
gin-artweb/internal/handler/sys/menu.go:53.56,55.3 1 0
gin-artweb/internal/handler/sys/menu.go:57.2,57.47 1 0
gin-artweb/internal/handler/sys/menu.go:57.47,59.3 1 0
gin-artweb/internal/handler/sys/menu.go:61.2,62.16 2 0
gin-artweb/internal/handler/sys/menu.go:62.16,71.3 3 0
gin-artweb/internal/handler/sys/menu.go:73.2,83.4 3 0
gin-artweb/internal/handler/sys/menu.go:99.52,104.92 4 0
gin-artweb/internal/handler/sys/menu.go:104.92,106.3 1 0
gin-artweb/internal/handler/sys/menu.go:108.2,109.93 2 0
gin-artweb/internal/handler/sys/menu.go:109.93,111.3 1 0
gin-artweb/internal/handler/sys/menu.go:113.2,114.16 2 0
gin-artweb/internal/handler/sys/menu.go:114.16,124.3 3 0
gin-artweb/internal/handler/sys/menu.go:126.2,136.4 3 0
gin-artweb/internal/handler/sys/menu.go:151.52,156.92 4 0
gin-artweb/internal/handler/sys/menu.go:156.92,158.3 1 0
gin-artweb/internal/handler/sys/menu.go:160.2,161.16 2 0
gin-artweb/internal/handler/sys/menu.go:161.16,170.3 3 0
gin-artweb/internal/handler/sys/menu.go:172.2,178.57 2 0
gin-artweb/internal/handler/sys/menu.go:193.49,198.92 4 0
gin-artweb/internal/handler/sys/menu.go:198.92,200.3 1 0
gin-artweb/internal/handler/sys/menu.go:202.2,203.16 2 0
gin-artweb/internal/handler/sys/menu.go:203.16,212.3 3 0
gin-artweb/internal/handler/sys/menu.go:214.2,224.4 3 0
gin-artweb/internal/handler/sys/menu.go:238.50,245.62 4 0
gin-artweb/internal/handler/sys/menu.go:245.62,247.3 1 0
gin-artweb/internal/handler/sys/menu.go:249.2,251.16 3 0
gin-artweb/internal/handler/sys/menu.go:251.16,262.3 3 0
gin-artweb/internal/handler/sys/menu.go:264.2,276.4 3 0
gin-artweb/internal/handler/sys/menu.go:280.54,286.2 5 0
gin-artweb/internal/handler/sys/role.go:28.16,33.2 1 0
gin-artweb/internal/handler/sys/role.go:46.52,51.93 4 0
gin-artweb/internal/handler/sys/role.go:51.93,53.3 1 0
gin-artweb/internal/handler/sys/role.go:55.2,56.16 2 0
gin-artweb/internal/handler/sys/role.go:56.16,65.3 3 0
gin-artweb/internal/handler/sys/role.go:67.2,76.4 2 0
gin-artweb/internal/handler/sys/role.go:92.52,97.86 4 0
gin-artweb/internal/handler/sys/role.go:97.86,99.3 1 0
gin-artweb/internal/handler/sys/role.go:101.2,102.93 2 0
gin-artweb/internal/handler/sys/role.go:102.93,104.3 1 0
gin-artweb/internal/handler/sys/role.go:106.2,107.16 2 0
gin-artweb/internal/handler/sys/role.go:107.16,117.3 3 0
gin-artweb/internal/handler/sys/role.go:119.2,128.4 2 0
gin-artweb/internal/handler/sys/role.go:143.52,148.86 4 0
gin-artweb/internal/handler/sys/role.go:148.86,150.3 1 0
gin-artweb/internal/handler/sys/role.go:152.2,152.62 1 0
gin-artweb/internal/handler/sys/role.go:152.62,161.3 3 0
gin-artweb/internal/handler/sys/role.go:163.2,169.57 2 0
gin-artweb/internal/handler/sys/role.go:184.49,189.86 4 0
gin-artweb/internal/handler/sys/role.go:189.86,191.3 1 0
gin-artweb/internal/handler/sys/role.go:193.2,194.16 2 0
gin-artweb/internal/handler/sys/role.go:194.16,203.3 3 0
gin-artweb/internal/handler/sys/role.go:205.2,214.4 2 0
gin-artweb/internal/handler/sys/role.go:228.50,233.92 4 0
gin-artweb/internal/handler/sys/role.go:233.92,235.3 1 0
gin-artweb/internal/handler/sys/role.go:237.2,239.16 3 0
gin-artweb/internal/handler/sys/role.go:239.16,250.3 3 0
gin-artweb/internal/handler/sys/role.go:252.2,264.4 3 0
gin-artweb/internal/handler/sys/role.go:277.57,283.16 5 0
gin-artweb/internal/handler/sys/role.go:283.16,292.3 3 0
gin-artweb/internal/handler/sys/role.go:294.2,303.4 2 0
gin-artweb/internal/handler/sys/role.go:307.54,313.2 5 0
gin-artweb/internal/handler/sys/user.go:28.16,33.2 1 0
gin-artweb/internal/handler/sys/user.go:46.52,51.93 4 0
gin-artweb/internal/handler/sys/user.go:51.93,53.3 1 0
gin-artweb/internal/handler/sys/user.go:55.2,56.16 2 0
gin-artweb/internal/handler/sys/user.go:56.16,65.3 3 0
gin-artweb/internal/handler/sys/user.go:67.2,76.4 2 0
gin-artweb/internal/handler/sys/user.go:92.52,97.86 4 0
gin-artweb/internal/handler/sys/user.go:97.86,99.3 1 0
gin-artweb/internal/handler/sys/user.go:101.2,102.93 2 0
gin-artweb/internal/handler/sys/user.go:102.93,104.3 1 0
gin-artweb/internal/handler/sys/user.go:106.2,107.16 2 0
gin-artweb/internal/handler/sys/user.go:107.16,117.3 3 0
gin-artweb/internal/handler/sys/user.go:119.2,120.16 2 0
gin-artweb/internal/handler/sys/user.go:120.16,129.3 3 0
gin-artweb/internal/handler/sys/user.go:131.2,140.4 2 0
gin-artweb/internal/handler/sys/user.go:155.52,160.86 4 0
gin-artweb/internal/handler/sys/user.go:160.86,162.3 1 0
gin-artweb/internal/handler/sys/user.go:164.2,165.16 2 0
gin-artweb/internal/handler/sys/user.go:165.16,174.3 3 0
gin-artweb/internal/handler/sys/user.go:176.2,182.57 2 0
gin-artweb/internal/handler/sys/user.go:197.49,202.92 4 0
gin-artweb/internal/handler/sys/user.go:202.92,204.3 1 0
gin-artweb/internal/handler/sys/user.go:206.2,207.16 2 0
gin-artweb/internal/handler/sys/user.go:207.16,216.3 3 0
gin-artweb/internal/handler/sys/user.go:218.2,227.4 2 0
gin-artweb/internal/handler/sys/user.go:241.50,246.110 4 0
gin-artweb/internal/handler/sys/user.go:246.110,248.3 1 0
gin-artweb/internal/handler/sys/user.go:250.2,252.16 3 0
gin-artweb/internal/handler/sys/user.go:252.16,263.3 3 0
gin-artweb/internal/handler/sys/user.go:265.2,277.4 3 0
gin-artweb/internal/handler/sys/user.go:293.55,298.92 4 0
gin-artweb/internal/handler/sys/user.go:298.92,300.3 1 0
gin-artweb/internal/handler/sys/user.go:302.2,303.105 2 0
gin-artweb/internal/handler/sys/user.go:303.105,305.3 1 0
gin-artweb/internal/handler/sys/user.go:307.2,308.16 2 0
gin-artweb/internal/handler/sys/user.go:308.16,317.3 3 0
gin-artweb/internal/handler/sys/user.go:319.2,324.57 2 0
gin-artweb/internal/handler/sys/user.go:339.55,345.105 5 0
gin-artweb/internal/handler/sys/user.go:345.105,347.3 1 0
gin-artweb/internal/handler/sys/user.go:349.2,350.16 2 0
gin-artweb/internal/handler/sys/user.go:350.16,359.3 3 0
gin-artweb/internal/handler/sys/user.go:361.2,366.57 2 0
gin-artweb/internal/handler/sys/user.go:380.47,385.93 4 0
gin-artweb/internal/handler/sys/user.go:385.93,387.3 1 0
gin-artweb/internal/handler/sys/user.go:389.2,395.16 3 0
gin-artweb/internal/handler/sys/user.go:395.16,404.3 3 0
gin-artweb/internal/handler/sys/user.go:406.2,418.4 2 0
gin-artweb/internal/handler/sys/user.go:432.54,437.93 4 0
gin-artweb/internal/handler/sys/user.go:437.93,439.3 1 0
gin-artweb/internal/handler/sys/user.go:441.2,442.17 2 0
gin-artweb/internal/handler/sys/user.go:442.17,450.3 3 0
gin-artweb/internal/handler/sys/user.go:452.2,463.4 2 0
gin-artweb/internal/handler/sys/user.go:477.57,482.134 4 0
gin-artweb/internal/handler/sys/user.go:482.134,484.3 1 0
gin-artweb/internal/handler/sys/user.go:486.2,488.16 3 0
gin-artweb/internal/handler/sys/user.go:488.16,499.3 3 0
gin-artweb/internal/handler/sys/user.go:501.2,513.4 3 0
gin-artweb/internal/handler/sys/user.go:528.59,534.134 5 0
gin-artweb/internal/handler/sys/user.go:534.134,536.3 1 0
gin-artweb/internal/handler/sys/user.go:538.2,541.16 4 0
gin-artweb/internal/handler/sys/user.go:541.16,552.3 3 0
gin-artweb/internal/handler/sys/user.go:554.2,566.4 3 0
gin-artweb/internal/handler/sys/user.go:570.54,579.2 8 0
gin-artweb/internal/model/mon/node.go:24.43,26.2 1 0
gin-artweb/internal/model/mon/node.go:28.74,29.62 1 0
gin-artweb/internal/model/mon/node.go:29.62,31.3 1 0
gin-artweb/internal/model/mon/node.go:32.2,38.12 7 0
gin-artweb/internal/model/mon/node.go:41.60,42.18 1 0
gin-artweb/internal/model/mon/node.go:42.18,44.3 1 0
gin-artweb/internal/model/mon/node.go:46.2,47.23 2 0
gin-artweb/internal/model/mon/node.go:47.23,49.3 1 0
gin-artweb/internal/model/mon/node.go:50.2,50.12 1 0
gin-artweb/internal/model/mon/node.go:63.74,72.2 8 0
gin-artweb/internal/model/mon/node.go:74.57,84.2 1 0
gin-artweb/internal/model/mon/node.go:109.80,117.2 7 0
gin-artweb/internal/model/mon/node.go:119.53,128.2 1 0
gin-artweb/internal/model/mon/node.go:130.59,139.2 1 0
gin-artweb/internal/model/mon/node.go:155.78,156.69 1 0
gin-artweb/internal/model/mon/node.go:156.69,158.3 1 0
gin-artweb/internal/model/mon/node.go:159.2,161.12 3 0
gin-artweb/internal/model/mon/node.go:164.56,166.20 2 0
gin-artweb/internal/model/mon/node.go:166.20,168.3 1 0
gin-artweb/internal/model/mon/node.go:169.2,169.20 1 0
gin-artweb/internal/model/mon/node.go:169.20,171.3 1 0
gin-artweb/internal/model/mon/node.go:172.2,172.17 1 0
gin-artweb/internal/model/mon/node.go:220.19,229.2 1 0
gin-artweb/internal/model/mon/node.go:233.23,239.2 1 0
gin-artweb/internal/model/mon/node.go:243.21,248.2 1 0
gin-artweb/internal/model/mon/node.go:252.22,253.18 1 0
gin-artweb/internal/model/mon/node.go:253.18,255.3 1 0
gin-artweb/internal/model/mon/node.go:256.2,257.17 2 0
gin-artweb/internal/model/mon/node.go:257.17,258.24 1 0
gin-artweb/internal/model/mon/node.go:258.24,261.4 2 0
gin-artweb/internal/model/mon/node.go:263.2,263.12 1 0
gin-artweb/internal/model/mds/colony.go:26.45,28.2 1 0
gin-artweb/internal/model/mds/colony.go:30.76,31.14 1 0
gin-artweb/internal/model/mds/colony.go:31.14,33.3 1 0
gin-artweb/internal/model/mds/colony.go:34.2,34.62 1 0
gin-artweb/internal/model/mds/colony.go:34.62,36.3 1 0
gin-artweb/internal/model/mds/colony.go:37.2,42.12 6 0
gin-artweb/internal/model/mds/colony.go:45.64,46.18 1 0
gin-artweb/internal/model/mds/colony.go:46.18,48.3 1 0
gin-artweb/internal/model/mds/colony.go:50.2,51.23 2 0
gin-artweb/internal/model/mds/colony.go:51.23,53.3 1 0
gin-artweb/internal/model/mds/colony.go:54.2,54.12 1 0
gin-artweb/internal/model/mds/colony.go:67.76,76.2 8 0
gin-artweb/internal/model/mds/colony.go:98.81,105.2 6 0
gin-artweb/internal/model/mds/colony.go:107.57,115.2 1 0
gin-artweb/internal/model/mds/colony.go:117.61,125.2 1 0
gin-artweb/internal/model/mds/colony.go:150.80,151.69 1 0
gin-artweb/internal/model/mds/colony.go:151.69,153.3 1 0
gin-artweb/internal/model/mds/colony.go:154.2,156.25 3 0
gin-artweb/internal/model/mds/colony.go:156.25,158.3 1 0
gin-artweb/internal/model/mds/colony.go:159.2,161.12 3 0
gin-artweb/internal/model/mds/colony.go:164.58,166.25 2 0
gin-artweb/internal/model/mds/colony.go:166.25,168.3 1 0
gin-artweb/internal/model/mds/colony.go:169.2,169.29 1 0
gin-artweb/internal/model/mds/colony.go:169.29,171.3 1 0
gin-artweb/internal/model/mds/colony.go:172.2,172.25 1 0
gin-artweb/internal/model/mds/colony.go:172.25,174.3 1 0
gin-artweb/internal/model/mds/colony.go:175.2,175.23 1 0
gin-artweb/internal/model/mds/colony.go:175.23,177.3 1 0
gin-artweb/internal/model/mds/colony.go:178.2,178.23 1 0
gin-artweb/internal/model/mds/colony.go:178.23,180.3 1 0
gin-artweb/internal/model/mds/colony.go:181.2,181.17 1 0
gin-artweb/internal/model/mds/colony.go:238.21,245.2 1 0
gin-artweb/internal/model/mds/colony.go:249.25,255.2 1 0
gin-artweb/internal/model/mds/colony.go:259.23,265.2 1 0
gin-artweb/internal/model/mds/colony.go:269.24,270.18 1 0
gin-artweb/internal/model/mds/colony.go:270.18,272.3 1 0
gin-artweb/internal/model/mds/colony.go:273.2,274.17 2 0
gin-artweb/internal/model/mds/colony.go:274.17,275.24 1 0
gin-artweb/internal/model/mds/colony.go:275.24,278.4 2 0
gin-artweb/internal/model/mds/colony.go:280.2,280.12 1 0
gin-artweb/internal/model/mds/cron.go:18.43,20.2 1 0
gin-artweb/internal/model/mds/cron.go:22.74,23.14 1 0
gin-artweb/internal/model/mds/cron.go:23.14,25.3 1 0
gin-artweb/internal/model/mds/cron.go:26.2,26.62 1 0
gin-artweb/internal/model/mds/cron.go:26.62,28.3 1 0
gin-artweb/internal/model/mds/cron.go:29.2,31.12 3 0
gin-artweb/internal/model/mds/cron.go:34.60,35.18 1 0
gin-artweb/internal/model/mds/cron.go:35.18,37.3 1 0
gin-artweb/internal/model/mds/cron.go:39.2,40.23 2 0
gin-artweb/internal/model/mds/cron.go:40.23,42.3 1 0
gin-artweb/internal/model/mds/cron.go:43.2,43.12 1 0
gin-artweb/internal/model/mds/node.go:23.43,25.2 1 0
gin-artweb/internal/model/mds/node.go:27.74,28.14 1 0
gin-artweb/internal/model/mds/node.go:28.14,30.3 1 0
gin-artweb/internal/model/mds/node.go:31.2,31.62 1 0
gin-artweb/internal/model/mds/node.go:31.62,33.3 1 0
gin-artweb/internal/model/mds/node.go:34.2,38.12 5 0
gin-artweb/internal/model/mds/node.go:41.60,42.18 1 0
gin-artweb/internal/model/mds/node.go:42.18,44.3 1 0
gin-artweb/internal/model/mds/node.go:46.2,47.23 2 0
gin-artweb/internal/model/mds/node.go:47.23,49.3 1 0
gin-artweb/internal/model/mds/node.go:50.2,50.12 1 0
gin-artweb/internal/model/mds/node.go:61.74,68.2 6 0
gin-artweb/internal/model/mds/node.go:87.80,93.2 5 0
gin-artweb/internal/model/mds/node.go:95.53,102.2 1 0
gin-artweb/internal/model/mds/node.go:104.59,111.2 1 0
gin-artweb/internal/model/mds/node.go:133.78,134.69 1 0
gin-artweb/internal/model/mds/node.go:134.69,136.3 1 0
gin-artweb/internal/model/mds/node.go:137.2,138.25 2 0
gin-artweb/internal/model/mds/node.go:138.25,140.3 1 0
gin-artweb/internal/model/mds/node.go:141.2,143.12 3 0
gin-artweb/internal/model/mds/node.go:146.56,148.24 2 0
gin-artweb/internal/model/mds/node.go:148.24,150.3 1 0
gin-artweb/internal/model/mds/node.go:151.2,151.25 1 0
gin-artweb/internal/model/mds/node.go:151.25,153.3 1 0
gin-artweb/internal/model/mds/node.go:154.2,154.25 1 0
gin-artweb/internal/model/mds/node.go:154.25,156.3 1 0
gin-artweb/internal/model/mds/node.go:157.2,157.20 1 0
gin-artweb/internal/model/mds/node.go:157.20,159.3 1 0
gin-artweb/internal/model/mds/node.go:160.2,160.17 1 0
gin-artweb/internal/model/mds/node.go:202.19,208.2 1 0
gin-artweb/internal/model/mds/node.go:212.23,218.2 1 0
gin-artweb/internal/model/mds/node.go:222.21,228.2 1 0
gin-artweb/internal/model/mds/node.go:232.22,233.18 1 0
gin-artweb/internal/model/mds/node.go:233.18,235.3 1 0
gin-artweb/internal/model/mds/node.go:236.2,237.17 2 0
gin-artweb/internal/model/mds/node.go:237.17,238.24 1 0
gin-artweb/internal/model/mds/node.go:238.24,241.4 2 0
gin-artweb/internal/model/mds/node.go:243.2,243.12 1 0
gin-artweb/internal/model/mds/task.go:14.74,18.2 3 0
gin-artweb/internal/model/mds/task.go:28.58,30.2 1 0
gin-artweb/internal/model/mds/task.go:32.59,34.2 1 0
gin-artweb/internal/model/mds/task.go:36.85,38.41 2 0
gin-artweb/internal/model/mds/task.go:38.41,40.3 1 0
gin-artweb/internal/model/mds/task.go:41.2,41.12 1 0
gin-artweb/internal/model/mds/task.go:44.64,47.31 3 0
gin-artweb/internal/model/mds/task.go:47.31,48.14 1 0
gin-artweb/internal/model/mds/task.go:48.14,50.4 1 0
gin-artweb/internal/model/mds/task.go:52.2,52.17 1 0
gin-artweb/internal/model/mds/task.go:63.89,65.20 2 0
gin-artweb/internal/model/mds/task.go:65.20,66.55 1 0
gin-artweb/internal/model/mds/task.go:66.55,68.4 1 0
gin-artweb/internal/model/mds/task.go:70.2,70.20 1 0
gin-artweb/internal/model/mds/task.go:70.20,71.55 1 0
gin-artweb/internal/model/mds/task.go:71.55,73.4 1 0
gin-artweb/internal/model/mds/task.go:75.2,75.20 1 0
gin-artweb/internal/model/mds/task.go:75.20,76.55 1 0
gin-artweb/internal/model/mds/task.go:76.55,78.4 1 0
gin-artweb/internal/model/mds/task.go:80.2,80.21 1 0
gin-artweb/internal/model/mds/task.go:80.21,81.57 1 0
gin-artweb/internal/model/mds/task.go:81.57,83.4 1 0
gin-artweb/internal/model/mds/task.go:85.2,85.12 1 0
gin-artweb/internal/model/resource/host.go:23.40,25.2 1 0
gin-artweb/internal/model/resource/host.go:27.71,28.14 1 0
gin-artweb/internal/model/resource/host.go:28.14,30.3 1 0
gin-artweb/internal/model/resource/host.go:31.2,31.62 1 0
gin-artweb/internal/model/resource/host.go:31.62,33.3 1 0
gin-artweb/internal/model/resource/host.go:34.2,41.12 8 0
gin-artweb/internal/model/resource/host.go:44.50,54.2 1 0
gin-artweb/internal/model/resource/host.go:56.54,57.18 1 0
gin-artweb/internal/model/resource/host.go:57.18,59.3 1 0
gin-artweb/internal/model/resource/host.go:61.2,62.23 2 0
gin-artweb/internal/model/resource/host.go:62.23,64.3 1 0
gin-artweb/internal/model/resource/host.go:65.2,65.12 1 0
gin-artweb/internal/model/resource/host.go:76.78,83.2 6 0
gin-artweb/internal/model/resource/host.go:85.62,93.2 1 0
gin-artweb/internal/model/resource/host.go:124.77,133.2 8 0
gin-artweb/internal/model/resource/host.go:135.47,145.2 1 0
gin-artweb/internal/model/resource/host.go:147.56,157.2 1 0
gin-artweb/internal/model/resource/host.go:188.75,192.24 4 0
gin-artweb/internal/model/resource/host.go:192.24,194.3 1 0
gin-artweb/internal/model/resource/host.go:194.8,196.3 1 0
gin-artweb/internal/model/resource/host.go:197.2,200.12 4 0
gin-artweb/internal/model/resource/host.go:203.53,205.20 2 0
gin-artweb/internal/model/resource/host.go:205.20,207.3 1 0
gin-artweb/internal/model/resource/host.go:208.2,208.21 1 0
gin-artweb/internal/model/resource/host.go:208.21,210.3 1 0
gin-artweb/internal/model/resource/host.go:211.2,211.21 1 0
gin-artweb/internal/model/resource/host.go:211.21,213.3 1 0
gin-artweb/internal/model/resource/host.go:214.2,214.24 1 0
gin-artweb/internal/model/resource/host.go:214.24,216.3 1 0
gin-artweb/internal/model/resource/host.go:217.2,217.23 1 0
gin-artweb/internal/model/resource/host.go:217.23,219.3 1 0
gin-artweb/internal/model/resource/host.go:220.2,220.22 1 0
gin-artweb/internal/model/resource/host.go:220.22,222.3 1 0
gin-artweb/internal/model/resource/host.go:223.2,223.22 1 0
gin-artweb/internal/model/resource/host.go:223.22,225.3 1 0
gin-artweb/internal/model/resource/host.go:226.2,226.17 1 0
gin-artweb/internal/model/resource/host.go:274.16,285.2 1 0
gin-artweb/internal/model/resource/host.go:289.20,295.2 1 0
gin-artweb/internal/model/resource/host.go:299.21,300.18 1 0
gin-artweb/internal/model/resource/host.go:300.18,302.3 1 0
gin-artweb/internal/model/resource/host.go:303.2,304.23 2 0
gin-artweb/internal/model/resource/host.go:304.23,307.3 2 0
gin-artweb/internal/model/resource/host.go:308.2,308.12 1 0
gin-artweb/internal/model/resource/package.go:24.43,26.2 1 0
gin-artweb/internal/model/resource/package.go:28.74,29.14 1 0
gin-artweb/internal/model/resource/package.go:29.14,31.3 1 0
gin-artweb/internal/model/resource/package.go:32.2,32.58 1 0
gin-artweb/internal/model/resource/package.go:32.58,34.3 1 0
gin-artweb/internal/model/resource/package.go:35.2,40.12 6 0
gin-artweb/internal/model/resource/package.go:43.60,44.18 1 0
gin-artweb/internal/model/resource/package.go:44.18,46.3 1 0
gin-artweb/internal/model/resource/package.go:48.2,49.23 2 0
gin-artweb/internal/model/resource/package.go:49.23,51.3 1 0
gin-artweb/internal/model/resource/package.go:52.2,52.12 1 0
gin-artweb/internal/model/resource/package.go:66.80,70.2 3 0
gin-artweb/internal/model/resource/package.go:79.80,84.2 4 0
gin-artweb/internal/model/resource/package.go:86.59,92.2 1 0
gin-artweb/internal/model/resource/package.go:118.78,119.65 1 0
gin-artweb/internal/model/resource/package.go:119.65,121.3 1 0
gin-artweb/internal/model/resource/package.go:122.2,128.12 7 0
gin-artweb/internal/model/resource/package.go:131.56,133.24 2 0
gin-artweb/internal/model/resource/package.go:133.24,135.3 1 0
gin-artweb/internal/model/resource/package.go:136.2,136.21 1 0
gin-artweb/internal/model/resource/package.go:136.21,138.3 1 0
gin-artweb/internal/model/resource/package.go:139.2,139.22 1 0
gin-artweb/internal/model/resource/package.go:139.22,142.35 3 0
gin-artweb/internal/model/resource/package.go:142.35,144.26 2 0
gin-artweb/internal/model/resource/package.go:144.26,146.5 1 0
gin-artweb/internal/model/resource/package.go:148.3,148.22 1 0
gin-artweb/internal/model/resource/package.go:148.22,150.4 1 0
gin-artweb/internal/model/resource/package.go:152.2,152.23 1 0
gin-artweb/internal/model/resource/package.go:152.23,154.3 1 0
gin-artweb/internal/model/resource/package.go:155.2,155.32 1 0
gin-artweb/internal/model/resource/package.go:155.32,157.17 2 0
gin-artweb/internal/model/resource/package.go:157.17,159.4 1 0
gin-artweb/internal/model/resource/package.go:161.2,161.31 1 0
gin-artweb/internal/model/resource/package.go:161.31,163.17 2 0
gin-artweb/internal/model/resource/package.go:163.17,165.4 1 0
gin-artweb/internal/model/resource/package.go:167.2,167.17 1 0
gin-artweb/internal/model/resource/package.go:196.23,204.2 1 0
gin-artweb/internal/model/resource/package.go:208.24,209.18 1 0
gin-artweb/internal/model/resource/package.go:209.18,211.3 1 0
gin-artweb/internal/model/resource/package.go:212.2,213.17 2 0
gin-artweb/internal/model/resource/package.go:213.17,214.24 1 0
gin-artweb/internal/model/resource/package.go:214.24,217.4 2 0
gin-artweb/internal/model/resource/package.go:219.2,219.12 1 0
gin-artweb/internal/model/sys/api.go:20.39,22.2 1 0
gin-artweb/internal/model/sys/api.go:24.70,25.14 1 0
gin-artweb/internal/model/sys/api.go:25.14,27.3 1 0
gin-artweb/internal/model/sys/api.go:28.2,28.62 1 0
gin-artweb/internal/model/sys/api.go:28.62,30.3 1 0
gin-artweb/internal/model/sys/api.go:31.2,35.12 5 0
gin-artweb/internal/model/sys/api.go:38.49,45.2 1 0
gin-artweb/internal/model/sys/api.go:47.52,48.18 1 0
gin-artweb/internal/model/sys/api.go:48.18,50.3 1 0
gin-artweb/internal/model/sys/api.go:52.2,53.23 2 0
gin-artweb/internal/model/sys/api.go:53.23,55.3 1 0
gin-artweb/internal/model/sys/api.go:56.2,56.12 1 0
gin-artweb/internal/model/sys/api.go:79.76,86.2 6 0
gin-artweb/internal/model/sys/api.go:88.45,98.2 1 0
gin-artweb/internal/model/sys/api.go:118.76,124.2 5 0
gin-artweb/internal/model/sys/api.go:126.55,133.2 1 0
gin-artweb/internal/model/sys/api.go:155.74,156.16 1 0
gin-artweb/internal/model/sys/api.go:156.16,158.3 1 0
gin-artweb/internal/model/sys/api.go:159.2,159.69 1 0
gin-artweb/internal/model/sys/api.go:159.69,161.3 1 0
gin-artweb/internal/model/sys/api.go:162.2,166.12 5 0
gin-artweb/internal/model/sys/api.go:169.52,171.19 2 0
gin-artweb/internal/model/sys/api.go:171.19,173.3 1 0
gin-artweb/internal/model/sys/api.go:174.2,174.22 1 0
gin-artweb/internal/model/sys/api.go:174.22,176.3 1 0
gin-artweb/internal/model/sys/api.go:177.2,177.21 1 0
gin-artweb/internal/model/sys/api.go:177.21,179.3 1 0
gin-artweb/internal/model/sys/api.go:180.2,180.21 1 0
gin-artweb/internal/model/sys/api.go:180.21,182.3 1 0
gin-artweb/internal/model/sys/api.go:183.2,183.17 1 0
gin-artweb/internal/model/sys/api.go:216.56,226.2 1 0
gin-artweb/internal/model/sys/api.go:228.64,229.18 1 0
gin-artweb/internal/model/sys/api.go:229.18,231.3 1 0
gin-artweb/internal/model/sys/api.go:232.2,233.23 2 0
gin-artweb/internal/model/sys/api.go:233.23,236.3 2 0
gin-artweb/internal/model/sys/api.go:237.2,237.12 1 0
gin-artweb/internal/model/sys/button.go:23.42,25.2 1 0
gin-artweb/internal/model/sys/button.go:27.73,28.14 1 0
gin-artweb/internal/model/sys/button.go:28.14,30.3 1 0
gin-artweb/internal/model/sys/button.go:31.2,31.62 1 0
gin-artweb/internal/model/sys/button.go:31.62,33.3 1 0
gin-artweb/internal/model/sys/button.go:34.2,39.96 6 0
gin-artweb/internal/model/sys/button.go:39.96,40.30 1 0
gin-artweb/internal/model/sys/button.go:40.30,42.4 1 0
gin-artweb/internal/model/sys/button.go:43.3,43.13 1 0
gin-artweb/internal/model/sys/button.go:44.18,46.3 1 0
gin-artweb/internal/model/sys/button.go:47.2,47.12 1 0
gin-artweb/internal/model/sys/button.go:50.52,58.2 1 0
gin-artweb/internal/model/sys/button.go:60.58,61.18 1 0
gin-artweb/internal/model/sys/button.go:61.18,63.3 1 0
gin-artweb/internal/model/sys/button.go:65.2,66.23 2 0
gin-artweb/internal/model/sys/button.go:66.23,68.3 1 0
gin-artweb/internal/model/sys/button.go:69.2,69.12 1 0
gin-artweb/internal/model/sys/button.go:98.79,105.99 7 0
gin-artweb/internal/model/sys/button.go:105.99,106.33 1 0
gin-artweb/internal/model/sys/button.go:106.33,108.4 1 0
gin-artweb/internal/model/sys/button.go:109.3,109.13 1 0
gin-artweb/internal/model/sys/button.go:110.18,112.3 1 0
gin-artweb/internal/model/sys/button.go:113.2,113.12 1 0
gin-artweb/internal/model/sys/button.go:116.51,127.2 1 0
gin-artweb/internal/model/sys/button.go:152.79,158.99 6 0
gin-artweb/internal/model/sys/button.go:158.99,159.33 1 0
gin-artweb/internal/model/sys/button.go:159.33,161.4 1 0
gin-artweb/internal/model/sys/button.go:162.3,162.13 1 0
gin-artweb/internal/model/sys/button.go:163.18,165.3 1 0
gin-artweb/internal/model/sys/button.go:166.2,166.12 1 0
gin-artweb/internal/model/sys/button.go:169.58,177.2 1 0
gin-artweb/internal/model/sys/button.go:199.77,200.16 1 0
gin-artweb/internal/model/sys/button.go:200.16,202.3 1 0
gin-artweb/internal/model/sys/button.go:203.2,203.69 1 0
gin-artweb/internal/model/sys/button.go:203.69,205.3 1 0
gin-artweb/internal/model/sys/button.go:206.2,207.25 2 0
gin-artweb/internal/model/sys/button.go:207.25,209.3 1 0
gin-artweb/internal/model/sys/button.go:210.2,212.12 3 0
gin-artweb/internal/model/sys/button.go:215.55,217.20 2 0
gin-artweb/internal/model/sys/button.go:217.20,219.3 1 0
gin-artweb/internal/model/sys/button.go:220.2,220.25 1 0
gin-artweb/internal/model/sys/button.go:220.25,222.3 1 0
gin-artweb/internal/model/sys/button.go:223.2,223.21 1 0
gin-artweb/internal/model/sys/button.go:223.21,225.3 1 0
gin-artweb/internal/model/sys/button.go:226.2,226.21 1 0
gin-artweb/internal/model/sys/button.go:226.21,228.3 1 0
gin-artweb/internal/model/sys/button.go:229.2,229.17 1 0
gin-artweb/internal/model/sys/button.go:279.18,287.2 1 0
gin-artweb/internal/model/sys/button.go:291.22,297.2 1 0
gin-artweb/internal/model/sys/button.go:301.20,303.20 2 0
gin-artweb/internal/model/sys/button.go:303.20,305.3 1 0
gin-artweb/internal/model/sys/button.go:306.2,307.21 2 0
gin-artweb/internal/model/sys/button.go:307.21,309.28 2 0
gin-artweb/internal/model/sys/button.go:309.28,311.4 1 0
gin-artweb/internal/model/sys/button.go:313.2,317.3 1 0
gin-artweb/internal/model/sys/button.go:322.23,323.18 1 0
gin-artweb/internal/model/sys/button.go:323.18,325.3 1 0
gin-artweb/internal/model/sys/button.go:326.2,327.17 2 0
gin-artweb/internal/model/sys/button.go:327.17,328.24 1 0
gin-artweb/internal/model/sys/button.go:328.24,331.4 2 0
gin-artweb/internal/model/sys/button.go:333.2,333.12 1 0
gin-artweb/internal/model/sys/login_record.go:21.47,23.2 1 0
gin-artweb/internal/model/sys/login_record.go:25.78,26.14 1 0
gin-artweb/internal/model/sys/login_record.go:26.14,28.3 1 0
gin-artweb/internal/model/sys/login_record.go:29.2,29.58 1 0
gin-artweb/internal/model/sys/login_record.go:29.58,31.3 1 0
gin-artweb/internal/model/sys/login_record.go:32.2,37.12 6 0
gin-artweb/internal/model/sys/login_record.go:40.68,41.18 1 0
gin-artweb/internal/model/sys/login_record.go:41.18,43.3 1 0
gin-artweb/internal/model/sys/login_record.go:45.2,46.23 2 0
gin-artweb/internal/model/sys/login_record.go:46.23,48.3 1 0
gin-artweb/internal/model/sys/login_record.go:49.2,49.12 1 0
gin-artweb/internal/model/sys/login_record.go:77.82,78.16 1 0
gin-artweb/internal/model/sys/login_record.go:78.16,80.3 1 0
gin-artweb/internal/model/sys/login_record.go:81.2,81.65 1 0
gin-artweb/internal/model/sys/login_record.go:81.65,83.3 1 0
gin-artweb/internal/model/sys/login_record.go:84.2,86.23 3 0
gin-artweb/internal/model/sys/login_record.go:86.23,88.3 1 0
gin-artweb/internal/model/sys/login_record.go:89.2,91.12 3 0
gin-artweb/internal/model/sys/login_record.go:94.60,96.24 2 0
gin-artweb/internal/model/sys/login_record.go:96.24,98.3 1 0
gin-artweb/internal/model/sys/login_record.go:99.2,99.25 1 0
gin-artweb/internal/model/sys/login_record.go:99.25,101.3 1 0
gin-artweb/internal/model/sys/login_record.go:102.2,102.23 1 0
gin-artweb/internal/model/sys/login_record.go:102.23,104.3 1 0
gin-artweb/internal/model/sys/login_record.go:105.2,105.29 1 0
gin-artweb/internal/model/sys/login_record.go:105.29,107.17 2 0
gin-artweb/internal/model/sys/login_record.go:107.17,109.4 1 0
gin-artweb/internal/model/sys/login_record.go:111.2,111.28 1 0
gin-artweb/internal/model/sys/login_record.go:111.28,113.17 2 0
gin-artweb/internal/model/sys/login_record.go:113.17,115.4 1 0
gin-artweb/internal/model/sys/login_record.go:117.2,117.17 1 0
gin-artweb/internal/model/sys/menu.go:21.37,24.2 2 0
gin-artweb/internal/model/sys/menu.go:26.73,30.2 3 0
gin-artweb/internal/model/sys/menu.go:32.54,33.14 1 0
gin-artweb/internal/model/sys/menu.go:33.14,35.3 1 0
gin-artweb/internal/model/sys/menu.go:36.2,38.16 3 0
gin-artweb/internal/model/sys/menu.go:38.16,40.3 1 0
gin-artweb/internal/model/sys/menu.go:41.2,41.19 1 0
gin-artweb/internal/model/sys/menu.go:58.40,60.2 1 0
gin-artweb/internal/model/sys/menu.go:62.71,63.14 1 0
gin-artweb/internal/model/sys/menu.go:63.14,65.3 1 0
gin-artweb/internal/model/sys/menu.go:66.2,66.62 1 0
gin-artweb/internal/model/sys/menu.go:66.62,68.3 1 0
gin-artweb/internal/model/sys/menu.go:69.2,71.55 3 0
gin-artweb/internal/model/sys/menu.go:71.55,73.3 1 0
gin-artweb/internal/model/sys/menu.go:74.2,78.23 5 0
gin-artweb/internal/model/sys/menu.go:78.23,80.3 1 0
gin-artweb/internal/model/sys/menu.go:81.2,81.96 1 0
gin-artweb/internal/model/sys/menu.go:81.96,82.30 1 0
gin-artweb/internal/model/sys/menu.go:82.30,84.4 1 0
gin-artweb/internal/model/sys/menu.go:85.3,85.13 1 0
gin-artweb/internal/model/sys/menu.go:86.18,88.3 1 0
gin-artweb/internal/model/sys/menu.go:89.2,89.12 1 0
gin-artweb/internal/model/sys/menu.go:92.50,103.2 1 0
gin-artweb/internal/model/sys/menu.go:105.54,106.18 1 0
gin-artweb/internal/model/sys/menu.go:106.18,108.3 1 0
gin-artweb/internal/model/sys/menu.go:110.2,111.23 2 0
gin-artweb/internal/model/sys/menu.go:111.23,113.3 1 0
gin-artweb/internal/model/sys/menu.go:114.2,114.12 1 0
gin-artweb/internal/model/sys/menu.go:152.77,156.57 4 0
gin-artweb/internal/model/sys/menu.go:156.57,158.3 1 0
gin-artweb/internal/model/sys/menu.go:159.2,163.25 5 0
gin-artweb/internal/model/sys/menu.go:163.25,165.3 1 0
gin-artweb/internal/model/sys/menu.go:166.2,166.99 1 0
gin-artweb/internal/model/sys/menu.go:166.99,167.33 1 0
gin-artweb/internal/model/sys/menu.go:167.33,169.4 1 0
gin-artweb/internal/model/sys/menu.go:170.3,170.13 1 0
gin-artweb/internal/model/sys/menu.go:171.18,173.3 1 0
gin-artweb/internal/model/sys/menu.go:174.2,174.12 1 0
gin-artweb/internal/model/sys/menu.go:177.47,194.43 2 0
gin-artweb/internal/model/sys/menu.go:194.43,196.3 1 0
gin-artweb/internal/model/sys/menu.go:197.2,197.10 1 0
gin-artweb/internal/model/sys/menu.go:232.77,235.57 3 0
gin-artweb/internal/model/sys/menu.go:235.57,237.3 1 0
gin-artweb/internal/model/sys/menu.go:238.2,242.25 5 0
gin-artweb/internal/model/sys/menu.go:242.25,244.3 1 0
gin-artweb/internal/model/sys/menu.go:245.2,245.99 1 0
gin-artweb/internal/model/sys/menu.go:245.99,246.33 1 0
gin-artweb/internal/model/sys/menu.go:246.33,248.4 1 0
gin-artweb/internal/model/sys/menu.go:249.3,249.13 1 0
gin-artweb/internal/model/sys/menu.go:250.18,252.3 1 0
gin-artweb/internal/model/sys/menu.go:253.2,253.12 1 0
gin-artweb/internal/model/sys/menu.go:256.56,266.47 2 0
gin-artweb/internal/model/sys/menu.go:266.47,268.3 1 0
gin-artweb/internal/model/sys/menu.go:269.2,269.13 1 0
gin-artweb/internal/model/sys/menu.go:298.75,299.16 1 0
gin-artweb/internal/model/sys/menu.go:299.16,301.3 1 0
gin-artweb/internal/model/sys/menu.go:302.2,302.69 1 0
gin-artweb/internal/model/sys/menu.go:302.69,304.3 1 0
gin-artweb/internal/model/sys/menu.go:305.2,308.25 4 0
gin-artweb/internal/model/sys/menu.go:308.25,310.3 1 0
gin-artweb/internal/model/sys/menu.go:311.2,312.25 2 0
gin-artweb/internal/model/sys/menu.go:312.25,314.3 1 0
gin-artweb/internal/model/sys/menu.go:315.2,315.12 1 0
gin-artweb/internal/model/sys/menu.go:318.53,320.20 2 0
gin-artweb/internal/model/sys/menu.go:320.20,322.3 1 0
gin-artweb/internal/model/sys/menu.go:323.2,323.25 1 0
gin-artweb/internal/model/sys/menu.go:323.25,325.3 1 0
gin-artweb/internal/model/sys/menu.go:326.2,326.20 1 0
gin-artweb/internal/model/sys/menu.go:326.20,328.3 1 0
gin-artweb/internal/model/sys/menu.go:329.2,329.25 1 0
gin-artweb/internal/model/sys/menu.go:329.25,331.3 1 0
gin-artweb/internal/model/sys/menu.go:332.2,332.21 1 0
gin-artweb/internal/model/sys/menu.go:332.21,334.3 1 0
gin-artweb/internal/model/sys/menu.go:335.2,335.25 1 0
gin-artweb/internal/model/sys/menu.go:335.25,337.3 1 0
gin-artweb/internal/model/sys/menu.go:338.2,338.17 1 0
gin-artweb/internal/model/sys/menu.go:398.16,409.2 1 0
gin-artweb/internal/model/sys/menu.go:413.20,419.2 1 0
gin-artweb/internal/model/sys/menu.go:423.18,425.21 2 0
gin-artweb/internal/model/sys/menu.go:425.21,427.3 1 0
gin-artweb/internal/model/sys/menu.go:428.2,429.21 2 0
gin-artweb/internal/model/sys/menu.go:429.21,431.28 2 0
gin-artweb/internal/model/sys/menu.go:431.28,433.4 1 0
gin-artweb/internal/model/sys/menu.go:435.2,439.3 1 0
gin-artweb/internal/model/sys/menu.go:444.21,445.18 1 0
gin-artweb/internal/model/sys/menu.go:445.18,447.3 1 0
gin-artweb/internal/model/sys/menu.go:448.2,449.23 2 0
gin-artweb/internal/model/sys/menu.go:449.23,452.3 2 0
gin-artweb/internal/model/sys/menu.go:453.2,453.12 1 0
gin-artweb/internal/model/sys/role.go:21.40,23.2 1 0
gin-artweb/internal/model/sys/role.go:25.71,26.14 1 0
gin-artweb/internal/model/sys/role.go:26.14,28.3 1 0
gin-artweb/internal/model/sys/role.go:29.2,29.62 1 0
gin-artweb/internal/model/sys/role.go:29.62,31.3 1 0
gin-artweb/internal/model/sys/role.go:32.2,34.96 3 0
gin-artweb/internal/model/sys/role.go:34.96,35.30 1 0
gin-artweb/internal/model/sys/role.go:35.30,37.4 1 0
gin-artweb/internal/model/sys/role.go:38.3,38.13 1 0
gin-artweb/internal/model/sys/role.go:39.18,41.3 1 0
gin-artweb/internal/model/sys/role.go:42.2,42.97 1 0
gin-artweb/internal/model/sys/role.go:42.97,43.32 1 0
gin-artweb/internal/model/sys/role.go:43.32,45.4 1 0
gin-artweb/internal/model/sys/role.go:46.3,46.13 1 0
gin-artweb/internal/model/sys/role.go:47.18,49.3 1 0
gin-artweb/internal/model/sys/role.go:50.2,50.99 1 0
gin-artweb/internal/model/sys/role.go:50.99,51.36 1 0
gin-artweb/internal/model/sys/role.go:51.36,53.4 1 0
gin-artweb/internal/model/sys/role.go:54.3,54.13 1 0
gin-artweb/internal/model/sys/role.go:55.18,57.3 1 0
gin-artweb/internal/model/sys/role.go:58.2,58.12 1 0
gin-artweb/internal/model/sys/role.go:61.50,66.2 1 0
gin-artweb/internal/model/sys/role.go:68.54,69.18 1 0
gin-artweb/internal/model/sys/role.go:69.18,71.3 1 0
gin-artweb/internal/model/sys/role.go:73.2,74.23 2 0
gin-artweb/internal/model/sys/role.go:74.23,76.3 1 0
gin-artweb/internal/model/sys/role.go:77.2,77.12 1 0
gin-artweb/internal/model/sys/role.go:100.77,103.99 3 0
gin-artweb/internal/model/sys/role.go:103.99,104.33 1 0
gin-artweb/internal/model/sys/role.go:104.33,106.4 1 0
gin-artweb/internal/model/sys/role.go:107.3,107.13 1 0
gin-artweb/internal/model/sys/role.go:108.18,110.3 1 0
gin-artweb/internal/model/sys/role.go:111.2,111.100 1 0
gin-artweb/internal/model/sys/role.go:111.100,112.34 1 0
gin-artweb/internal/model/sys/role.go:112.34,114.4 1 0
gin-artweb/internal/model/sys/role.go:115.3,115.13 1 0
gin-artweb/internal/model/sys/role.go:116.18,118.3 1 0
gin-artweb/internal/model/sys/role.go:119.2,119.102 1 0
gin-artweb/internal/model/sys/role.go:119.102,120.36 1 0
gin-artweb/internal/model/sys/role.go:120.36,122.4 1 0
gin-artweb/internal/model/sys/role.go:123.3,123.13 1 0
gin-artweb/internal/model/sys/role.go:124.18,126.3 1 0
gin-artweb/internal/model/sys/role.go:127.2,127.12 1 0
gin-artweb/internal/model/sys/role.go:130.47,135.2 1 0
gin-artweb/internal/model/sys/role.go:137.56,142.2 1 0
gin-artweb/internal/model/sys/role.go:158.75,159.16 1 0
gin-artweb/internal/model/sys/role.go:159.16,161.3 1 0
gin-artweb/internal/model/sys/role.go:162.2,162.69 1 0
gin-artweb/internal/model/sys/role.go:162.69,164.3 1 0
gin-artweb/internal/model/sys/role.go:165.2,167.12 3 0
gin-artweb/internal/model/sys/role.go:170.53,172.20 2 0
gin-artweb/internal/model/sys/role.go:172.20,174.3 1 0
gin-artweb/internal/model/sys/role.go:175.2,175.21 1 0
gin-artweb/internal/model/sys/role.go:175.21,177.3 1 0
gin-artweb/internal/model/sys/role.go:178.2,178.17 1 0
gin-artweb/internal/model/sys/role.go:238.16,244.2 1 0
gin-artweb/internal/model/sys/role.go:248.20,254.2 1 0
gin-artweb/internal/model/sys/role.go:258.18,260.21 2 0
gin-artweb/internal/model/sys/role.go:260.21,262.28 2 0
gin-artweb/internal/model/sys/role.go:262.28,264.4 1 0
gin-artweb/internal/model/sys/role.go:267.2,268.22 2 0
gin-artweb/internal/model/sys/role.go:268.22,270.29 2 0
gin-artweb/internal/model/sys/role.go:270.29,272.4 1 0
gin-artweb/internal/model/sys/role.go:275.2,276.24 2 0
gin-artweb/internal/model/sys/role.go:276.24,278.31 2 0
gin-artweb/internal/model/sys/role.go:278.31,280.4 1 0
gin-artweb/internal/model/sys/role.go:282.2,287.3 1 0
gin-artweb/internal/model/sys/role.go:292.21,293.18 1 0
gin-artweb/internal/model/sys/role.go:293.18,295.3 1 0
gin-artweb/internal/model/sys/role.go:296.2,297.17 2 0
gin-artweb/internal/model/sys/role.go:297.17,298.24 1 0
[...]
gin-artweb/internal/service/sys/menu.go:109.2,119.17 5 11
gin-artweb/internal/service/sys/menu.go:119.17,127.3 2 0
gin-artweb/internal/service/sys/menu.go:128.2,128.19 1 11
gin-artweb/internal/service/sys/menu.go:128.19,130.3 1 0
gin-artweb/internal/service/sys/menu.go:132.2,133.17 2 11
gin-artweb/internal/service/sys/menu.go:133.17,141.3 2 0
gin-artweb/internal/service/sys/menu.go:143.2,143.62 1 11
gin-artweb/internal/service/sys/menu.go:143.62,151.3 2 0
gin-artweb/internal/service/sys/menu.go:153.2,153.21 1 11
gin-artweb/internal/service/sys/menu.go:153.21,154.59 1 0
gin-artweb/internal/service/sys/menu.go:154.59,161.4 1 0
gin-artweb/internal/service/sys/menu.go:164.2,164.19 1 11
gin-artweb/internal/service/sys/menu.go:164.19,166.3 1 2
gin-artweb/internal/service/sys/menu.go:168.2,168.58 1 11
gin-artweb/internal/service/sys/menu.go:168.58,177.3 3 0
gin-artweb/internal/service/sys/menu.go:179.2,184.16 2 11
gin-artweb/internal/service/sys/menu.go:191.40,193.22 2 2
gin-artweb/internal/service/sys/menu.go:193.22,195.3 1 1
gin-artweb/internal/service/sys/menu.go:196.2,205.17 4 1
gin-artweb/internal/service/sys/menu.go:205.17,213.3 2 0
gin-artweb/internal/service/sys/menu.go:215.2,216.17 2 1
gin-artweb/internal/service/sys/menu.go:216.17,224.3 2 0
gin-artweb/internal/service/sys/menu.go:226.2,226.70 1 1
gin-artweb/internal/service/sys/menu.go:226.70,234.3 2 0
gin-artweb/internal/service/sys/menu.go:236.2,236.29 1 1
gin-artweb/internal/service/sys/menu.go:236.29,237.61 1 0
gin-artweb/internal/service/sys/menu.go:237.61,244.4 1 0
gin-artweb/internal/service/sys/menu.go:247.2,248.88 2 1
gin-artweb/internal/service/sys/menu.go:248.88,258.3 3 0
gin-artweb/internal/service/sys/menu.go:260.2,260.21 1 1
gin-artweb/internal/service/sys/menu.go:260.21,262.92 2 0
gin-artweb/internal/service/sys/menu.go:262.92,269.4 1 0
gin-artweb/internal/service/sys/menu.go:272.2,273.17 2 1
gin-artweb/internal/service/sys/menu.go:273.17,283.3 4 0
gin-artweb/internal/service/sys/menu.go:285.2,285.60 1 1
gin-artweb/internal/service/sys/menu.go:285.60,295.3 4 0
gin-artweb/internal/service/sys/menu.go:297.2,302.16 2 1
gin-artweb/internal/service/sys/menu.go:308.17,310.22 2 2
gin-artweb/internal/service/sys/menu.go:310.22,312.3 1 1
gin-artweb/internal/service/sys/menu.go:313.2,321.17 4 1
gin-artweb/internal/service/sys/menu.go:321.17,329.3 2 0
gin-artweb/internal/service/sys/menu.go:331.2,331.68 1 1
gin-artweb/internal/service/sys/menu.go:331.68,340.3 2 0
gin-artweb/internal/service/sys/menu.go:342.2,342.29 1 1
gin-artweb/internal/service/sys/menu.go:342.29,343.60 1 0
gin-artweb/internal/service/sys/menu.go:343.60,350.4 1 0
gin-artweb/internal/service/sys/menu.go:353.2,353.60 1 1
gin-artweb/internal/service/sys/menu.go:353.60,362.3 3 0
gin-artweb/internal/service/sys/menu.go:364.2,369.12 2 1
gin-artweb/internal/service/sys/menu.go:376.40,378.22 2 7
gin-artweb/internal/service/sys/menu.go:378.22,380.3 1 1
gin-artweb/internal/service/sys/menu.go:381.2,384.16 3 6
gin-artweb/internal/service/sys/menu.go:384.16,393.3 2 1
gin-artweb/internal/service/sys/menu.go:395.2,399.15 2 5
gin-artweb/internal/service/sys/menu.go:406.48,408.22 2 2
gin-artweb/internal/service/sys/menu.go:408.22,410.3 1 1
gin-artweb/internal/service/sys/menu.go:411.2,429.16 6 1
gin-artweb/internal/service/sys/menu.go:429.16,437.3 2 0
gin-artweb/internal/service/sys/menu.go:439.2,439.16 1 1
gin-artweb/internal/service/sys/menu.go:439.16,445.3 2 0
gin-artweb/internal/service/sys/menu.go:447.2,448.16 2 1
gin-artweb/internal/service/sys/menu.go:448.16,456.3 2 0
gin-artweb/internal/service/sys/menu.go:458.2,458.23 1 1
gin-artweb/internal/service/sys/menu.go:463.9,473.16 5 3
gin-artweb/internal/service/sys/menu.go:473.16,481.3 2 1
gin-artweb/internal/service/sys/menu.go:483.2,484.20 2 2
gin-artweb/internal/service/sys/menu.go:484.20,490.3 2 0
gin-artweb/internal/service/sys/menu.go:492.2,493.20 2 2
gin-artweb/internal/service/sys/menu.go:493.20,494.63 1 33
gin-artweb/internal/service/sys/menu.go:494.63,502.4 2 0
gin-artweb/internal/service/sys/menu.go:506.2,516.19 3 2
gin-artweb/internal/service/sys/menu.go:516.19,518.3 1 0
gin-artweb/internal/service/sys/menu.go:519.2,519.12 1 2
gin-artweb/internal/service/sys/password.go:25.61,26.24 1 35
gin-artweb/internal/service/sys/password.go:26.24,28.3 1 1
gin-artweb/internal/service/sys/password.go:30.2,33.29 2 34
gin-artweb/internal/service/sys/password.go:33.29,34.10 1 292
gin-artweb/internal/service/sys/password.go:35.27,36.26 1 83
gin-artweb/internal/service/sys/password.go:37.27,38.26 1 36
gin-artweb/internal/service/sys/password.go:39.27,40.26 1 75
gin-artweb/internal/service/sys/password.go:41.52,42.28 1 98
gin-artweb/internal/service/sys/password.go:47.2,47.30 1 34
gin-artweb/internal/service/sys/password.go:47.30,49.3 1 27
gin-artweb/internal/service/sys/password.go:50.2,50.30 1 34
gin-artweb/internal/service/sys/password.go:50.30,52.3 1 23
gin-artweb/internal/service/sys/password.go:53.2,53.30 1 34
gin-artweb/internal/service/sys/password.go:53.30,55.3 1 24
gin-artweb/internal/service/sys/password.go:56.2,56.32 1 34
gin-artweb/internal/service/sys/password.go:56.32,58.3 1 22
gin-artweb/internal/service/sys/password.go:60.2,60.19 1 34
gin-artweb/internal/service/sys/password.go:64.47,68.22 2 20
gin-artweb/internal/service/sys/password.go:68.22,70.3 1 1
gin-artweb/internal/service/sys/password.go:73.2,79.9 3 19
gin-artweb/internal/service/sys/password.go:80.18,81.26 1 3
gin-artweb/internal/service/sys/password.go:82.18,83.22 1 2
gin-artweb/internal/service/sys/password.go:84.18,85.24 1 1
gin-artweb/internal/service/sys/password.go:86.18,87.24 1 13
gin-artweb/internal/service/sys/password.go:88.10,89.28 1 0
gin-artweb/internal/service/sys/role.go:32.16,40.2 1 1
gin-artweb/internal/service/sys/role.go:45.40,47.22 2 15
gin-artweb/internal/service/sys/role.go:47.22,49.3 1 1
gin-artweb/internal/service/sys/role.go:50.2,52.22 2 14
gin-artweb/internal/service/sys/role.go:52.22,54.3 1 10
gin-artweb/internal/service/sys/role.go:56.2,66.16 4 4
gin-artweb/internal/service/sys/role.go:66.16,74.3 2 0
gin-artweb/internal/service/sys/role.go:76.2,76.16 1 4
gin-artweb/internal/service/sys/role.go:82.41,84.22 2 15
gin-artweb/internal/service/sys/role.go:84.22,86.3 1 1
gin-artweb/internal/service/sys/role.go:87.2,89.23 2 14
gin-artweb/internal/service/sys/role.go:89.23,91.3 1 8
gin-artweb/internal/service/sys/role.go:93.2,103.16 4 6
gin-artweb/internal/service/sys/role.go:103.16,111.3 2 0
gin-artweb/internal/service/sys/role.go:113.2,113.16 1 6
gin-artweb/internal/service/sys/role.go:119.43,121.22 2 15
gin-artweb/internal/service/sys/role.go:121.22,123.3 1 1
gin-artweb/internal/service/sys/role.go:124.2,126.25 2 14
gin-artweb/internal/service/sys/role.go:126.25,128.3 1 9
gin-artweb/internal/service/sys/role.go:130.2,140.16 4 5
gin-artweb/internal/service/sys/role.go:140.16,148.3 2 0
gin-artweb/internal/service/sys/role.go:150.2,150.16 1 5
gin-artweb/internal/service/sys/role.go:156.40,158.22 2 13
gin-artweb/internal/service/sys/role.go:158.22,160.3 1 1
gin-artweb/internal/service/sys/role.go:161.2,171.17 5 12
gin-artweb/internal/service/sys/role.go:171.17,179.3 2 0
gin-artweb/internal/service/sys/role.go:181.2,182.17 2 12
gin-artweb/internal/service/sys/role.go:182.17,190.3 2 0
gin-artweb/internal/service/sys/role.go:192.2,193.17 2 12
gin-artweb/internal/service/sys/role.go:193.17,201.3 2 0
gin-artweb/internal/service/sys/role.go:203.2,203.78 1 12
gin-artweb/internal/service/sys/role.go:203.78,211.3 2 0
gin-artweb/internal/service/sys/role.go:213.2,213.21 1 12
gin-artweb/internal/service/sys/role.go:213.21,214.59 1 0
gin-artweb/internal/service/sys/role.go:214.59,221.4 1 0
gin-artweb/internal/service/sys/role.go:224.2,224.19 1 12
gin-artweb/internal/service/sys/role.go:224.19,226.3 1 3
gin-artweb/internal/service/sys/role.go:227.2,227.20 1 12
gin-artweb/internal/service/sys/role.go:227.20,229.3 1 5
gin-artweb/internal/service/sys/role.go:230.2,230.22 1 12
gin-artweb/internal/service/sys/role.go:230.22,232.3 1 4
gin-artweb/internal/service/sys/role.go:234.2,234.58 1 12
gin-artweb/internal/service/sys/role.go:234.58,243.3 3 0
gin-artweb/internal/service/sys/role.go:245.2,250.16 2 12
gin-artweb/internal/service/sys/role.go:257.40,259.22 2 2
gin-artweb/internal/service/sys/role.go:259.22,261.3 1 1
gin-artweb/internal/service/sys/role.go:262.2,271.17 4 1
gin-artweb/internal/service/sys/role.go:271.17,279.3 2 0
gin-artweb/internal/service/sys/role.go:281.2,282.17 2 1
gin-artweb/internal/service/sys/role.go:282.17,290.3 2 0
gin-artweb/internal/service/sys/role.go:292.2,293.17 2 1
gin-artweb/internal/service/sys/role.go:293.17,301.3 2 0
gin-artweb/internal/service/sys/role.go:303.2,304.17 2 1
gin-artweb/internal/service/sys/role.go:304.17,312.3 2 0
gin-artweb/internal/service/sys/role.go:314.2,314.63 1 1
gin-artweb/internal/service/sys/role.go:314.63,322.3 2 0
gin-artweb/internal/service/sys/role.go:324.2,324.29 1 1
gin-artweb/internal/service/sys/role.go:324.29,325.61 1 0
gin-artweb/internal/service/sys/role.go:325.61,332.4 1 0
gin-artweb/internal/service/sys/role.go:335.2,336.104 2 1
gin-artweb/internal/service/sys/role.go:336.104,346.3 3 0
gin-artweb/internal/service/sys/role.go:348.2,348.21 1 1
gin-artweb/internal/service/sys/role.go:348.21,350.114 2 0
gin-artweb/internal/service/sys/role.go:350.114,357.4 1 0
gin-artweb/internal/service/sys/role.go:360.2,361.17 2 1
gin-artweb/internal/service/sys/role.go:361.17,371.3 4 0
gin-artweb/internal/service/sys/role.go:373.2,373.59 1 1
gin-artweb/internal/service/sys/role.go:373.59,383.3 4 0
gin-artweb/internal/service/sys/role.go:385.2,390.15 2 1
gin-artweb/internal/service/sys/role.go:396.17,398.22 2 2
gin-artweb/internal/service/sys/role.go:398.22,400.3 1 1
gin-artweb/internal/service/sys/role.go:401.2,409.17 4 1
gin-artweb/internal/service/sys/role.go:409.17,417.3 2 0
gin-artweb/internal/service/sys/role.go:420.2,420.62 1 1
gin-artweb/internal/service/sys/role.go:420.62,427.3 2 0
gin-artweb/internal/service/sys/role.go:430.2,430.29 1 1
gin-artweb/internal/service/sys/role.go:430.29,431.60 1 0
gin-artweb/internal/service/sys/role.go:431.60,437.4 1 0
gin-artweb/internal/service/sys/role.go:440.2,440.60 1 1
gin-artweb/internal/service/sys/role.go:440.60,449.3 3 0
gin-artweb/internal/service/sys/role.go:451.2,456.12 2 1
gin-artweb/internal/service/sys/role.go:463.40,465.22 2 11
gin-artweb/internal/service/sys/role.go:465.22,467.3 1 1
gin-artweb/internal/service/sys/role.go:468.2,471.16 3 10
gin-artweb/internal/service/sys/role.go:471.16,480.3 2 1
gin-artweb/internal/service/sys/role.go:482.2,486.15 2 9
gin-artweb/internal/service/sys/role.go:493.48,495.22 2 2
gin-artweb/internal/service/sys/role.go:495.22,497.3 1 1
gin-artweb/internal/service/sys/role.go:498.2,517.16 6 1
gin-artweb/internal/service/sys/role.go:517.16,525.3 2 0
gin-artweb/internal/service/sys/role.go:527.2,527.16 1 1
gin-artweb/internal/service/sys/role.go:527.16,533.3 2 0
gin-artweb/internal/service/sys/role.go:535.2,536.16 2 1
gin-artweb/internal/service/sys/role.go:536.16,544.3 2 0
gin-artweb/internal/service/sys/role.go:545.2,545.23 1 1
gin-artweb/internal/service/sys/role.go:550.9,560.16 5 3
gin-artweb/internal/service/sys/role.go:560.16,568.3 2 1
gin-artweb/internal/service/sys/role.go:570.2,571.20 2 2
gin-artweb/internal/service/sys/role.go:571.20,577.3 2 0
gin-artweb/internal/service/sys/role.go:579.2,580.20 2 2
gin-artweb/internal/service/sys/role.go:580.20,581.63 1 17
gin-artweb/internal/service/sys/role.go:581.63,588.4 2 0
gin-artweb/internal/service/sys/role.go:592.2,602.19 3 2
gin-artweb/internal/service/sys/role.go:602.19,604.3 1 0
gin-artweb/internal/service/sys/role.go:605.2,605.12 1 2
gin-artweb/internal/service/sys/role.go:611.44,613.22 2 3
gin-artweb/internal/service/sys/role.go:613.22,615.3 1 1
gin-artweb/internal/service/sys/role.go:616.2,619.17 3 2
gin-artweb/internal/service/sys/role.go:619.17,627.3 2 0
gin-artweb/internal/service/sys/role.go:629.2,631.31 3 2
gin-artweb/internal/service/sys/role.go:631.31,633.27 2 3
gin-artweb/internal/service/sys/role.go:633.27,635.4 1 2
gin-artweb/internal/service/sys/role.go:638.2,639.35 2 2
gin-artweb/internal/service/sys/role.go:639.35,641.3 1 1
gin-artweb/internal/service/sys/role.go:643.2,644.32 2 2
gin-artweb/internal/service/sys/role.go:644.32,646.17 2 2
gin-artweb/internal/service/sys/role.go:646.17,654.4 2 0
gin-artweb/internal/service/sys/role.go:655.3,655.31 1 2
gin-artweb/internal/service/sys/role.go:658.2,658.20 1 2
gin-artweb/internal/service/sys/role.go:665.43,667.26 2 3
gin-artweb/internal/service/sys/role.go:667.26,668.53 1 5
gin-artweb/internal/service/sys/role.go:668.53,670.4 1 1
gin-artweb/internal/service/sys/role.go:672.2,673.33 2 3
gin-artweb/internal/service/sys/role.go:673.33,675.17 2 1
gin-artweb/internal/service/sys/role.go:675.17,677.4 1 0
gin-artweb/internal/service/sys/role.go:678.3,678.46 1 1
gin-artweb/internal/service/sys/role.go:680.2,681.28 2 3
gin-artweb/internal/service/sys/role.go:681.28,682.28 1 2
gin-artweb/internal/service/sys/role.go:682.28,684.4 1 1
gin-artweb/internal/service/sys/role.go:686.2,690.8 1 3
gin-artweb/internal/service/sys/user.go:44.16,54.2 1 1
gin-artweb/internal/service/sys/user.go:59.40,61.22 2 12
gin-artweb/internal/service/sys/user.go:61.22,63.3 1 1
gin-artweb/internal/service/sys/user.go:64.2,67.16 3 11
gin-artweb/internal/service/sys/user.go:67.16,75.3 2 0
gin-artweb/internal/service/sys/user.go:76.2,76.15 1 11
gin-artweb/internal/service/sys/user.go:82.40,84.22 2 11
gin-artweb/internal/service/sys/user.go:84.22,86.3 1 1
gin-artweb/internal/service/sys/user.go:87.2,95.65 3 10
gin-artweb/internal/service/sys/user.go:95.65,102.3 2 0
gin-artweb/internal/service/sys/user.go:104.2,107.68 2 10
gin-artweb/internal/service/sys/user.go:107.68,114.3 2 0
gin-artweb/internal/service/sys/user.go:114.8,116.3 1 10
gin-artweb/internal/service/sys/user.go:119.2,120.17 2 10
gin-artweb/internal/service/sys/user.go:120.17,128.3 2 0
gin-artweb/internal/service/sys/user.go:129.2,131.56 2 10
gin-artweb/internal/service/sys/user.go:131.56,139.3 2 0
gin-artweb/internal/service/sys/user.go:141.2,146.16 2 10
gin-artweb/internal/service/sys/user.go:153.17,155.22 2 2
gin-artweb/internal/service/sys/user.go:155.22,157.3 1 1
gin-artweb/internal/service/sys/user.go:158.2,167.82 4 1
gin-artweb/internal/service/sys/user.go:167.82,176.3 2 0
gin-artweb/internal/service/sys/user.go:178.2,183.12 2 1
gin-artweb/internal/service/sys/user.go:189.17,191.22 2 2
gin-artweb/internal/service/sys/user.go:191.22,193.3 1 1
gin-artweb/internal/service/sys/user.go:194.2,201.60 3 1
gin-artweb/internal/service/sys/user.go:201.60,209.3 2 0
gin-artweb/internal/service/sys/user.go:211.2,216.12 2 1
gin-artweb/internal/service/sys/user.go:223.40,225.22 2 6
gin-artweb/internal/service/sys/user.go:225.22,227.3 1 1
gin-artweb/internal/service/sys/user.go:228.2,231.16 3 5
gin-artweb/internal/service/sys/user.go:231.16,240.3 2 1
gin-artweb/internal/service/sys/user.go:242.2,246.15 2 4
gin-artweb/internal/service/sys/user.go:253.40,255.22 2 6
gin-artweb/internal/service/sys/user.go:255.22,257.3 1 1
gin-artweb/internal/service/sys/user.go:258.2,261.16 3 5
gin-artweb/internal/service/sys/user.go:261.16,270.3 2 0
gin-artweb/internal/service/sys/user.go:272.2,276.15 2 5
gin-artweb/internal/service/sys/user.go:283.48,285.22 2 2
gin-artweb/internal/service/sys/user.go:285.22,287.3 1 1
gin-artweb/internal/service/sys/user.go:288.2,307.16 6 1
gin-artweb/internal/service/sys/user.go:307.16,315.3 2 0
gin-artweb/internal/service/sys/user.go:317.2,317.16 1 1
gin-artweb/internal/service/sys/user.go:317.16,323.3 2 0
gin-artweb/internal/service/sys/user.go:325.2,326.16 2 1
gin-artweb/internal/service/sys/user.go:326.16,334.3 2 0
gin-artweb/internal/service/sys/user.go:335.2,335.23 1 1
gin-artweb/internal/service/sys/user.go:342.55,344.22 2 2
gin-artweb/internal/service/sys/user.go:344.22,346.3 1 1
gin-artweb/internal/service/sys/user.go:347.2,366.16 6 1
gin-artweb/internal/service/sys/user.go:366.16,374.3 2 0
gin-artweb/internal/service/sys/user.go:376.2,376.16 1 1
gin-artweb/internal/service/sys/user.go:376.16,382.3 2 0
gin-artweb/internal/service/sys/user.go:384.2,385.16 2 1
gin-artweb/internal/service/sys/user.go:385.16,393.3 2 0
gin-artweb/internal/service/sys/user.go:394.2,394.23 1 1
gin-artweb/internal/service/sys/user.go:401.35,403.22 2 5
gin-artweb/internal/service/sys/user.go:403.22,405.3 1 1
gin-artweb/internal/service/sys/user.go:406.2,416.16 4 4
gin-artweb/internal/service/sys/user.go:416.16,425.3 2 0
gin-artweb/internal/service/sys/user.go:427.2,427.14 1 4
gin-artweb/internal/service/sys/user.go:427.14,435.3 2 0
gin-artweb/internal/service/sys/user.go:437.2,445.15 2 4
gin-artweb/internal/service/sys/user.go:445.15,446.63 1 4
gin-artweb/internal/service/sys/user.go:446.63,453.4 1 0
gin-artweb/internal/service/sys/user.go:454.3,454.17 1 4
gin-artweb/internal/service/sys/user.go:454.17,456.4 1 3
gin-artweb/internal/service/sys/user.go:456.9,457.15 1 1
gin-artweb/internal/service/sys/user.go:457.15,459.5 1 1
gin-artweb/internal/service/sys/user.go:461.3,461.77 1 4
gin-artweb/internal/service/sys/user.go:461.77,468.4 1 0
gin-artweb/internal/service/sys/user.go:471.2,472.17 2 4
gin-artweb/internal/service/sys/user.go:472.17,483.3 2 0
gin-artweb/internal/service/sys/user.go:486.2,486.17 1 4
gin-artweb/internal/service/sys/user.go:486.17,495.3 2 0
gin-artweb/internal/service/sys/user.go:497.2,497.73 1 4
gin-artweb/internal/service/sys/user.go:497.73,508.3 2 1
gin-artweb/internal/service/sys/user.go:511.2,526.16 5 3
gin-artweb/internal/service/sys/user.go:526.16,535.3 2 0
gin-artweb/internal/service/sys/user.go:537.2,538.16 2 3
gin-artweb/internal/service/sys/user.go:538.16,547.3 2 0
gin-artweb/internal/service/sys/user.go:548.2,548.39 1 3
gin-artweb/internal/service/sys/user.go:554.17,556.16 2 8
gin-artweb/internal/service/sys/user.go:556.16,558.3 1 0
gin-artweb/internal/service/sys/user.go:560.2,560.15 1 8
gin-artweb/internal/service/sys/user.go:560.15,562.3 1 3
gin-artweb/internal/service/sys/user.go:564.2,564.12 1 5
gin-artweb/internal/service/sys/user.go:570.27,572.16 2 12
gin-artweb/internal/service/sys/user.go:572.16,574.3 1 0
gin-artweb/internal/service/sys/user.go:575.2,575.28 1 12
gin-artweb/internal/service/sys/user.go:580.17,582.39 2 14
gin-artweb/internal/service/sys/user.go:582.39,584.3 1 2
gin-artweb/internal/service/sys/user.go:585.2,585.12 1 12
gin-artweb/internal/service/sys/user.go:592.17,594.22 2 2
gin-artweb/internal/service/sys/user.go:594.22,596.3 1 0
gin-artweb/internal/service/sys/user.go:597.2,604.61 3 2
gin-artweb/internal/service/sys/user.go:604.61,611.3 2 1
gin-artweb/internal/service/sys/user.go:614.2,615.16 2 1
gin-artweb/internal/service/sys/user.go:615.16,622.3 2 0
gin-artweb/internal/service/sys/user.go:625.2,625.114 1 1
gin-artweb/internal/service/sys/user.go:625.114,632.3 2 0
gin-artweb/internal/service/sys/user.go:634.2,639.12 2 1
gin-artweb/internal/service/sys/user.go:647.17,649.22 2 3
gin-artweb/internal/service/sys/user.go:649.22,651.3 1 1
gin-artweb/internal/service/sys/user.go:652.2,656.16 3 2
gin-artweb/internal/service/sys/user.go:656.16,664.3 2 0
gin-artweb/internal/service/sys/user.go:666.2,666.70 1 2
gin-artweb/internal/service/sys/user.go:666.70,674.3 2 1
gin-artweb/internal/service/sys/user.go:676.2,676.65 1 1
gin-artweb/internal/service/sys/user.go:676.65,684.3 2 0
gin-artweb/internal/service/sys/user.go:686.2,686.12 1 1
gin-artweb/internal/service/sys/user.go:692.35,694.22 2 3
gin-artweb/internal/service/sys/user.go:694.22,696.3 1 1
gin-artweb/internal/service/sys/user.go:697.2,700.17 3 2
gin-artweb/internal/service/sys/user.go:700.17,707.3 2 1
gin-artweb/internal/service/sys/user.go:708.2,709.16 2 1
gin-artweb/internal/service/sys/user.go:709.16,716.3 2 0
gin-artweb/internal/service/sys/user.go:717.2,718.16 2 1
gin-artweb/internal/service/sys/user.go:718.16,725.3 2 0
gin-artweb/internal/service/sys/user.go:726.2,726.39 1 1
